{
	"/root/lisk-dex-core/src/app/modules.ts": {
		"path": "/root/lisk-dex-core/src/app/modules.ts",
		"statementMap": {
			"0": { "start": { "line": 1, "column": 0 }, "end": { "line": 1, "column": 9 } },
			"1": { "start": { "line": 1, "column": 9 }, "end": { "line": 1, "column": 49 } },
			"2": { "start": { "line": 2, "column": 0 }, "end": { "line": 2, "column": 9 } },
			"3": { "start": { "line": 2, "column": 9 }, "end": { "line": 2, "column": 69 } }
		},
		"fnMap": {
			"0": {
				"name": "(anonymous_0)",
				"decl": { "start": { "line": 1, "column": 9 }, "end": { "line": 1, "column": 18 } },
				"loc": { "start": { "line": 1, "column": 9 }, "end": { "line": 1, "column": 49 } }
			},
			"1": {
				"name": "(anonymous_1)",
				"decl": { "start": { "line": 2, "column": 9 }, "end": { "line": 2, "column": 28 } },
				"loc": { "start": { "line": 2, "column": 9 }, "end": { "line": 2, "column": 69 } }
			}
		},
		"branchMap": {},
		"s": { "0": 8, "1": 30025, "2": 8, "3": 8 },
		"f": { "0": 30017, "1": 0 },
		"b": {}
	},
	"/root/lisk-dex-core/src/app/modules/dex/constants.ts": {
		"path": "/root/lisk-dex-core/src/app/modules/dex/constants.ts",
		"statementMap": {
			"0": { "start": { "line": 15, "column": 0 }, "end": { "line": 15, "column": 36 } },
			"1": { "start": { "line": 16, "column": 0 }, "end": { "line": 16, "column": 35 } },
			"2": { "start": { "line": 19, "column": 13 }, "end": { "line": 19, "column": 36 } },
			"3": { "start": { "line": 20, "column": 13 }, "end": { "line": 20, "column": 36 } },
			"4": { "start": { "line": 21, "column": 13 }, "end": { "line": 21, "column": 38 } },
			"5": { "start": { "line": 22, "column": 13 }, "end": { "line": 22, "column": 58 } },
			"6": { "start": { "line": 25, "column": 13 }, "end": { "line": 25, "column": 52 } },
			"7": { "start": { "line": 26, "column": 13 }, "end": { "line": 26, "column": 56 } },
			"8": { "start": { "line": 27, "column": 13 }, "end": { "line": 27, "column": 37 } },
			"9": { "start": { "line": 28, "column": 13 }, "end": { "line": 28, "column": 61 } },
			"10": { "start": { "line": 29, "column": 13 }, "end": { "line": 29, "column": 36 } },
			"11": { "start": { "line": 30, "column": 13 }, "end": { "line": 30, "column": 36 } },
			"12": { "start": { "line": 31, "column": 13 }, "end": { "line": 31, "column": 40 } },
			"13": { "start": { "line": 32, "column": 13 }, "end": { "line": 32, "column": 44 } },
			"14": { "start": { "line": 33, "column": 13 }, "end": { "line": 33, "column": 31 } },
			"15": { "start": { "line": 34, "column": 13 }, "end": { "line": 34, "column": 52 } },
			"16": { "start": { "line": 35, "column": 13 }, "end": { "line": 35, "column": 59 } },
			"17": { "start": { "line": 36, "column": 13 }, "end": { "line": 36, "column": 52 } },
			"18": { "start": { "line": 37, "column": 13 }, "end": { "line": 37, "column": 53 } },
			"19": { "start": { "line": 40, "column": 13 }, "end": { "line": 40, "column": 64 } },
			"20": { "start": { "line": 41, "column": 13 }, "end": { "line": 41, "column": 36 } },
			"21": { "start": { "line": 44, "column": 13 }, "end": { "line": 44, "column": 60 } },
			"22": { "start": { "line": 45, "column": 13 }, "end": { "line": 45, "column": 66 } },
			"23": { "start": { "line": 46, "column": 13 }, "end": { "line": 46, "column": 64 } },
			"24": { "start": { "line": 47, "column": 13 }, "end": { "line": 47, "column": 64 } },
			"25": { "start": { "line": 50, "column": 13 }, "end": { "line": 50, "column": 70 } },
			"26": { "start": { "line": 51, "column": 13 }, "end": { "line": 51, "column": 71 } },
			"27": { "start": { "line": 52, "column": 13 }, "end": { "line": 52, "column": 75 } },
			"28": { "start": { "line": 53, "column": 13 }, "end": { "line": 53, "column": 65 } },
			"29": { "start": { "line": 54, "column": 13 }, "end": { "line": 54, "column": 53 } },
			"30": { "start": { "line": 55, "column": 13 }, "end": { "line": 55, "column": 69 } },
			"31": { "start": { "line": 56, "column": 13 }, "end": { "line": 56, "column": 67 } },
			"32": { "start": { "line": 57, "column": 13 }, "end": { "line": 57, "column": 70 } },
			"33": { "start": { "line": 58, "column": 13 }, "end": { "line": 58, "column": 66 } },
			"34": { "start": { "line": 61, "column": 13 }, "end": { "line": 61, "column": 32 } },
			"35": { "start": { "line": 62, "column": 13 }, "end": { "line": 62, "column": 31 } },
			"36": { "start": { "line": 63, "column": 13 }, "end": { "line": 63, "column": 31 } },
			"37": { "start": { "line": 64, "column": 13 }, "end": { "line": 64, "column": 49 } },
			"38": { "start": { "line": 65, "column": 13 }, "end": { "line": 65, "column": 90 } },
			"39": { "start": { "line": 66, "column": 13 }, "end": { "line": 87, "column": 2 } },
			"40": { "start": { "line": 89, "column": 13 }, "end": { "line": 89, "column": 39 } },
			"41": { "start": { "line": 90, "column": 13 }, "end": { "line": 90, "column": 55 } },
			"42": { "start": { "line": 91, "column": 13 }, "end": { "line": 91, "column": 53 } },
			"43": { "start": { "line": 92, "column": 13 }, "end": { "line": 92, "column": 43 } },
			"44": { "start": { "line": 93, "column": 13 }, "end": { "line": 93, "column": 50 } },
			"45": { "start": { "line": 94, "column": 13 }, "end": { "line": 94, "column": 63 } },
			"46": { "start": { "line": 95, "column": 13 }, "end": { "line": 95, "column": 56 } },
			"47": { "start": { "line": 96, "column": 13 }, "end": { "line": 96, "column": 51 } },
			"48": { "start": { "line": 97, "column": 13 }, "end": { "line": 97, "column": 50 } },
			"49": { "start": { "line": 98, "column": 13 }, "end": { "line": 98, "column": 63 } },
			"50": { "start": { "line": 99, "column": 13 }, "end": { "line": 99, "column": 67 } },
			"51": { "start": { "line": 100, "column": 13 }, "end": { "line": 100, "column": 74 } },
			"52": { "start": { "line": 102, "column": 13 }, "end": { "line": 102, "column": 75 } },
			"53": { "start": { "line": 105, "column": 13 }, "end": { "line": 105, "column": 39 } },
			"54": { "start": { "line": 106, "column": 13 }, "end": { "line": 106, "column": 41 } },
			"55": { "start": { "line": 108, "column": 13 }, "end": { "line": 108, "column": 36 } },
			"56": { "start": { "line": 109, "column": 13 }, "end": { "line": 109, "column": 44 } },
			"57": { "start": { "line": 111, "column": 13 }, "end": { "line": 111, "column": 37 } },
			"58": { "start": { "line": 112, "column": 13 }, "end": { "line": 112, "column": 41 } },
			"59": { "start": { "line": 113, "column": 13 }, "end": { "line": 113, "column": 33 } },
			"60": { "start": { "line": 114, "column": 13 }, "end": { "line": 114, "column": 67 } },
			"61": { "start": { "line": 115, "column": 13 }, "end": { "line": 115, "column": 63 } },
			"62": { "start": { "line": 117, "column": 22 }, "end": { "line": 120, "column": 1 } },
			"63": { "start": { "line": 118, "column": 20 }, "end": { "line": 118, "column": 51 } },
			"64": { "start": { "line": 119, "column": 1 }, "end": { "line": 119, "column": 57 } },
			"65": { "start": { "line": 117, "column": 13 }, "end": { "line": 117, "column": 22 } },
			"66": { "start": { "line": 122, "column": 13 }, "end": { "line": 125, "column": 2 } },
			"67": { "start": { "line": 126, "column": 13 }, "end": { "line": 126, "column": 44 } },
			"68": { "start": { "line": 127, "column": 13 }, "end": { "line": 127, "column": 40 } },
			"69": { "start": { "line": 128, "column": 13 }, "end": { "line": 128, "column": 33 } },
			"70": { "start": { "line": 131, "column": 13 }, "end": { "line": 131, "column": 55 } },
			"71": { "start": { "line": 132, "column": 13 }, "end": { "line": 132, "column": 49 } },
			"72": { "start": { "line": 133, "column": 13 }, "end": { "line": 133, "column": 44 } },
			"73": { "start": { "line": 134, "column": 13 }, "end": { "line": 134, "column": 29 } },
			"74": { "start": { "line": 135, "column": 13 }, "end": { "line": 135, "column": 38 } },
			"75": { "start": { "line": 136, "column": 13 }, "end": { "line": 136, "column": 37 } },
			"76": { "start": { "line": 139, "column": 13 }, "end": { "line": 139, "column": 45 } },
			"77": { "start": { "line": 140, "column": 13 }, "end": { "line": 140, "column": 48 } },
			"78": { "start": { "line": 141, "column": 13 }, "end": { "line": 141, "column": 41 } },
			"79": { "start": { "line": 142, "column": 13 }, "end": { "line": 142, "column": 58 } },
			"80": { "start": { "line": 143, "column": 13 }, "end": { "line": 143, "column": 46 } },
			"81": { "start": { "line": 145, "column": 13 }, "end": { "line": 152, "column": 2 } },
			"82": { "start": { "line": 155, "column": 13 }, "end": { "line": 157, "column": 30 } },
			"83": { "start": { "line": 158, "column": 13 }, "end": { "line": 158, "column": 42 } },
			"84": { "start": { "line": 161, "column": 0 }, "end": { "line": 161, "column": null } },
			"85": { "start": { "line": 162, "column": 1 }, "end": { "line": 162, "column": null } },
			"86": { "start": { "line": 163, "column": 1 }, "end": { "line": 163, "column": null } },
			"87": { "start": { "line": 164, "column": 1 }, "end": { "line": 164, "column": null } },
			"88": { "start": { "line": 165, "column": 1 }, "end": { "line": 165, "column": null } }
		},
		"fnMap": {
			"0": {
				"name": "(anonymous_0)",
				"decl": { "start": { "line": 117, "column": 22 }, "end": { "line": 117, "column": 23 } },
				"loc": { "start": { "line": 117, "column": 40 }, "end": { "line": 120, "column": 1 } }
			},
			"1": {
				"name": "(anonymous_1)",
				"decl": { "start": { "line": 161, "column": 0 }, "end": { "line": 161, "column": 12 } },
				"loc": { "start": { "line": 161, "column": 29 }, "end": { "line": 166, "column": 1 } }
			}
		},
		"branchMap": {
			"0": {
				"loc": { "start": { "line": 161, "column": 12 }, "end": { "line": 161, "column": null } },
				"type": "binary-expr",
				"locations": [
					{ "start": { "line": 161, "column": 12 }, "end": { "line": 161, "column": 29 } },
					{ "start": { "line": 161, "column": 12 }, "end": { "line": 161, "column": null } }
				]
			}
		},
		"s": {
			"0": 19,
			"1": 19,
			"2": 19,
			"3": 19,
			"4": 19,
			"5": 19,
			"6": 19,
			"7": 19,
			"8": 19,
			"9": 19,
			"10": 19,
			"11": 19,
			"12": 19,
			"13": 19,
			"14": 19,
			"15": 19,
			"16": 19,
			"17": 19,
			"18": 19,
			"19": 19,
			"20": 19,
			"21": 19,
			"22": 19,
			"23": 19,
			"24": 19,
			"25": 19,
			"26": 19,
			"27": 19,
			"28": 19,
			"29": 19,
			"30": 19,
			"31": 19,
			"32": 19,
			"33": 19,
			"34": 19,
			"35": 19,
			"36": 19,
			"37": 19,
			"38": 19,
			"39": 19,
			"40": 19,
			"41": 19,
			"42": 19,
			"43": 19,
			"44": 19,
			"45": 19,
			"46": 19,
			"47": 19,
			"48": 19,
			"49": 19,
			"50": 19,
			"51": 19,
			"52": 19,
			"53": 19,
			"54": 19,
			"55": 19,
			"56": 19,
			"57": 19,
			"58": 19,
			"59": 19,
			"60": 19,
			"61": 19,
			"62": 19,
			"63": 38,
			"64": 38,
			"65": 19,
			"66": 19,
			"67": 19,
			"68": 19,
			"69": 19,
			"70": 19,
			"71": 19,
			"72": 19,
			"73": 19,
			"74": 19,
			"75": 19,
			"76": 19,
			"77": 19,
			"78": 19,
			"79": 19,
			"80": 19,
			"81": 19,
			"82": 19,
			"83": 19,
			"84": 19,
			"85": 19,
			"86": 19,
			"87": 19,
			"88": 19
		},
		"f": { "0": 38, "1": 19 },
		"b": { "0": [19, 19] }
	},
	"/root/lisk-dex-core/src/app/modules/dex/endpoint.ts": {
		"path": "/root/lisk-dex-core/src/app/modules/dex/endpoint.ts",
		"statementMap": {
			"0": { "start": { "line": 16, "column": 0 }, "end": { "line": 16, "column": 76 } },
			"1": { "start": { "line": 18, "column": 0 }, "end": { "line": 18, "column": null } },
			"2": { "start": { "line": 26, "column": 0 }, "end": { "line": 26, "column": 38 } },
			"3": { "start": { "line": 29, "column": 0 }, "end": { "line": 29, "column": null } },
			"4": { "start": { "line": 38, "column": 0 }, "end": { "line": 38, "column": 87 } },
			"5": { "start": { "line": 39, "column": 0 }, "end": { "line": 39, "column": 77 } },
			"6": { "start": { "line": 40, "column": 0 }, "end": { "line": 40, "column": 77 } },
			"7": { "start": { "line": 41, "column": 0 }, "end": { "line": 41, "column": 93 } },
			"8": { "start": { "line": 42, "column": 0 }, "end": { "line": 42, "column": 48 } },
			"9": { "start": { "line": 43, "column": 0 }, "end": { "line": 43, "column": 72 } },
			"10": { "start": { "line": 47, "column": 20 }, "end": { "line": 47, "column": 47 } },
			"11": { "start": { "line": 48, "column": 16 }, "end": { "line": 48, "column": 53 } },
			"12": { "start": { "line": 49, "column": 28 }, "end": { "line": 49, "column": 30 } },
			"13": { "start": { "line": 50, "column": 2 }, "end": { "line": 54, "column": null } },
			"14": { "start": { "line": 51, "column": 3 }, "end": { "line": 53, "column": 6 } },
			"15": { "start": { "line": 52, "column": 4 }, "end": { "line": 52, "column": 29 } },
			"16": { "start": { "line": 55, "column": 2 }, "end": { "line": 55, "column": 17 } },
			"17": { "start": { "line": 59, "column": 17 }, "end": { "line": 59, "column": 35 } },
			"18": { "start": { "line": 60, "column": 21 }, "end": { "line": 60, "column": 60 } },
			"19": { "start": { "line": 61, "column": 2 }, "end": { "line": 66, "column": null } },
			"20": { "start": { "line": 62, "column": 3 }, "end": { "line": 65, "column": 6 } },
			"21": { "start": { "line": 63, "column": 4 }, "end": { "line": 63, "column": 36 } },
			"22": { "start": { "line": 64, "column": 4 }, "end": { "line": 64, "column": 36 } },
			"23": { "start": { "line": 67, "column": 2 }, "end": { "line": 67, "column": 16 } },
			"24": { "start": { "line": 71, "column": 27 }, "end": { "line": 71, "column": 29 } },
			"25": { "start": { "line": 72, "column": 2 }, "end": { "line": 76, "column": 5 } },
			"26": { "start": { "line": 73, "column": 3 }, "end": { "line": 75, "column": null } },
			"27": { "start": { "line": 74, "column": 4 }, "end": { "line": 74, "column": 28 } },
			"28": { "start": { "line": 77, "column": 2 }, "end": { "line": 77, "column": 16 } },
			"29": { "start": { "line": 84, "column": 21 }, "end": { "line": 84, "column": 48 } },
			"30": { "start": { "line": 85, "column": 14 }, "end": { "line": 85, "column": 62 } },
			"31": { "start": { "line": 86, "column": 2 }, "end": { "line": 86, "column": 13 } },
			"32": { "start": { "line": 94, "column": 16 }, "end": { "line": 94, "column": 57 } },
			"33": { "start": { "line": 95, "column": 2 }, "end": { "line": 97, "column": null } },
			"34": { "start": { "line": 96, "column": 3 }, "end": { "line": 96, "column": 21 } },
			"35": { "start": { "line": 98, "column": 23 }, "end": { "line": 98, "column": 50 } },
			"36": { "start": { "line": 99, "column": 2 }, "end": { "line": 101, "column": null } },
			"37": { "start": { "line": 100, "column": 3 }, "end": { "line": 100, "column": 23 } },
			"38": { "start": { "line": 102, "column": 2 }, "end": { "line": 102, "column": 30 } },
			"39": { "start": { "line": 106, "column": 25 }, "end": { "line": 106, "column": 56 } },
			"40": { "start": { "line": 107, "column": 2 }, "end": { "line": 107, "column": 60 } },
			"41": { "start": { "line": 115, "column": 2 }, "end": { "line": 117, "column": null } },
			"42": { "start": { "line": 116, "column": 3 }, "end": { "line": 116, "column": 21 } },
			"43": { "start": { "line": 118, "column": 25 }, "end": { "line": 118, "column": 56 } },
			"44": { "start": { "line": 119, "column": 28 }, "end": { "line": 119, "column": 79 } },
			"45": { "start": { "line": 120, "column": 2 }, "end": { "line": 120, "column": 27 } },
			"46": { "start": { "line": 127, "column": 26 }, "end": { "line": 127, "column": 58 } },
			"47": { "start": { "line": 128, "column": 30 }, "end": { "line": 128, "column": 81 } },
			"48": { "start": { "line": 129, "column": 2 }, "end": { "line": 133, "column": null } },
			"49": { "start": { "line": 130, "column": 3 }, "end": { "line": 130, "column": 56 } },
			"50": { "start": { "line": 132, "column": 3 }, "end": { "line": 132, "column": 30 } },
			"51": { "start": { "line": 141, "column": 26 }, "end": { "line": 141, "column": 58 } },
			"52": { "start": { "line": 142, "column": 14 }, "end": { "line": 142, "column": 79 } },
			"53": { "start": { "line": 143, "column": 30 }, "end": { "line": 143, "column": 95 } },
			"54": { "start": { "line": 144, "column": 2 }, "end": { "line": 148, "column": null } },
			"55": { "start": { "line": 145, "column": 3 }, "end": { "line": 145, "column": 70 } },
			"56": { "start": { "line": 147, "column": 3 }, "end": { "line": 147, "column": 30 } },
			"57": { "start": { "line": 156, "column": 18 }, "end": { "line": 156, "column": 41 } },
			"58": { "start": { "line": 157, "column": 18 }, "end": { "line": 157, "column": 37 } },
			"59": { "start": { "line": 158, "column": 2 }, "end": { "line": 158, "column": 96 } },
			"60": { "start": { "line": 166, "column": 18 }, "end": { "line": 166, "column": 41 } },
			"61": { "start": { "line": 167, "column": 18 }, "end": { "line": 167, "column": 37 } },
			"62": { "start": { "line": 168, "column": 2 }, "end": { "line": 168, "column": 96 } },
			"63": { "start": { "line": 172, "column": 26 }, "end": { "line": 172, "column": 42 } },
			"64": { "start": { "line": 173, "column": 29 }, "end": { "line": 173, "column": 52 } },
			"65": { "start": { "line": 175, "column": 2 }, "end": { "line": 175, "column": 33 } },
			"66": { "start": { "line": 179, "column": 2 }, "end": { "line": 179, "column": 44 } },
			"67": { "start": { "line": 183, "column": 26 }, "end": { "line": 183, "column": 94 } },
			"68": { "start": { "line": 184, "column": 29 }, "end": { "line": 184, "column": 52 } },
			"69": { "start": { "line": 185, "column": 2 }, "end": { "line": 185, "column": 33 } },
			"70": { "start": { "line": 193, "column": 15 }, "end": { "line": 193, "column": 56 } },
			"71": { "start": { "line": 194, "column": 23 }, "end": { "line": 194, "column": 85 } },
			"72": { "start": { "line": 195, "column": 23 }, "end": { "line": 195, "column": 85 } },
			"73": { "start": { "line": 196, "column": 19 }, "end": { "line": 196, "column": 38 } },
			"74": { "start": { "line": 197, "column": 19 }, "end": { "line": 197, "column": 38 } },
			"75": { "start": { "line": 199, "column": 2 }, "end": { "line": 208, "column": null } },
			"76": { "start": { "line": 200, "column": 26 }, "end": { "line": 202, "column": null } },
			"77": { "start": { "line": 204, "column": 3 }, "end": { "line": 207, "column": 5 } },
			"78": { "start": { "line": 209, "column": 2 }, "end": { "line": 218, "column": null } },
			"79": { "start": { "line": 210, "column": 26 }, "end": { "line": 212, "column": null } },
			"80": { "start": { "line": 214, "column": 3 }, "end": { "line": 217, "column": 5 } },
			"81": { "start": { "line": 220, "column": 20 }, "end": { "line": 222, "column": null } },
			"82": { "start": { "line": 224, "column": 20 }, "end": { "line": 226, "column": null } },
			"83": { "start": { "line": 228, "column": 2 }, "end": { "line": 228, "column": 52 } },
			"84": { "start": { "line": 236, "column": 19 }, "end": { "line": 236, "column": 95 } },
			"85": { "start": { "line": 237, "column": 14 }, "end": { "line": 237, "column": 23 } },
			"86": { "start": { "line": 239, "column": 2 }, "end": { "line": 241, "column": null } },
			"87": { "start": { "line": 240, "column": 3 }, "end": { "line": 240, "column": 97 } },
			"88": { "start": { "line": 242, "column": 2 }, "end": { "line": 244, "column": null } },
			"89": { "start": { "line": 243, "column": 3 }, "end": { "line": 243, "column": 68 } },
			"90": { "start": { "line": 246, "column": 16 }, "end": { "line": 246, "column": 29 } },
			"91": { "start": { "line": 248, "column": 2 }, "end": { "line": 267, "column": null } },
			"92": { "start": { "line": 249, "column": 31 }, "end": { "line": 254, "column": null } },
			"93": { "start": { "line": 257, "column": 25 }, "end": { "line": 257, "column": 38 } },
			"94": { "start": { "line": 259, "column": 32 }, "end": { "line": 259, "column": 52 } },
			"95": { "start": { "line": 261, "column": 3 }, "end": { "line": 265, "column": null } },
			"96": { "start": { "line": 262, "column": 4 }, "end": { "line": 262, "column": 51 } },
			"97": { "start": { "line": 263, "column": 10 }, "end": { "line": 265, "column": null } },
			"98": { "start": { "line": 264, "column": 4 }, "end": { "line": 264, "column": 51 } },
			"99": { "start": { "line": 266, "column": 3 }, "end": { "line": 266, "column": 16 } },
			"100": { "start": { "line": 268, "column": 2 }, "end": { "line": 268, "column": 15 } },
			"101": { "start": { "line": 272, "column": 28 }, "end": { "line": 272, "column": 30 } },
			"102": { "start": { "line": 273, "column": 26 }, "end": { "line": 273, "column": 58 } },
			"103": { "start": { "line": 274, "column": 21 }, "end": { "line": 274, "column": 64 } },
			"104": { "start": { "line": 275, "column": 2 }, "end": { "line": 277, "column": 5 } },
			"105": { "start": { "line": 276, "column": 3 }, "end": { "line": 276, "column": 28 } },
			"106": { "start": { "line": 278, "column": 2 }, "end": { "line": 278, "column": 17 } },
			"107": { "start": { "line": 285, "column": 27 }, "end": { "line": 285, "column": 29 } },
			"108": { "start": { "line": 286, "column": 19 }, "end": { "line": 286, "column": 56 } },
			"109": { "start": { "line": 287, "column": 2 }, "end": { "line": 291, "column": 5 } },
			"110": { "start": { "line": 288, "column": 3 }, "end": { "line": 290, "column": null } },
			"111": { "start": { "line": 289, "column": 4 }, "end": { "line": 289, "column": 24 } },
			"112": { "start": { "line": 292, "column": 2 }, "end": { "line": 292, "column": 16 } },
			"113": { "start": { "line": 45, "column": 0 }, "end": { "line": 45, "column": 13 } }
		},
		"fnMap": {
			"0": {
				"name": "(anonymous_0)",
				"decl": { "start": { "line": 46, "column": 8 }, "end": { "line": 46, "column": 13 } },
				"loc": { "start": { "line": 46, "column": 41 }, "end": { "line": 56, "column": 2 } }
			},
			"1": {
				"name": "(anonymous_1)",
				"decl": { "start": { "line": 51, "column": 17 }, "end": { "line": 51, "column": 23 } },
				"loc": { "start": { "line": 51, "column": 26 }, "end": { "line": 53, "column": 4 } }
			},
			"2": {
				"name": "(anonymous_2)",
				"decl": { "start": { "line": 58, "column": 8 }, "end": { "line": 58, "column": 13 } },
				"loc": { "start": { "line": 58, "column": 65 }, "end": { "line": 68, "column": 2 } }
			},
			"3": {
				"name": "(anonymous_3)",
				"decl": { "start": { "line": 62, "column": 22 }, "end": { "line": 62, "column": 28 } },
				"loc": { "start": { "line": 62, "column": 31 }, "end": { "line": 65, "column": 4 } }
			},
			"4": {
				"name": "(anonymous_4)",
				"decl": { "start": { "line": 70, "column": 8 }, "end": { "line": 70, "column": 31 } },
				"loc": { "start": { "line": 70, "column": 77 }, "end": { "line": 78, "column": 2 } }
			},
			"5": {
				"name": "(anonymous_5)",
				"decl": { "start": { "line": 72, "column": 26 }, "end": { "line": 72, "column": 36 } },
				"loc": { "start": { "line": 72, "column": 39 }, "end": { "line": 76, "column": 3 } }
			},
			"6": {
				"name": "(anonymous_6)",
				"decl": { "start": { "line": 80, "column": 8 }, "end": { "line": 80, "column": 13 } },
				"loc": { "start": { "line": 82, "column": 16 }, "end": { "line": 87, "column": 2 } }
			},
			"7": {
				"name": "(anonymous_7)",
				"decl": { "start": { "line": 89, "column": 8 }, "end": { "line": 89, "column": 13 } },
				"loc": { "start": { "line": 92, "column": 25 }, "end": { "line": 103, "column": 2 } }
			},
			"8": {
				"name": "(anonymous_8)",
				"decl": { "start": { "line": 105, "column": 8 }, "end": { "line": 105, "column": 13 } },
				"loc": { "start": { "line": 105, "column": 67 }, "end": { "line": 108, "column": 2 } }
			},
			"9": {
				"name": "(anonymous_9)",
				"decl": { "start": { "line": 110, "column": 8 }, "end": { "line": 110, "column": 13 } },
				"loc": { "start": { "line": 113, "column": 31 }, "end": { "line": 121, "column": 2 } }
			},
			"10": {
				"name": "(anonymous_10)",
				"decl": { "start": { "line": 123, "column": 8 }, "end": { "line": 123, "column": 13 } },
				"loc": { "start": { "line": 125, "column": 18 }, "end": { "line": 134, "column": 2 } }
			},
			"11": {
				"name": "(anonymous_11)",
				"decl": { "start": { "line": 136, "column": 8 }, "end": { "line": 136, "column": 13 } },
				"loc": { "start": { "line": 139, "column": 19 }, "end": { "line": 149, "column": 2 } }
			},
			"12": {
				"name": "(anonymous_12)",
				"decl": { "start": { "line": 151, "column": 8 }, "end": { "line": 151, "column": 13 } },
				"loc": { "start": { "line": 154, "column": 16 }, "end": { "line": 159, "column": 2 } }
			},
			"13": {
				"name": "(anonymous_13)",
				"decl": { "start": { "line": 161, "column": 8 }, "end": { "line": 161, "column": 13 } },
				"loc": { "start": { "line": 164, "column": 16 }, "end": { "line": 169, "column": 2 } }
			},
			"14": {
				"name": "(anonymous_14)",
				"decl": { "start": { "line": 171, "column": 8 }, "end": { "line": 171, "column": 18 } },
				"loc": { "start": { "line": 171, "column": 33 }, "end": { "line": 176, "column": 2 } }
			},
			"15": {
				"name": "(anonymous_15)",
				"decl": { "start": { "line": 178, "column": 8 }, "end": { "line": 178, "column": 27 } },
				"loc": { "start": { "line": 178, "column": 42 }, "end": { "line": 180, "column": 2 } }
			},
			"16": {
				"name": "(anonymous_16)",
				"decl": { "start": { "line": 182, "column": 8 }, "end": { "line": 182, "column": 24 } },
				"loc": { "start": { "line": 182, "column": 47 }, "end": { "line": 186, "column": 2 } }
			},
			"17": {
				"name": "(anonymous_17)",
				"decl": { "start": { "line": 188, "column": 8 }, "end": { "line": 188, "column": 13 } },
				"loc": { "start": { "line": 191, "column": 16 }, "end": { "line": 229, "column": 2 } }
			},
			"18": {
				"name": "(anonymous_18)",
				"decl": { "start": { "line": 231, "column": 8 }, "end": { "line": 231, "column": 13 } },
				"loc": { "start": { "line": 234, "column": 18 }, "end": { "line": 269, "column": 2 } }
			},
			"19": {
				"name": "(anonymous_19)",
				"decl": { "start": { "line": 271, "column": 8 }, "end": { "line": 271, "column": 13 } },
				"loc": { "start": { "line": 271, "column": 39 }, "end": { "line": 279, "column": 2 } }
			},
			"20": {
				"name": "(anonymous_20)",
				"decl": { "start": { "line": 275, "column": 21 }, "end": { "line": 275, "column": 27 } },
				"loc": { "start": { "line": 275, "column": 30 }, "end": { "line": 277, "column": 3 } }
			},
			"21": {
				"name": "(anonymous_21)",
				"decl": { "start": { "line": 281, "column": 8 }, "end": { "line": 281, "column": 13 } },
				"loc": { "start": { "line": 283, "column": 16 }, "end": { "line": 293, "column": 2 } }
			},
			"22": {
				"name": "(anonymous_22)",
				"decl": { "start": { "line": 287, "column": 19 }, "end": { "line": 287, "column": 25 } },
				"loc": { "start": { "line": 287, "column": 28 }, "end": { "line": 291, "column": 3 } }
			}
		},
		"branchMap": {
			"0": {
				"loc": { "start": { "line": 50, "column": 2 }, "end": { "line": 54, "column": null } },
				"type": "if",
				"locations": [
					{ "start": { "line": 50, "column": 2 }, "end": { "line": 54, "column": null } }
				]
			},
			"1": {
				"loc": { "start": { "line": 50, "column": 6 }, "end": { "line": 50, "column": 19 } },
				"type": "cond-expr",
				"locations": [
					{ "start": { "line": 50, "column": 11 }, "end": { "line": 50, "column": 13 } },
					{ "start": { "line": 50, "column": 6 }, "end": { "line": 50, "column": 19 } }
				]
			},
			"2": {
				"loc": { "start": { "line": 50, "column": 6 }, "end": { "line": 50, "column": 13 } },
				"type": "binary-expr",
				"locations": [
					{ "start": { "line": 50, "column": 6 }, "end": { "line": 50, "column": 13 } },
					{ "start": { "line": 50, "column": 6 }, "end": { "line": 50, "column": 13 } }
				]
			},
			"3": {
				"loc": { "start": { "line": 61, "column": 2 }, "end": { "line": 66, "column": null } },
				"type": "if",
				"locations": [
					{ "start": { "line": 61, "column": 2 }, "end": { "line": 66, "column": null } }
				]
			},
			"4": {
				"loc": { "start": { "line": 61, "column": 6 }, "end": { "line": 61, "column": 49 } },
				"type": "binary-expr",
				"locations": [
					{ "start": { "line": 61, "column": 6 }, "end": { "line": 61, "column": 24 } },
					{ "start": { "line": 61, "column": 28 }, "end": { "line": 61, "column": 49 } }
				]
			},
			"5": {
				"loc": { "start": { "line": 73, "column": 3 }, "end": { "line": 75, "column": null } },
				"type": "if",
				"locations": [
					{ "start": { "line": 73, "column": 3 }, "end": { "line": 75, "column": null } }
				]
			},
			"6": {
				"loc": { "start": { "line": 95, "column": 2 }, "end": { "line": 97, "column": null } },
				"type": "if",
				"locations": [
					{ "start": { "line": 95, "column": 2 }, "end": { "line": 97, "column": null } }
				]
			},
			"7": {
				"loc": { "start": { "line": 99, "column": 2 }, "end": { "line": 101, "column": null } },
				"type": "if",
				"locations": [
					{ "start": { "line": 99, "column": 2 }, "end": { "line": 101, "column": null } }
				]
			},
			"8": {
				"loc": { "start": { "line": 115, "column": 2 }, "end": { "line": 117, "column": null } },
				"type": "if",
				"locations": [
					{ "start": { "line": 115, "column": 2 }, "end": { "line": 117, "column": null } }
				]
			},
			"9": {
				"loc": { "start": { "line": 129, "column": 2 }, "end": { "line": 133, "column": null } },
				"type": "if",
				"locations": [
					{ "start": { "line": 129, "column": 2 }, "end": { "line": 133, "column": null } },
					{ "start": { "line": 131, "column": 9 }, "end": { "line": 133, "column": null } }
				]
			},
			"10": {
				"loc": { "start": { "line": 144, "column": 2 }, "end": { "line": 148, "column": null } },
				"type": "if",
				"locations": [
					{ "start": { "line": 144, "column": 2 }, "end": { "line": 148, "column": null } },
					{ "start": { "line": 146, "column": 9 }, "end": { "line": 148, "column": null } }
				]
			},
			"11": {
				"loc": { "start": { "line": 199, "column": 2 }, "end": { "line": 208, "column": null } },
				"type": "if",
				"locations": [
					{ "start": { "line": 199, "column": 2 }, "end": { "line": 208, "column": null } }
				]
			},
			"12": {
				"loc": { "start": { "line": 209, "column": 2 }, "end": { "line": 218, "column": null } },
				"type": "if",
				"locations": [
					{ "start": { "line": 209, "column": 2 }, "end": { "line": 218, "column": null } }
				]
			},
			"13": {
				"loc": { "start": { "line": 239, "column": 2 }, "end": { "line": 241, "column": null } },
				"type": "if",
				"locations": [
					{ "start": { "line": 239, "column": 2 }, "end": { "line": 241, "column": null } }
				]
			},
			"14": {
				"loc": { "start": { "line": 242, "column": 2 }, "end": { "line": 244, "column": null } },
				"type": "if",
				"locations": [
					{ "start": { "line": 242, "column": 2 }, "end": { "line": 244, "column": null } }
				]
			},
			"15": {
				"loc": { "start": { "line": 261, "column": 3 }, "end": { "line": 265, "column": null } },
				"type": "if",
				"locations": [
					{ "start": { "line": 261, "column": 3 }, "end": { "line": 265, "column": null } },
					{ "start": { "line": 263, "column": 10 }, "end": { "line": 265, "column": null } }
				]
			},
			"16": {
				"loc": { "start": { "line": 261, "column": 7 }, "end": { "line": 261, "column": 54 } },
				"type": "binary-expr",
				"locations": [
					{ "start": { "line": 261, "column": 7 }, "end": { "line": 261, "column": 31 } },
					{ "start": { "line": 261, "column": 35 }, "end": { "line": 261, "column": 54 } }
				]
			},
			"17": {
				"loc": { "start": { "line": 263, "column": 10 }, "end": { "line": 265, "column": null } },
				"type": "if",
				"locations": [
					{ "start": { "line": 263, "column": 10 }, "end": { "line": 265, "column": null } }
				]
			},
			"18": {
				"loc": { "start": { "line": 263, "column": 14 }, "end": { "line": 263, "column": 61 } },
				"type": "binary-expr",
				"locations": [
					{ "start": { "line": 263, "column": 14 }, "end": { "line": 263, "column": 38 } },
					{ "start": { "line": 263, "column": 42 }, "end": { "line": 263, "column": 61 } }
				]
			},
			"19": {
				"loc": { "start": { "line": 288, "column": 3 }, "end": { "line": 290, "column": null } },
				"type": "if",
				"locations": [
					{ "start": { "line": 288, "column": 3 }, "end": { "line": 290, "column": null } }
				]
			}
		},
		"s": {
			"0": 9,
			"1": 9,
			"2": 9,
			"3": 9,
			"4": 9,
			"5": 9,
			"6": 9,
			"7": 9,
			"8": 9,
			"9": 9,
			"10": 8,
			"11": 8,
			"12": 8,
			"13": 8,
			"14": 8,
			"15": 35,
			"16": 8,
			"17": 1,
			"18": 1,
			"19": 1,
			"20": 1,
			"21": 4,
			"22": 4,
			"23": 1,
			"24": 1,
			"25": 1,
			"26": 1,
			"27": 1,
			"28": 1,
			"29": 13,
			"30": 13,
			"31": 13,
			"32": 1,
			"33": 1,
			"34": 0,
			"35": 1,
			"36": 1,
			"37": 0,
			"38": 1,
			"39": 5,
			"40": 5,
			"41": 1,
			"42": 0,
			"43": 1,
			"44": 1,
			"45": 1,
			"46": 1,
			"47": 1,
			"48": 1,
			"49": 0,
			"50": 1,
			"51": 1,
			"52": 1,
			"53": 1,
			"54": 1,
			"55": 0,
			"56": 1,
			"57": 6,
			"58": 6,
			"59": 6,
			"60": 7,
			"61": 7,
			"62": 7,
			"63": 1,
			"64": 1,
			"65": 1,
			"66": 6,
			"67": 1,
			"68": 1,
			"69": 1,
			"70": 1,
			"71": 1,
			"72": 1,
			"73": 1,
			"74": 1,
			"75": 1,
			"76": 1,
			"77": 1,
			"78": 0,
			"79": 0,
			"80": 0,
			"81": 0,
			"82": 0,
			"83": 0,
			"84": 1,
			"85": 1,
			"86": 1,
			"87": 0,
			"88": 1,
			"89": 0,
			"90": 1,
			"91": 1,
			"92": 3,
			"93": 3,
			"94": 3,
			"95": 3,
			"96": 2,
			"97": 1,
			"98": 1,
			"99": 3,
			"100": 1,
			"101": 2,
			"102": 2,
			"103": 2,
			"104": 2,
			"105": 8,
			"106": 2,
			"107": 1,
			"108": 1,
			"109": 1,
			"110": 4,
			"111": 1,
			"112": 1,
			"113": 9
		},
		"f": {
			"0": 8,
			"1": 35,
			"2": 1,
			"3": 4,
			"4": 1,
			"5": 1,
			"6": 13,
			"7": 1,
			"8": 5,
			"9": 1,
			"10": 1,
			"11": 1,
			"12": 6,
			"13": 7,
			"14": 1,
			"15": 6,
			"16": 1,
			"17": 1,
			"18": 1,
			"19": 2,
			"20": 8,
			"21": 1,
			"22": 4
		},
		"b": {
			"0": [8],
			"1": [0, 8],
			"2": [8, 8],
			"3": [1],
			"4": [1, 1],
			"5": [1],
			"6": [0],
			"7": [0],
			"8": [0],
			"9": [0, 1],
			"10": [0, 1],
			"11": [1],
			"12": [0],
			"13": [0],
			"14": [0],
			"15": [2, 1],
			"16": [3, 2],
			"17": [1],
			"18": [1, 1],
			"19": [1]
		}
	},
	"/root/lisk-dex-core/src/app/modules/dex/method.ts": {
		"path": "/root/lisk-dex-core/src/app/modules/dex/method.ts",
		"statementMap": {
			"0": { "start": { "line": 15, "column": 0 }, "end": { "line": 15, "column": 38 } },
			"1": { "start": { "line": 17, "column": 0 }, "end": { "line": 17, "column": 13 } }
		},
		"fnMap": {},
		"branchMap": {},
		"s": { "0": 9, "1": 9 },
		"f": {},
		"b": {}
	},
	"/root/lisk-dex-core/src/app/modules/dex/module.ts": {
		"path": "/root/lisk-dex-core/src/app/modules/dex/module.ts",
		"statementMap": {
			"0": { "start": { "line": 15, "column": 0 }, "end": { "line": 15, "column": null } },
			"1": { "start": { "line": 24, "column": 0 }, "end": { "line": 24, "column": 59 } },
			"2": { "start": { "line": 26, "column": 0 }, "end": { "line": 26, "column": 41 } },
			"3": { "start": { "line": 29, "column": 0 }, "end": { "line": 29, "column": null } },
			"4": { "start": { "line": 40, "column": 0 }, "end": { "line": 40, "column": 58 } },
			"5": { "start": { "line": 41, "column": 0 }, "end": { "line": 41, "column": 86 } },
			"6": { "start": { "line": 42, "column": 0 }, "end": { "line": 42, "column": 37 } },
			"7": { "start": { "line": 43, "column": 0 }, "end": { "line": 43, "column": 79 } },
			"8": { "start": { "line": 44, "column": 0 }, "end": { "line": 44, "column": 62 } },
			"9": { "start": { "line": 45, "column": 0 }, "end": { "line": 45, "column": 66 } },
			"10": { "start": { "line": 47, "column": 0 }, "end": { "line": 47, "column": 60 } },
			"11": { "start": { "line": 48, "column": 0 }, "end": { "line": 48, "column": 76 } },
			"12": { "start": { "line": 49, "column": 0 }, "end": { "line": 49, "column": 64 } },
			"13": { "start": { "line": 50, "column": 0 }, "end": { "line": 50, "column": 68 } },
			"14": { "start": { "line": 51, "column": 0 }, "end": { "line": 51, "column": null } },
			"15": { "start": { "line": 86, "column": 0 }, "end": { "line": 86, "column": 48 } },
			"16": { "start": { "line": 87, "column": 0 }, "end": { "line": 87, "column": 54 } },
			"17": { "start": { "line": 88, "column": 0 }, "end": { "line": 88, "column": 55 } },
			"18": { "start": { "line": 89, "column": 0 }, "end": { "line": 89, "column": 63 } },
			"19": { "start": { "line": 90, "column": 0 }, "end": { "line": 90, "column": 65 } },
			"20": { "start": { "line": 91, "column": 0 }, "end": { "line": 91, "column": 61 } },
			"21": { "start": { "line": 118, "column": 2 }, "end": { "line": 118, "column": 10 } },
			"22": { "start": { "line": 94, "column": 8 }, "end": { "line": 94, "column": 27 } },
			"23": { "start": { "line": 95, "column": 8 }, "end": { "line": 95, "column": 69 } },
			"24": { "start": { "line": 96, "column": 8 }, "end": { "line": 96, "column": 57 } },
			"25": { "start": { "line": 102, "column": 18 }, "end": { "line": 102, "column": 87 } },
			"26": { "start": { "line": 103, "column": 18 }, "end": { "line": 103, "column": 91 } },
			"27": { "start": { "line": 104, "column": 18 }, "end": { "line": 104, "column": 95 } },
			"28": { "start": { "line": 105, "column": 18 }, "end": { "line": 105, "column": 88 } },
			"29": { "start": { "line": 106, "column": 18 }, "end": { "line": 106, "column": 97 } },
			"30": { "start": { "line": 109, "column": 8 }, "end": { "line": 115, "column": 3 } },
			"31": { "start": { "line": 119, "column": 2 }, "end": { "line": 119, "column": 70 } },
			"32": { "start": { "line": 120, "column": 2 }, "end": { "line": 120, "column": 62 } },
			"33": { "start": { "line": 121, "column": 2 }, "end": { "line": 121, "column": 70 } },
			"34": { "start": { "line": 122, "column": 2 }, "end": { "line": 122, "column": 72 } },
			"35": { "start": { "line": 123, "column": 2 }, "end": { "line": 123, "column": 68 } },
			"36": { "start": { "line": 124, "column": 2 }, "end": { "line": 124, "column": 74 } },
			"37": { "start": { "line": 125, "column": 2 }, "end": { "line": 125, "column": 88 } },
			"38": { "start": { "line": 126, "column": 2 }, "end": { "line": 126, "column": 82 } },
			"39": { "start": { "line": 127, "column": 2 }, "end": { "line": 127, "column": 96 } },
			"40": { "start": { "line": 128, "column": 2 }, "end": { "line": 128, "column": 82 } },
			"41": { "start": { "line": 129, "column": 2 }, "end": { "line": 129, "column": 92 } },
			"42": { "start": { "line": 130, "column": 2 }, "end": { "line": 130, "column": 80 } },
			"43": { "start": { "line": 131, "column": 2 }, "end": { "line": 131, "column": 98 } },
			"44": { "start": { "line": 132, "column": 2 }, "end": { "line": 132, "column": 82 } },
			"45": { "start": { "line": 133, "column": 2 }, "end": { "line": 133, "column": 94 } },
			"46": { "start": { "line": 134, "column": 2 }, "end": { "line": 134, "column": 72 } },
			"47": { "start": { "line": 136, "column": 2 }, "end": { "line": 136, "column": 66 } },
			"48": { "start": { "line": 140, "column": 2 }, "end": { "line": 250, "column": 4 } },
			"49": { "start": { "line": 240, "column": 43 }, "end": { "line": 244, "column": 5 } },
			"50": { "start": { "line": 245, "column": 42 }, "end": { "line": 248, "column": 5 } },
			"51": { "start": { "line": 258, "column": 2 }, "end": { "line": 258, "column": 34 } },
			"52": { "start": { "line": 259, "column": 2 }, "end": { "line": 259, "column": 44 } },
			"53": { "start": { "line": 260, "column": 2 }, "end": { "line": 260, "column": 30 } },
			"54": { "start": { "line": 265, "column": 27 }, "end": { "line": 265, "column": 31 } },
			"55": { "start": { "line": 266, "column": 2 }, "end": { "line": 266, "column": 96 } },
			"56": { "start": { "line": 268, "column": 2 }, "end": { "line": 271, "column": 5 } },
			"57": { "start": { "line": 272, "column": 2 }, "end": { "line": 274, "column": 5 } },
			"58": { "start": { "line": 276, "column": 2 }, "end": { "line": 278, "column": 5 } },
			"59": { "start": { "line": 280, "column": 2 }, "end": { "line": 282, "column": 5 } },
			"60": { "start": { "line": 284, "column": 2 }, "end": { "line": 286, "column": 5 } },
			"61": { "start": { "line": 93, "column": 0 }, "end": { "line": 93, "column": 13 } }
		},
		"fnMap": {
			"0": {
				"name": "(anonymous_0)",
				"decl": { "start": { "line": 117, "column": 1 }, "end": { "line": 117, "column": null } },
				"loc": { "start": { "line": 117, "column": 1 }, "end": { "line": 137, "column": 2 } }
			},
			"1": {
				"name": "(anonymous_1)",
				"decl": { "start": { "line": 139, "column": 8 }, "end": { "line": 139, "column": 16 } },
				"loc": { "start": { "line": 139, "column": 16 }, "end": { "line": 251, "column": 2 } }
			},
			"2": {
				"name": "(anonymous_2)",
				"decl": { "start": { "line": 240, "column": 31 }, "end": { "line": 240, "column": 38 } },
				"loc": { "start": { "line": 240, "column": 43 }, "end": { "line": 244, "column": 5 } }
			},
			"3": {
				"name": "(anonymous_3)",
				"decl": { "start": { "line": 245, "column": 36 }, "end": { "line": 245, "column": 37 } },
				"loc": { "start": { "line": 245, "column": 42 }, "end": { "line": 248, "column": 5 } }
			},
			"4": {
				"name": "(anonymous_4)",
				"decl": { "start": { "line": 253, "column": 8 }, "end": { "line": 253, "column": 23 } },
				"loc": { "start": { "line": 256, "column": 22 }, "end": { "line": 261, "column": 2 } }
			},
			"5": {
				"name": "(anonymous_5)",
				"decl": { "start": { "line": 264, "column": 8 }, "end": { "line": 264, "column": 13 } },
				"loc": { "start": { "line": 264, "column": 39 }, "end": { "line": 287, "column": 2 } }
			}
		},
		"branchMap": {},
		"s": {
			"0": 9,
			"1": 9,
			"2": 9,
			"3": 9,
			"4": 9,
			"5": 9,
			"6": 9,
			"7": 9,
			"8": 9,
			"9": 9,
			"10": 9,
			"11": 9,
			"12": 9,
			"13": 9,
			"14": 9,
			"15": 9,
			"16": 9,
			"17": 9,
			"18": 9,
			"19": 9,
			"20": 9,
			"21": 30025,
			"22": 30025,
			"23": 30025,
			"24": 30025,
			"25": 30025,
			"26": 30025,
			"27": 30025,
			"28": 30025,
			"29": 30025,
			"30": 30025,
			"31": 30025,
			"32": 30025,
			"33": 30025,
			"34": 30025,
			"35": 30025,
			"36": 30025,
			"37": 30025,
			"38": 30025,
			"39": 30025,
			"40": 30025,
			"41": 30025,
			"42": 30025,
			"43": 30025,
			"44": 30025,
			"45": 30025,
			"46": 30025,
			"47": 30025,
			"48": 0,
			"49": 0,
			"50": 0,
			"51": 30012,
			"52": 30012,
			"53": 30012,
			"54": 2,
			"55": 2,
			"56": 2,
			"57": 2,
			"58": 2,
			"59": 2,
			"60": 2,
			"61": 9
		},
		"f": { "0": 30025, "1": 0, "2": 0, "3": 0, "4": 30012, "5": 2 },
		"b": {}
	},
	"/root/lisk-dex-core/src/app/modules/dex/schemas.ts": {
		"path": "/root/lisk-dex-core/src/app/modules/dex/schemas.ts",
		"statementMap": {
			"0": { "start": { "line": 15, "column": 0 }, "end": { "line": 15, "column": null } },
			"1": { "start": { "line": 23, "column": 0 }, "end": { "line": 23, "column": 38 } },
			"2": { "start": { "line": 25, "column": 13 }, "end": { "line": 67, "column": 2 } },
			"3": { "start": { "line": 69, "column": 13 }, "end": { "line": 296, "column": 2 } },
			"4": { "start": { "line": 298, "column": 13 }, "end": { "line": 354, "column": 2 } },
			"5": { "start": { "line": 356, "column": 13 }, "end": { "line": 403, "column": 2 } },
			"6": { "start": { "line": 405, "column": 13 }, "end": { "line": 425, "column": 2 } },
			"7": { "start": { "line": 427, "column": 13 }, "end": { "line": 453, "column": 2 } },
			"8": { "start": { "line": 455, "column": 13 }, "end": { "line": 492, "column": 2 } },
			"9": { "start": { "line": 494, "column": 13 }, "end": { "line": 501, "column": 2 } },
			"10": { "start": { "line": 503, "column": 13 }, "end": { "line": 510, "column": 2 } },
			"11": { "start": { "line": 512, "column": 13 }, "end": { "line": 522, "column": 2 } },
			"12": { "start": { "line": 524, "column": 13 }, "end": { "line": 534, "column": 2 } },
			"13": { "start": { "line": 535, "column": 13 }, "end": { "line": 545, "column": 2 } },
			"14": { "start": { "line": 547, "column": 13 }, "end": { "line": 557, "column": 2 } },
			"15": { "start": { "line": 559, "column": 13 }, "end": { "line": 572, "column": 2 } },
			"16": { "start": { "line": 574, "column": 13 }, "end": { "line": 584, "column": 2 } },
			"17": { "start": { "line": 586, "column": 13 }, "end": { "line": 596, "column": 2 } },
			"18": { "start": { "line": 598, "column": 13 }, "end": { "line": 608, "column": 2 } },
			"19": { "start": { "line": 610, "column": 13 }, "end": { "line": 620, "column": 2 } },
			"20": { "start": { "line": 622, "column": 13 }, "end": { "line": 632, "column": 2 } },
			"21": { "start": { "line": 634, "column": 13 }, "end": { "line": 644, "column": 2 } },
			"22": { "start": { "line": 646, "column": 13 }, "end": { "line": 656, "column": 2 } },
			"23": { "start": { "line": 658, "column": 13 }, "end": { "line": 680, "column": 2 } },
			"24": { "start": { "line": 682, "column": 13 }, "end": { "line": 692, "column": 2 } },
			"25": { "start": { "line": 694, "column": 13 }, "end": { "line": 716, "column": 2 } },
			"26": { "start": { "line": 718, "column": 13 }, "end": { "line": 728, "column": 2 } },
			"27": { "start": { "line": 730, "column": 13 }, "end": { "line": 744, "column": 2 } },
			"28": { "start": { "line": 746, "column": 13 }, "end": { "line": 766, "column": 2 } },
			"29": { "start": { "line": 768, "column": 13 }, "end": { "line": 786, "column": 2 } },
			"30": { "start": { "line": 788, "column": 13 }, "end": { "line": 808, "column": 2 } },
			"31": { "start": { "line": 810, "column": 13 }, "end": { "line": 834, "column": 2 } },
			"32": { "start": { "line": 836, "column": 13 }, "end": { "line": 846, "column": 2 } },
			"33": { "start": { "line": 848, "column": 13 }, "end": { "line": 866, "column": 2 } },
			"34": { "start": { "line": 868, "column": 13 }, "end": { "line": 878, "column": 2 } },
			"35": { "start": { "line": 880, "column": 13 }, "end": { "line": 894, "column": 2 } },
			"36": { "start": { "line": 896, "column": 13 }, "end": { "line": 910, "column": 2 } },
			"37": { "start": { "line": 912, "column": 13 }, "end": { "line": 922, "column": 2 } },
			"38": { "start": { "line": 924, "column": 13 }, "end": { "line": 934, "column": 2 } },
			"39": { "start": { "line": 936, "column": 13 }, "end": { "line": 954, "column": 2 } },
			"40": { "start": { "line": 956, "column": 13 }, "end": { "line": 966, "column": 2 } },
			"41": { "start": { "line": 968, "column": 13 }, "end": { "line": 992, "column": 2 } },
			"42": { "start": { "line": 994, "column": 13 }, "end": { "line": 1014, "column": 2 } },
			"43": { "start": { "line": 1016, "column": 13 }, "end": { "line": 1041, "column": 2 } }
		},
		"fnMap": {},
		"branchMap": {},
		"s": {
			"0": 10,
			"1": 10,
			"2": 10,
			"3": 10,
			"4": 10,
			"5": 10,
			"6": 10,
			"7": 10,
			"8": 10,
			"9": 10,
			"10": 10,
			"11": 10,
			"12": 10,
			"13": 10,
			"14": 10,
			"15": 10,
			"16": 10,
			"17": 10,
			"18": 10,
			"19": 10,
			"20": 10,
			"21": 10,
			"22": 10,
			"23": 10,
			"24": 10,
			"25": 10,
			"26": 10,
			"27": 10,
			"28": 10,
			"29": 10,
			"30": 10,
			"31": 10,
			"32": 10,
			"33": 10,
			"34": 10,
			"35": 10,
			"36": 10,
			"37": 10,
			"38": 10,
			"39": 10,
			"40": 10,
			"41": 10,
			"42": 10,
			"43": 10
		},
		"f": {},
		"b": {}
	},
	"/root/lisk-dex-core/src/app/modules/dex/commands/addLiquidity.ts": {
		"path": "/root/lisk-dex-core/src/app/modules/dex/commands/addLiquidity.ts",
		"statementMap": {
			"0": { "start": { "line": 17, "column": 0 }, "end": { "line": 17, "column": null } },
			"1": { "start": { "line": 25, "column": 0 }, "end": { "line": 25, "column": 51 } },
			"2": { "start": { "line": 27, "column": 0 }, "end": { "line": 27, "column": 56 } },
			"3": { "start": { "line": 28, "column": 0 }, "end": { "line": 28, "column": 70 } },
			"4": { "start": { "line": 30, "column": 0 }, "end": { "line": 30, "column": 48 } },
			"5": { "start": { "line": 31, "column": 0 }, "end": { "line": 31, "column": 55 } },
			"6": { "start": { "line": 33, "column": 0 }, "end": { "line": 33, "column": null } },
			"7": { "start": { "line": 41, "column": 0 }, "end": { "line": 41, "column": 44 } },
			"8": { "start": { "line": 42, "column": 0 }, "end": { "line": 42, "column": 52 } },
			"9": { "start": { "line": 45, "column": 8 }, "end": { "line": 45, "column": 38 } },
			"10": { "start": { "line": 46, "column": 8 }, "end": { "line": 46, "column": 36 } },
			"11": { "start": { "line": 50, "column": 2 }, "end": { "line": 50, "column": 34 } },
			"12": { "start": { "line": 57, "column": 2 }, "end": { "line": 64, "column": null } },
			"13": { "start": { "line": 58, "column": 3 }, "end": { "line": 58, "column": 54 } },
			"14": { "start": { "line": 60, "column": 3 }, "end": { "line": 63, "column": 5 } },
			"15": { "start": { "line": 66, "column": 69 }, "end": { "line": 66, "column": 79 } },
			"16": { "start": { "line": 74, "column": 2 }, "end": { "line": 79, "column": null } },
			"17": { "start": { "line": 75, "column": 3 }, "end": { "line": 78, "column": 5 } },
			"18": { "start": { "line": 81, "column": 2 }, "end": { "line": 83, "column": 4 } },
			"19": { "start": { "line": 87, "column": 28 }, "end": { "line": 87, "column": 43 } },
			"20": { "start": { "line": 88, "column": 81 }, "end": { "line": 88, "column": 91 } },
			"21": { "start": { "line": 89, "column": 24 }, "end": { "line": 89, "column": 46 } },
			"22": { "start": { "line": 91, "column": 2 }, "end": { "line": 97, "column": 4 } },
			"23": { "start": { "line": 99, "column": 17 }, "end": { "line": 99, "column": 52 } },
			"24": { "start": { "line": 100, "column": 21 }, "end": { "line": 100, "column": 48 } },
			"25": { "start": { "line": 101, "column": 25 }, "end": { "line": 101, "column": 56 } },
			"26": { "start": { "line": 102, "column": 15 }, "end": { "line": 102, "column": 58 } },
			"27": { "start": { "line": 103, "column": 27 }, "end": { "line": 103, "column": 41 } },
			"28": { "start": { "line": 104, "column": 23 }, "end": { "line": 104, "column": 74 } },
			"29": { "start": { "line": 106, "column": 29 }, "end": { "line": 106, "column": 64 } },
			"30": { "start": { "line": 107, "column": 29 }, "end": { "line": 107, "column": 64 } },
			"31": { "start": { "line": 109, "column": 19 }, "end": { "line": 109, "column": 38 } },
			"32": { "start": { "line": 110, "column": 19 }, "end": { "line": 110, "column": 38 } },
			"33": { "start": { "line": 112, "column": 20 }, "end": { "line": 117, "column": null } },
			"34": { "start": { "line": 119, "column": 29 }, "end": { "line": 125, "column": null } },
			"35": { "start": { "line": 128, "column": 2 }, "end": { "line": 144, "column": null } },
			"36": { "start": { "line": 129, "column": 3 }, "end": { "line": 142, "column": 5 } },
			"37": { "start": { "line": 143, "column": 3 }, "end": { "line": 143, "column": 21 } },
			"38": { "start": { "line": 146, "column": 2 }, "end": { "line": 148, "column": null } },
			"39": { "start": { "line": 147, "column": 3 }, "end": { "line": 147, "column": 21 } },
			"40": { "start": { "line": 150, "column": 2 }, "end": { "line": 161, "column": 4 } },
			"41": { "start": { "line": 44, "column": 0 }, "end": { "line": 44, "column": 13 } }
		},
		"fnMap": {
			"0": {
				"name": "(anonymous_0)",
				"decl": { "start": { "line": 44, "column": 0 }, "end": { "line": 44, "column": 13 } },
				"loc": { "start": { "line": 44, "column": 0 }, "end": { "line": 163, "column": 1 } }
			},
			"1": {
				"name": "(anonymous_1)",
				"decl": { "start": { "line": 49, "column": 8 }, "end": { "line": 49, "column": 12 } },
				"loc": { "start": { "line": 49, "column": 28 }, "end": { "line": 51, "column": 2 } }
			},
			"2": {
				"name": "(anonymous_2)",
				"decl": { "start": { "line": 54, "column": 8 }, "end": { "line": 54, "column": 13 } },
				"loc": { "start": { "line": 55, "column": 51 }, "end": { "line": 84, "column": 2 } }
			},
			"3": {
				"name": "(anonymous_3)",
				"decl": { "start": { "line": 86, "column": 8 }, "end": { "line": 86, "column": 13 } },
				"loc": { "start": { "line": 86, "column": 72 }, "end": { "line": 162, "column": 2 } }
			}
		},
		"branchMap": {
			"0": {
				"loc": { "start": { "line": 74, "column": 2 }, "end": { "line": 79, "column": null } },
				"type": "if",
				"locations": [
					{ "start": { "line": 74, "column": 2 }, "end": { "line": 79, "column": null } }
				]
			},
			"1": {
				"loc": { "start": { "line": 74, "column": 6 }, "end": { "line": 74, "column": 64 } },
				"type": "binary-expr",
				"locations": [
					{ "start": { "line": 74, "column": 6 }, "end": { "line": 74, "column": 33 } },
					{ "start": { "line": 74, "column": 37 }, "end": { "line": 74, "column": 64 } }
				]
			},
			"2": {
				"loc": { "start": { "line": 128, "column": 2 }, "end": { "line": 144, "column": null } },
				"type": "if",
				"locations": [
					{ "start": { "line": 128, "column": 2 }, "end": { "line": 144, "column": null } }
				]
			},
			"3": {
				"loc": { "start": { "line": 128, "column": 6 }, "end": { "line": 128, "column": 50 } },
				"type": "binary-expr",
				"locations": [
					{ "start": { "line": 128, "column": 6 }, "end": { "line": 128, "column": 26 } },
					{ "start": { "line": 128, "column": 30 }, "end": { "line": 128, "column": 50 } }
				]
			},
			"4": {
				"loc": { "start": { "line": 146, "column": 2 }, "end": { "line": 148, "column": null } },
				"type": "if",
				"locations": [
					{ "start": { "line": 146, "column": 2 }, "end": { "line": 148, "column": null } }
				]
			},
			"5": {
				"loc": { "start": { "line": 146, "column": 6 }, "end": { "line": 146, "column": 58 } },
				"type": "binary-expr",
				"locations": [
					{ "start": { "line": 146, "column": 6 }, "end": { "line": 146, "column": 30 } },
					{ "start": { "line": 146, "column": 34 }, "end": { "line": 146, "column": 58 } }
				]
			}
		},
		"s": {
			"0": 9,
			"1": 9,
			"2": 9,
			"3": 9,
			"4": 9,
			"5": 9,
			"6": 9,
			"7": 9,
			"8": 9,
			"9": 30025,
			"10": 30025,
			"11": 10005,
			"12": 2,
			"13": 2,
			"14": 0,
			"15": 2,
			"16": 2,
			"17": 1,
			"18": 1,
			"19": 10001,
			"20": 10001,
			"21": 10001,
			"22": 10001,
			"23": 10001,
			"24": 10001,
			"25": 10001,
			"26": 10001,
			"27": 10001,
			"28": 10001,
			"29": 10001,
			"30": 10001,
			"31": 10001,
			"32": 10001,
			"33": 10001,
			"34": 10001,
			"35": 10001,
			"36": 0,
			"37": 0,
			"38": 10001,
			"39": 0,
			"40": 10001,
			"41": 9
		},
		"f": { "0": 30025, "1": 10005, "2": 2, "3": 10001 },
		"b": { "0": [1], "1": [2, 1], "2": [0], "3": [10001, 10001], "4": [0], "5": [10001, 10001] }
	},
	"/root/lisk-dex-core/src/app/modules/dex/commands/collectFees.ts": {
		"path": "/root/lisk-dex-core/src/app/modules/dex/commands/collectFees.ts",
		"statementMap": {
			"0": { "start": { "line": 15, "column": 0 }, "end": { "line": 15, "column": null } },
			"1": { "start": { "line": 23, "column": 0 }, "end": { "line": 23, "column": 51 } },
			"2": { "start": { "line": 24, "column": 0 }, "end": { "line": 24, "column": 47 } },
			"3": { "start": { "line": 25, "column": 0 }, "end": { "line": 25, "column": null } },
			"4": { "start": { "line": 29, "column": 0 }, "end": { "line": 29, "column": 89 } },
			"5": { "start": { "line": 33, "column": 8 }, "end": { "line": 33, "column": 37 } },
			"6": { "start": { "line": 34, "column": 8 }, "end": { "line": 34, "column": 35 } },
			"7": { "start": { "line": 40, "column": 2 }, "end": { "line": 40, "column": 34 } },
			"8": { "start": { "line": 47, "column": 2 }, "end": { "line": 54, "column": null } },
			"9": { "start": { "line": 48, "column": 3 }, "end": { "line": 48, "column": 53 } },
			"10": { "start": { "line": 50, "column": 3 }, "end": { "line": 53, "column": 5 } },
			"11": { "start": { "line": 55, "column": 24 }, "end": { "line": 55, "column": 34 } },
			"12": { "start": { "line": 57, "column": 2 }, "end": { "line": 62, "column": null } },
			"13": { "start": { "line": 58, "column": 3 }, "end": { "line": 61, "column": 5 } },
			"14": { "start": { "line": 64, "column": 2 }, "end": { "line": 66, "column": 4 } },
			"15": { "start": { "line": 70, "column": 24 }, "end": { "line": 70, "column": 55 } },
			"16": { "start": { "line": 72, "column": 24 }, "end": { "line": 72, "column": 34 } },
			"17": { "start": { "line": 74, "column": 24 }, "end": { "line": 74, "column": 46 } },
			"18": { "start": { "line": 76, "column": 2 }, "end": { "line": 91, "column": null } },
			"19": { "start": { "line": 77, "column": 3 }, "end": { "line": 83, "column": 5 } },
			"20": { "start": { "line": 84, "column": 3 }, "end": { "line": 90, "column": 5 } },
			"21": { "start": { "line": 32, "column": 0 }, "end": { "line": 32, "column": 13 } }
		},
		"fnMap": {
			"0": {
				"name": "(anonymous_0)",
				"decl": { "start": { "line": 32, "column": 0 }, "end": { "line": 32, "column": 13 } },
				"loc": { "start": { "line": 32, "column": 0 }, "end": { "line": 93, "column": 1 } }
			},
			"1": {
				"name": "(anonymous_1)",
				"decl": { "start": { "line": 38, "column": 8 }, "end": { "line": 38, "column": 12 } },
				"loc": { "start": { "line": 38, "column": 28 }, "end": { "line": 41, "column": 2 } }
			},
			"2": {
				"name": "(anonymous_2)",
				"decl": { "start": { "line": 44, "column": 8 }, "end": { "line": 44, "column": 13 } },
				"loc": { "start": { "line": 45, "column": 49 }, "end": { "line": 67, "column": 2 } }
			},
			"3": {
				"name": "(anonymous_3)",
				"decl": { "start": { "line": 69, "column": 8 }, "end": { "line": 69, "column": 13 } },
				"loc": { "start": { "line": 69, "column": 70 }, "end": { "line": 92, "column": 2 } }
			}
		},
		"branchMap": {
			"0": {
				"loc": { "start": { "line": 57, "column": 2 }, "end": { "line": 62, "column": null } },
				"type": "if",
				"locations": [
					{ "start": { "line": 57, "column": 2 }, "end": { "line": 62, "column": null } }
				]
			}
		},
		"s": {
			"0": 9,
			"1": 9,
			"2": 9,
			"3": 9,
			"4": 9,
			"5": 40028,
			"6": 40028,
			"7": 10005,
			"8": 2,
			"9": 2,
			"10": 0,
			"11": 2,
			"12": 2,
			"13": 1,
			"14": 1,
			"15": 10001,
			"16": 10001,
			"17": 10001,
			"18": 10001,
			"19": 10001,
			"20": 10001,
			"21": 9
		},
		"f": { "0": 40028, "1": 10005, "2": 2, "3": 10001 },
		"b": { "0": [1] }
	},
	"/root/lisk-dex-core/src/app/modules/dex/commands/createPool.ts": {
		"path": "/root/lisk-dex-core/src/app/modules/dex/commands/createPool.ts",
		"statementMap": {
			"0": { "start": { "line": 17, "column": 0 }, "end": { "line": 17, "column": null } },
			"1": { "start": { "line": 25, "column": 0 }, "end": { "line": 25, "column": 51 } },
			"2": { "start": { "line": 27, "column": 0 }, "end": { "line": 27, "column": null } },
			"3": { "start": { "line": 35, "column": 0 }, "end": { "line": 35, "column": 91 } },
			"4": { "start": { "line": 36, "column": 0 }, "end": { "line": 36, "column": 65 } },
			"5": { "start": { "line": 37, "column": 0 }, "end": { "line": 37, "column": 79 } },
			"6": { "start": { "line": 39, "column": 0 }, "end": { "line": 39, "column": 46 } },
			"7": { "start": { "line": 40, "column": 0 }, "end": { "line": 40, "column": 54 } },
			"8": { "start": { "line": 42, "column": 0 }, "end": { "line": 42, "column": null } },
			"9": { "start": { "line": 49, "column": 0 }, "end": { "line": 49, "column": 44 } },
			"10": { "start": { "line": 51, "column": 29 }, "end": { "line": 55, "column": 1 } },
			"11": { "start": { "line": 52, "column": 23 }, "end": { "line": 52, "column": 38 } },
			"12": { "start": { "line": 53, "column": 1 }, "end": { "line": 53, "column": 37 } },
			"13": { "start": { "line": 54, "column": 1 }, "end": { "line": 54, "column": 59 } },
			"14": { "start": { "line": 51, "column": 13 }, "end": { "line": 51, "column": 29 } },
			"15": { "start": { "line": 57, "column": 8 }, "end": { "line": 57, "column": 34 } },
			"16": { "start": { "line": 62, "column": 2 }, "end": { "line": 62, "column": 36 } },
			"17": { "start": { "line": 63, "column": 2 }, "end": { "line": 63, "column": 34 } },
			"18": { "start": { "line": 69, "column": 2 }, "end": { "line": 76, "column": null } },
			"19": { "start": { "line": 70, "column": 3 }, "end": { "line": 70, "column": 52 } },
			"20": { "start": { "line": 72, "column": 3 }, "end": { "line": 75, "column": 5 } },
			"21": { "start": { "line": 78, "column": 77 }, "end": { "line": 78, "column": 87 } },
			"22": { "start": { "line": 80, "column": 2 }, "end": { "line": 85, "column": null } },
			"23": { "start": { "line": 81, "column": 3 }, "end": { "line": 84, "column": 5 } },
			"24": { "start": { "line": 87, "column": 2 }, "end": { "line": 95, "column": null } },
			"25": { "start": { "line": 91, "column": 3 }, "end": { "line": 94, "column": 5 } },
			"26": { "start": { "line": 97, "column": 2 }, "end": { "line": 108, "column": null } },
			"27": { "start": { "line": 104, "column": 3 }, "end": { "line": 107, "column": 5 } },
			"28": { "start": { "line": 116, "column": 17 }, "end": { "line": 116, "column": 59 } },
			"29": { "start": { "line": 117, "column": 20 }, "end": { "line": 117, "column": 47 } },
			"30": { "start": { "line": 118, "column": 31 }, "end": { "line": 118, "column": 82 } },
			"31": { "start": { "line": 120, "column": 2 }, "end": { "line": 125, "column": null } },
			"32": { "start": { "line": 121, "column": 3 }, "end": { "line": 124, "column": 5 } },
			"33": { "start": { "line": 127, "column": 2 }, "end": { "line": 129, "column": 4 } },
			"34": { "start": { "line": 133, "column": 28 }, "end": { "line": 133, "column": 43 } },
			"35": { "start": { "line": 134, "column": 59 }, "end": { "line": 134, "column": 69 } },
			"36": { "start": { "line": 135, "column": 24 }, "end": { "line": 135, "column": 27 } },
			"37": { "start": { "line": 136, "column": 27 }, "end": { "line": 136, "column": 67 } },
			"38": { "start": { "line": 137, "column": 17 }, "end": { "line": 145, "column": null } },
			"39": { "start": { "line": 148, "column": 2 }, "end": { "line": 162, "column": null } },
			"40": { "start": { "line": 149, "column": 3 }, "end": { "line": 160, "column": 5 } },
			"41": { "start": { "line": 161, "column": 3 }, "end": { "line": 161, "column": 64 } },
			"42": { "start": { "line": 164, "column": 17 }, "end": { "line": 164, "column": 59 } },
			"43": { "start": { "line": 165, "column": 2 }, "end": { "line": 175, "column": 4 } },
			"44": { "start": { "line": 177, "column": 47 }, "end": { "line": 183, "column": null } },
			"45": { "start": { "line": 185, "column": 2 }, "end": { "line": 200, "column": null } },
			"46": { "start": { "line": 186, "column": 3 }, "end": { "line": 197, "column": 5 } },
			"47": { "start": { "line": 199, "column": 3 }, "end": { "line": 199, "column": 84 } },
			"48": { "start": { "line": 202, "column": 29 }, "end": { "line": 202, "column": 67 } },
			"49": { "start": { "line": 203, "column": 29 }, "end": { "line": 203, "column": 67 } },
			"50": { "start": { "line": 204, "column": 20 }, "end": { "line": 209, "column": null } },
			"51": { "start": { "line": 211, "column": 29 }, "end": { "line": 217, "column": null } },
			"52": { "start": { "line": 220, "column": 2 }, "end": { "line": 236, "column": null } },
			"53": { "start": { "line": 221, "column": 3 }, "end": { "line": 234, "column": 5 } },
			"54": { "start": { "line": 235, "column": 3 }, "end": { "line": 235, "column": 76 } },
			"55": { "start": { "line": 238, "column": 2 }, "end": { "line": 240, "column": null } },
			"56": { "start": { "line": 239, "column": 3 }, "end": { "line": 239, "column": 78 } },
			"57": { "start": { "line": 242, "column": 2 }, "end": { "line": 249, "column": 4 } },
			"58": { "start": { "line": 251, "column": 2 }, "end": { "line": 264, "column": 4 } },
			"59": { "start": { "line": 56, "column": 0 }, "end": { "line": 56, "column": 13 } }
		},
		"fnMap": {
			"0": {
				"name": "(anonymous_0)",
				"decl": { "start": { "line": 51, "column": 29 }, "end": { "line": 51, "column": 30 } },
				"loc": { "start": { "line": 51, "column": 95 }, "end": { "line": 55, "column": 1 } }
			},
			"1": {
				"name": "(anonymous_1)",
				"decl": { "start": { "line": 56, "column": 0 }, "end": { "line": 56, "column": 13 } },
				"loc": { "start": { "line": 56, "column": 0 }, "end": { "line": 266, "column": 1 } }
			},
			"2": {
				"name": "(anonymous_2)",
				"decl": { "start": { "line": 61, "column": 8 }, "end": { "line": 61, "column": 12 } },
				"loc": { "start": { "line": 61, "column": 42 }, "end": { "line": 64, "column": 2 } }
			},
			"3": {
				"name": "(anonymous_3)",
				"decl": { "start": { "line": 66, "column": 8 }, "end": { "line": 66, "column": 13 } },
				"loc": { "start": { "line": 67, "column": 49 }, "end": { "line": 130, "column": 2 } }
			},
			"4": {
				"name": "(anonymous_4)",
				"decl": { "start": { "line": 132, "column": 8 }, "end": { "line": 132, "column": 13 } },
				"loc": { "start": { "line": 132, "column": 70 }, "end": { "line": 265, "column": 2 } }
			}
		},
		"branchMap": {
			"0": {
				"loc": { "start": { "line": 80, "column": 2 }, "end": { "line": 85, "column": null } },
				"type": "if",
				"locations": [
					{ "start": { "line": 80, "column": 2 }, "end": { "line": 85, "column": null } }
				]
			},
			"1": {
				"loc": { "start": { "line": 87, "column": 2 }, "end": { "line": 95, "column": null } },
				"type": "if",
				"locations": [
					{ "start": { "line": 87, "column": 2 }, "end": { "line": 95, "column": null } }
				]
			},
			"2": {
				"loc": { "start": { "line": 88, "column": 3 }, "end": { "line": 89, "column": 47 } },
				"type": "binary-expr",
				"locations": [
					{ "start": { "line": 88, "column": 3 }, "end": { "line": 88, "column": 47 } },
					{ "start": { "line": 89, "column": 3 }, "end": { "line": 89, "column": 47 } }
				]
			},
			"3": {
				"loc": { "start": { "line": 97, "column": 2 }, "end": { "line": 108, "column": null } },
				"type": "if",
				"locations": [
					{ "start": { "line": 97, "column": 2 }, "end": { "line": 108, "column": null } }
				]
			},
			"4": {
				"loc": { "start": { "line": 98, "column": 3 }, "end": { "line": 102, "column": 39 } },
				"type": "binary-expr",
				"locations": [
					{ "start": { "line": 98, "column": 3 }, "end": { "line": 98, "column": 39 } },
					{ "start": { "line": 99, "column": 3 }, "end": { "line": 99, "column": 47 } },
					{ "start": { "line": 100, "column": 3 }, "end": { "line": 100, "column": 47 } },
					{ "start": { "line": 101, "column": 3 }, "end": { "line": 101, "column": 57 } },
					{ "start": { "line": 102, "column": 3 }, "end": { "line": 102, "column": 39 } }
				]
			},
			"5": {
				"loc": { "start": { "line": 120, "column": 2 }, "end": { "line": 125, "column": null } },
				"type": "if",
				"locations": [
					{ "start": { "line": 120, "column": 2 }, "end": { "line": 125, "column": null } }
				]
			},
			"6": {
				"loc": { "start": { "line": 148, "column": 2 }, "end": { "line": 162, "column": null } },
				"type": "if",
				"locations": [
					{ "start": { "line": 148, "column": 2 }, "end": { "line": 162, "column": null } }
				]
			},
			"7": {
				"loc": { "start": { "line": 185, "column": 2 }, "end": { "line": 200, "column": null } },
				"type": "if",
				"locations": [
					{ "start": { "line": 185, "column": 2 }, "end": { "line": 200, "column": null } }
				]
			},
			"8": {
				"loc": { "start": { "line": 220, "column": 2 }, "end": { "line": 236, "column": null } },
				"type": "if",
				"locations": [
					{ "start": { "line": 220, "column": 2 }, "end": { "line": 236, "column": null } }
				]
			},
			"9": {
				"loc": { "start": { "line": 220, "column": 6 }, "end": { "line": 220, "column": 52 } },
				"type": "binary-expr",
				"locations": [
					{ "start": { "line": 220, "column": 6 }, "end": { "line": 220, "column": 27 } },
					{ "start": { "line": 220, "column": 31 }, "end": { "line": 220, "column": 52 } }
				]
			},
			"10": {
				"loc": { "start": { "line": 238, "column": 2 }, "end": { "line": 240, "column": null } },
				"type": "if",
				"locations": [
					{ "start": { "line": 238, "column": 2 }, "end": { "line": 240, "column": null } }
				]
			},
			"11": {
				"loc": { "start": { "line": 238, "column": 6 }, "end": { "line": 238, "column": 90 } },
				"type": "binary-expr",
				"locations": [
					{ "start": { "line": 238, "column": 6 }, "end": { "line": 238, "column": 46 } },
					{ "start": { "line": 238, "column": 50 }, "end": { "line": 238, "column": 90 } }
				]
			}
		},
		"s": {
			"0": 9,
			"1": 9,
			"2": 9,
			"3": 9,
			"4": 9,
			"5": 9,
			"6": 9,
			"7": 9,
			"8": 9,
			"9": 9,
			"10": 9,
			"11": 10002,
			"12": 10002,
			"13": 10002,
			"14": 9,
			"15": 30025,
			"16": 10007,
			"17": 10007,
			"18": 4,
			"19": 4,
			"20": 0,
			"21": 4,
			"22": 4,
			"23": 1,
			"24": 3,
			"25": 1,
			"26": 2,
			"27": 1,
			"28": 1,
			"29": 1,
			"30": 1,
			"31": 1,
			"32": 0,
			"33": 1,
			"34": 10001,
			"35": 10001,
			"36": 10001,
			"37": 10001,
			"38": 10001,
			"39": 10001,
			"40": 0,
			"41": 0,
			"42": 10001,
			"43": 10001,
			"44": 10001,
			"45": 10001,
			"46": 0,
			"47": 0,
			"48": 10001,
			"49": 10001,
			"50": 10001,
			"51": 10001,
			"52": 10001,
			"53": 0,
			"54": 0,
			"55": 10001,
			"56": 0,
			"57": 10001,
			"58": 10001,
			"59": 9
		},
		"f": { "0": 10002, "1": 30025, "2": 10007, "3": 4, "4": 10001 },
		"b": {
			"0": [1],
			"1": [1],
			"2": [3, 2],
			"3": [1],
			"4": [2, 1, 1, 1, 1],
			"5": [0],
			"6": [0],
			"7": [0],
			"8": [0],
			"9": [10001, 10001],
			"10": [0],
			"11": [10001, 10001]
		}
	},
	"/root/lisk-dex-core/src/app/modules/dex/commands/createPosition.ts": {
		"path": "/root/lisk-dex-core/src/app/modules/dex/commands/createPosition.ts",
		"statementMap": {
			"0": { "start": { "line": 17, "column": 0 }, "end": { "line": 17, "column": null } },
			"1": { "start": { "line": 25, "column": 0 }, "end": { "line": 25, "column": 51 } },
			"2": { "start": { "line": 27, "column": 0 }, "end": { "line": 27, "column": null } },
			"3": { "start": { "line": 34, "column": 0 }, "end": { "line": 34, "column": 48 } },
			"4": { "start": { "line": 35, "column": 0 }, "end": { "line": 35, "column": 65 } },
			"5": { "start": { "line": 36, "column": 0 }, "end": { "line": 36, "column": 79 } },
			"6": { "start": { "line": 38, "column": 0 }, "end": { "line": 38, "column": 50 } },
			"7": { "start": { "line": 39, "column": 0 }, "end": { "line": 39, "column": 39 } },
			"8": { "start": { "line": 41, "column": 0 }, "end": { "line": 41, "column": null } },
			"9": { "start": { "line": 49, "column": 0 }, "end": { "line": 49, "column": 44 } },
			"10": { "start": { "line": 50, "column": 0 }, "end": { "line": 50, "column": 52 } },
			"11": { "start": { "line": 53, "column": 8 }, "end": { "line": 53, "column": 40 } },
			"12": { "start": { "line": 54, "column": 8 }, "end": { "line": 54, "column": 38 } },
			"13": { "start": { "line": 58, "column": 2 }, "end": { "line": 58, "column": 34 } },
			"14": { "start": { "line": 65, "column": 2 }, "end": { "line": 72, "column": null } },
			"15": { "start": { "line": 66, "column": 3 }, "end": { "line": 66, "column": 56 } },
			"16": { "start": { "line": 68, "column": 3 }, "end": { "line": 71, "column": 5 } },
			"17": { "start": { "line": 75, "column": 3 }, "end": { "line": 75, "column": 13 } },
			"18": { "start": { "line": 77, "column": 2 }, "end": { "line": 82, "column": null } },
			"19": { "start": { "line": 78, "column": 3 }, "end": { "line": 81, "column": 5 } },
			"20": { "start": { "line": 84, "column": 2 }, "end": { "line": 89, "column": null } },
			"21": { "start": { "line": 85, "column": 3 }, "end": { "line": 88, "column": 5 } },
			"22": { "start": { "line": 97, "column": 2 }, "end": { "line": 99, "column": 4 } },
			"23": { "start": { "line": 103, "column": 28 }, "end": { "line": 103, "column": 43 } },
			"24": { "start": { "line": 105, "column": 3 }, "end": { "line": 105, "column": 13 } },
			"25": { "start": { "line": 106, "column": 24 }, "end": { "line": 106, "column": 46 } },
			"26": { "start": { "line": 108, "column": 47 }, "end": { "line": 114, "column": null } },
			"27": { "start": { "line": 117, "column": 2 }, "end": { "line": 131, "column": null } },
			"28": { "start": { "line": 118, "column": 3 }, "end": { "line": 129, "column": 5 } },
			"29": { "start": { "line": 130, "column": 3 }, "end": { "line": 130, "column": 21 } },
			"30": { "start": { "line": 133, "column": 21 }, "end": { "line": 133, "column": 48 } },
			"31": { "start": { "line": 134, "column": 15 }, "end": { "line": 134, "column": 58 } },
			"32": { "start": { "line": 135, "column": 27 }, "end": { "line": 135, "column": 41 } },
			"33": { "start": { "line": 137, "column": 29 }, "end": { "line": 137, "column": 51 } },
			"34": { "start": { "line": 138, "column": 29 }, "end": { "line": 138, "column": 51 } },
			"35": { "start": { "line": 139, "column": 20 }, "end": { "line": 144, "column": null } },
			"36": { "start": { "line": 147, "column": 29 }, "end": { "line": 153, "column": null } },
			"37": { "start": { "line": 156, "column": 19 }, "end": { "line": 156, "column": 38 } },
			"38": { "start": { "line": 157, "column": 19 }, "end": { "line": 157, "column": 38 } },
			"39": { "start": { "line": 159, "column": 2 }, "end": { "line": 175, "column": null } },
			"40": { "start": { "line": 160, "column": 3 }, "end": { "line": 173, "column": 5 } },
			"41": { "start": { "line": 174, "column": 3 }, "end": { "line": 174, "column": 21 } },
			"42": { "start": { "line": 177, "column": 2 }, "end": { "line": 179, "column": null } },
			"43": { "start": { "line": 178, "column": 3 }, "end": { "line": 178, "column": 21 } },
			"44": { "start": { "line": 182, "column": 2 }, "end": { "line": 187, "column": 4 } },
			"45": { "start": { "line": 189, "column": 2 }, "end": { "line": 202, "column": 4 } },
			"46": { "start": { "line": 52, "column": 0 }, "end": { "line": 52, "column": 13 } }
		},
		"fnMap": {
			"0": {
				"name": "(anonymous_0)",
				"decl": { "start": { "line": 52, "column": 0 }, "end": { "line": 52, "column": 13 } },
				"loc": { "start": { "line": 52, "column": 0 }, "end": { "line": 204, "column": 1 } }
			},
			"1": {
				"name": "(anonymous_1)",
				"decl": { "start": { "line": 57, "column": 8 }, "end": { "line": 57, "column": 12 } },
				"loc": { "start": { "line": 57, "column": 28 }, "end": { "line": 59, "column": 2 } }
			},
			"2": {
				"name": "(anonymous_2)",
				"decl": { "start": { "line": 62, "column": 8 }, "end": { "line": 62, "column": 13 } },
				"loc": { "start": { "line": 63, "column": 53 }, "end": { "line": 100, "column": 2 } }
			},
			"3": {
				"name": "(anonymous_3)",
				"decl": { "start": { "line": 102, "column": 8 }, "end": { "line": 102, "column": 13 } },
				"loc": { "start": { "line": 102, "column": 74 }, "end": { "line": 203, "column": 2 } }
			}
		},
		"branchMap": {
			"0": {
				"loc": { "start": { "line": 77, "column": 2 }, "end": { "line": 82, "column": null } },
				"type": "if",
				"locations": [
					{ "start": { "line": 77, "column": 2 }, "end": { "line": 82, "column": null } }
				]
			},
			"1": {
				"loc": { "start": { "line": 77, "column": 6 }, "end": { "line": 77, "column": 76 } },
				"type": "binary-expr",
				"locations": [
					{ "start": { "line": 77, "column": 6 }, "end": { "line": 77, "column": 26 } },
					{ "start": { "line": 77, "column": 30 }, "end": { "line": 77, "column": 52 } },
					{ "start": { "line": 77, "column": 56 }, "end": { "line": 77, "column": 76 } }
				]
			},
			"2": {
				"loc": { "start": { "line": 84, "column": 2 }, "end": { "line": 89, "column": null } },
				"type": "if",
				"locations": [
					{ "start": { "line": 84, "column": 2 }, "end": { "line": 89, "column": null } }
				]
			},
			"3": {
				"loc": { "start": { "line": 84, "column": 6 }, "end": { "line": 84, "column": 64 } },
				"type": "binary-expr",
				"locations": [
					{ "start": { "line": 84, "column": 6 }, "end": { "line": 84, "column": 33 } },
					{ "start": { "line": 84, "column": 37 }, "end": { "line": 84, "column": 64 } }
				]
			},
			"4": {
				"loc": { "start": { "line": 117, "column": 2 }, "end": { "line": 131, "column": null } },
				"type": "if",
				"locations": [
					{ "start": { "line": 117, "column": 2 }, "end": { "line": 131, "column": null } }
				]
			},
			"5": {
				"loc": { "start": { "line": 159, "column": 2 }, "end": { "line": 175, "column": null } },
				"type": "if",
				"locations": [
					{ "start": { "line": 159, "column": 2 }, "end": { "line": 175, "column": null } }
				]
			},
			"6": {
				"loc": { "start": { "line": 159, "column": 6 }, "end": { "line": 159, "column": 50 } },
				"type": "binary-expr",
				"locations": [
					{ "start": { "line": 159, "column": 6 }, "end": { "line": 159, "column": 26 } },
					{ "start": { "line": 159, "column": 30 }, "end": { "line": 159, "column": 50 } }
				]
			},
			"7": {
				"loc": { "start": { "line": 177, "column": 2 }, "end": { "line": 179, "column": null } },
				"type": "if",
				"locations": [
					{ "start": { "line": 177, "column": 2 }, "end": { "line": 179, "column": null } }
				]
			},
			"8": {
				"loc": { "start": { "line": 177, "column": 6 }, "end": { "line": 177, "column": 58 } },
				"type": "binary-expr",
				"locations": [
					{ "start": { "line": 177, "column": 6 }, "end": { "line": 177, "column": 30 } },
					{ "start": { "line": 177, "column": 34 }, "end": { "line": 177, "column": 58 } }
				]
			}
		},
		"s": {
			"0": 9,
			"1": 9,
			"2": 9,
			"3": 9,
			"4": 9,
			"5": 9,
			"6": 9,
			"7": 9,
			"8": 9,
			"9": 9,
			"10": 9,
			"11": 30025,
			"12": 30025,
			"13": 10006,
			"14": 3,
			"15": 3,
			"16": 0,
			"17": 3,
			"18": 3,
			"19": 1,
			"20": 2,
			"21": 1,
			"22": 1,
			"23": 10001,
			"24": 10001,
			"25": 10001,
			"26": 10001,
			"27": 10001,
			"28": 0,
			"29": 0,
			"30": 10001,
			"31": 10001,
			"32": 10001,
			"33": 10001,
			"34": 10001,
			"35": 10001,
			"36": 10001,
			"37": 10001,
			"38": 10001,
			"39": 10001,
			"40": 0,
			"41": 0,
			"42": 10001,
			"43": 0,
			"44": 10001,
			"45": 10001,
			"46": 9
		},
		"f": { "0": 30025, "1": 10006, "2": 3, "3": 10001 },
		"b": {
			"0": [1],
			"1": [3, 3, 2],
			"2": [1],
			"3": [2, 1],
			"4": [0],
			"5": [0],
			"6": [10001, 10001],
			"7": [0],
			"8": [10001, 10001]
		}
	},
	"/root/lisk-dex-core/src/app/modules/dex/commands/removeLiquidity.ts": {
		"path": "/root/lisk-dex-core/src/app/modules/dex/commands/removeLiquidity.ts",
		"statementMap": {
			"0": { "start": { "line": 15, "column": 0 }, "end": { "line": 15, "column": null } },
			"1": { "start": { "line": 23, "column": 0 }, "end": { "line": 23, "column": 51 } },
			"2": { "start": { "line": 24, "column": 0 }, "end": { "line": 24, "column": 51 } },
			"3": { "start": { "line": 25, "column": 0 }, "end": { "line": 25, "column": null } },
			"4": { "start": { "line": 32, "column": 0 }, "end": { "line": 32, "column": 59 } },
			"5": { "start": { "line": 34, "column": 0 }, "end": { "line": 34, "column": 77 } },
			"6": { "start": { "line": 35, "column": 0 }, "end": { "line": 35, "column": 65 } },
			"7": { "start": { "line": 38, "column": 8 }, "end": { "line": 38, "column": 41 } },
			"8": { "start": { "line": 39, "column": 8 }, "end": { "line": 39, "column": 39 } },
			"9": { "start": { "line": 44, "column": 2 }, "end": { "line": 44, "column": 34 } },
			"10": { "start": { "line": 51, "column": 2 }, "end": { "line": 58, "column": null } },
			"11": { "start": { "line": 52, "column": 3 }, "end": { "line": 52, "column": 57 } },
			"12": { "start": { "line": 54, "column": 3 }, "end": { "line": 57, "column": 5 } },
[...]
		},
		"fnMap": {
			"0": {
				"name": "(anonymous_0)",
				"decl": { "start": { "line": 20, "column": 8 }, "end": { "line": 20, "column": 9 } },
				"loc": { "start": { "line": 20, "column": 79 }, "end": { "line": 20, "column": 82 } }
			},
			"1": {
				"name": "(anonymous_1)",
				"decl": { "start": { "line": 21, "column": 8 }, "end": { "line": 21, "column": 9 } },
				"loc": { "start": { "line": 21, "column": 79 }, "end": { "line": 21, "column": 82 } }
			},
			"2": {
				"name": "(anonymous_2)",
				"decl": { "start": { "line": 22, "column": 7 }, "end": { "line": 22, "column": 8 } },
				"loc": { "start": { "line": 22, "column": 78 }, "end": { "line": 22, "column": 81 } }
			},
			"3": {
				"name": "(anonymous_3)",
				"decl": { "start": { "line": 23, "column": 7 }, "end": { "line": 23, "column": 8 } },
				"loc": { "start": { "line": 23, "column": 78 }, "end": { "line": 23, "column": 81 } }
			},
			"4": {
				"name": "(anonymous_4)",
				"decl": { "start": { "line": 24, "column": 8 }, "end": { "line": 24, "column": 9 } },
				"loc": { "start": { "line": 24, "column": 79 }, "end": { "line": 24, "column": 82 } }
			},
			"5": {
				"name": "(anonymous_5)",
				"decl": { "start": { "line": 25, "column": 8 }, "end": { "line": 25, "column": 9 } },
				"loc": { "start": { "line": 25, "column": 79 }, "end": { "line": 25, "column": 82 } }
			},
			"6": {
				"name": "(anonymous_6)",
				"decl": { "start": { "line": 26, "column": 8 }, "end": { "line": 26, "column": 19 } },
				"loc": { "start": { "line": 26, "column": 22 }, "end": { "line": 26, "column": 23 } }
			}
		},
		"branchMap": {},
		"s": { "0": 3, "1": 0 },
		"f": { "0": 0, "1": 0, "2": 0, "3": 0, "4": 0, "5": 0, "6": 0 },
		"b": {}
	},
	"/root/lisk-dex-core/test/stateMachine/prefixedStateReadWriter.ts": {
		"path": "/root/lisk-dex-core/test/stateMachine/prefixedStateReadWriter.ts",
		"statementMap": {
			"0": { "start": { "line": 19, "column": 0 }, "end": { "line": 19, "column": 51 } },
			"1": { "start": { "line": 47, "column": 2 }, "end": { "line": 47, "column": 29 } },
			"2": { "start": { "line": 48, "column": 2 }, "end": { "line": 48, "column": 43 } },
			"3": { "start": { "line": 52, "column": 2 }, "end": { "line": 52, "column": 26 } },
			"4": { "start": { "line": 56, "column": 21 }, "end": { "line": 56, "column": 73 } },
			"5": { "start": { "line": 58, "column": 2 }, "end": { "line": 58, "column": 67 } },
			"6": { "start": { "line": 62, "column": 22 }, "end": { "line": 62, "column": 39 } },
			"7": { "start": { "line": 63, "column": 2 }, "end": { "line": 63, "column": 43 } },
			"8": { "start": { "line": 67, "column": 16 }, "end": { "line": 67, "column": 35 } },
			"9": { "start": { "line": 68, "column": 2 }, "end": { "line": 68, "column": 40 } },
			"10": { "start": { "line": 72, "column": 2 }, "end": { "line": 72, "column": 49 } },
			"11": { "start": { "line": 76, "column": 2 }, "end": { "line": 76, "column": 56 } },
			"12": { "start": { "line": 85, "column": 23 }, "end": { "line": 85, "column": 50 } },
			"13": { "start": { "line": 86, "column": 2 }, "end": { "line": 86, "column": 36 } },
			"14": { "start": { "line": 90, "column": 2 }, "end": { "line": 90, "column": 48 } },
			"15": { "start": { "line": 94, "column": 25 }, "end": { "line": 98, "column": 4 } },
			"16": { "start": { "line": 99, "column": 17 }, "end": { "line": 99, "column": 61 } },
			"17": { "start": { "line": 100, "column": 2 }, "end": { "line": 103, "column": 6 } },
			"18": { "start": { "line": 100, "column": 27 }, "end": { "line": 103, "column": 4 } },
			"19": { "start": { "line": 110, "column": 25 }, "end": { "line": 114, "column": 4 } },
			"20": { "start": { "line": 115, "column": 17 }, "end": { "line": 115, "column": 61 } },
			"21": { "start": { "line": 116, "column": 2 }, "end": { "line": 119, "column": 6 } },
			"22": { "start": { "line": 116, "column": 27 }, "end": { "line": 119, "column": 4 } },
			"23": { "start": { "line": 123, "column": 2 }, "end": { "line": 123, "column": 37 } },
			"24": { "start": { "line": 127, "column": 2 }, "end": { "line": 127, "column": 47 } },
			"25": { "start": { "line": 131, "column": 2 }, "end": { "line": 131, "column": 44 } },
			"26": { "start": { "line": 42, "column": 0 }, "end": { "line": 42, "column": 13 } }
		},
		"fnMap": {
			"0": {
				"name": "(anonymous_0)",
				"decl": { "start": { "line": 46, "column": 1 }, "end": { "line": 46, "column": 20 } },
				"loc": { "start": { "line": 46, "column": 63 }, "end": { "line": 49, "column": 2 } }
			},
			"1": {
				"name": "(anonymous_1)",
				"decl": { "start": { "line": 51, "column": 1 }, "end": { "line": 51, "column": 12 } },
				"loc": { "start": { "line": 51, "column": 17 }, "end": { "line": 53, "column": 2 } }
			},
			"2": {
				"name": "(anonymous_2)",
				"decl": { "start": { "line": 55, "column": 8 }, "end": { "line": 55, "column": 16 } },
				"loc": { "start": { "line": 55, "column": 54 }, "end": { "line": 59, "column": 2 } }
			},
			"3": {
				"name": "(anonymous_3)",
				"decl": { "start": { "line": 61, "column": 8 }, "end": { "line": 61, "column": 13 } },
				"loc": { "start": { "line": 61, "column": 29 }, "end": { "line": 64, "column": 2 } }
			},
			"4": {
				"name": "(anonymous_4)",
				"decl": { "start": { "line": 66, "column": 8 }, "end": { "line": 66, "column": 13 } },
				"loc": { "start": { "line": 66, "column": 58 }, "end": { "line": 69, "column": 2 } }
			},
			"5": {
				"name": "(anonymous_5)",
				"decl": { "start": { "line": 71, "column": 8 }, "end": { "line": 71, "column": 13 } },
				"loc": { "start": { "line": 71, "column": 29 }, "end": { "line": 73, "column": 2 } }
			},
			"6": {
				"name": "(anonymous_6)",
				"decl": { "start": { "line": 75, "column": 8 }, "end": { "line": 75, "column": 13 } },
				"loc": { "start": { "line": 75, "column": 44 }, "end": { "line": 77, "column": 2 } }
			},
			"7": {
				"name": "(anonymous_7)",
				"decl": { "start": { "line": 79, "column": 8 }, "end": { "line": 79, "column": 13 } },
				"loc": { "start": { "line": 83, "column": 16 }, "end": { "line": 87, "column": 2 } }
			},
			"8": {
				"name": "(anonymous_8)",
				"decl": { "start": { "line": 89, "column": 8 }, "end": { "line": 89, "column": 13 } },
				"loc": { "start": { "line": 89, "column": 29 }, "end": { "line": 91, "column": 2 } }
			},
			"9": {
				"name": "(anonymous_9)",
				"decl": { "start": { "line": 93, "column": 8 }, "end": { "line": 93, "column": 13 } },
				"loc": { "start": { "line": 93, "column": 45 }, "end": { "line": 104, "column": 2 } }
			},
			"10": {
				"name": "(anonymous_10)",
				"decl": { "start": { "line": 100, "column": 20 }, "end": { "line": 100, "column": 22 } },
				"loc": { "start": { "line": 100, "column": 27 }, "end": { "line": 103, "column": 4 } }
			},
			"11": {
				"name": "(anonymous_11)",
				"decl": { "start": { "line": 106, "column": 8 }, "end": { "line": 106, "column": 13 } },
				"loc": { "start": { "line": 108, "column": 16 }, "end": { "line": 120, "column": 2 } }
			},
			"12": {
				"name": "(anonymous_12)",
				"decl": { "start": { "line": 116, "column": 20 }, "end": { "line": 116, "column": 22 } },
				"loc": { "start": { "line": 116, "column": 27 }, "end": { "line": 119, "column": 4 } }
			},
			"13": {
				"name": "(anonymous_13)",
				"decl": { "start": { "line": 122, "column": 8 }, "end": { "line": 122, "column": 22 } },
				"loc": { "start": { "line": 122, "column": 22 }, "end": { "line": 124, "column": 2 } }
			},
			"14": {
				"name": "(anonymous_14)",
				"decl": { "start": { "line": 126, "column": 8 }, "end": { "line": 126, "column": 23 } },
				"loc": { "start": { "line": 126, "column": 42 }, "end": { "line": 128, "column": 2 } }
			},
			"15": {
				"name": "(anonymous_15)",
				"decl": { "start": { "line": 130, "column": 9 }, "end": { "line": 130, "column": 16 } },
				"loc": { "start": { "line": 130, "column": 28 }, "end": { "line": 132, "column": 2 } }
			}
		},
		"branchMap": {
			"0": {
				"loc": { "start": { "line": 48, "column": 17 }, "end": { "line": 48, "column": 42 } },
				"type": "cond-expr",
				"locations": [
					{ "start": { "line": 48, "column": 17 }, "end": { "line": 48, "column": 23 } },
					{ "start": { "line": 48, "column": 27 }, "end": { "line": 48, "column": 42 } }
				]
			},
			"1": {
				"loc": { "start": { "line": 48, "column": 17 }, "end": { "line": 48, "column": 27 } },
				"type": "binary-expr",
				"locations": [
					{ "start": { "line": 48, "column": 17 }, "end": { "line": 48, "column": 27 } },
					{ "start": { "line": 48, "column": 17 }, "end": { "line": 48, "column": 27 } }
				]
			},
			"2": {
				"loc": { "start": { "line": 96, "column": 8 }, "end": { "line": 96, "column": 59 } },
				"type": "cond-expr",
				"locations": [
					{ "start": { "line": 96, "column": 22 }, "end": { "line": 96, "column": 47 } },
					{ "start": { "line": 96, "column": 50 }, "end": { "line": 96, "column": 59 } }
				]
			},
			"3": {
				"loc": { "start": { "line": 97, "column": 8 }, "end": { "line": 97, "column": 59 } },
				"type": "cond-expr",
				"locations": [
					{ "start": { "line": 97, "column": 22 }, "end": { "line": 97, "column": 47 } },
					{ "start": { "line": 97, "column": 50 }, "end": { "line": 97, "column": 59 } }
				]
			},
			"4": {
				"loc": { "start": { "line": 112, "column": 8 }, "end": { "line": 112, "column": 59 } },
				"type": "cond-expr",
				"locations": [
					{ "start": { "line": 112, "column": 22 }, "end": { "line": 112, "column": 47 } },
					{ "start": { "line": 112, "column": 50 }, "end": { "line": 112, "column": 59 } }
				]
			},
			"5": {
				"loc": { "start": { "line": 113, "column": 8 }, "end": { "line": 113, "column": 59 } },
				"type": "cond-expr",
				"locations": [
					{ "start": { "line": 113, "column": 22 }, "end": { "line": 113, "column": 47 } },
					{ "start": { "line": 113, "column": 50 }, "end": { "line": 113, "column": 59 } }
				]
			}
		},
		"s": {
			"0": 3,
			"1": 631,
			"2": 631,
			"3": 0,
			"4": 628,
			"5": 628,
			"6": 69,
			"7": 69,
			"8": 69,
			"9": 69,
			"10": 7,
			"11": 537,
			"12": 537,
			"13": 537,
			"14": 0,
			"15": 0,
			"16": 0,
			"17": 0,
			"18": 0,
			"19": 15,
			"20": 15,
			"21": 15,
			"22": 62,
			"23": 0,
			"24": 0,
			"25": 643,
			"26": 3
		},
		"f": {
			"0": 631,
			"1": 0,
			"2": 628,
			"3": 69,
			"4": 69,
			"5": 7,
			"6": 537,
			"7": 537,
			"8": 0,
			"9": 0,
			"10": 0,
			"11": 15,
			"12": 62,
			"13": 0,
			"14": 0,
			"15": 643
		},
		"b": { "0": [628, 3], "1": [631, 631], "2": [0, 0], "3": [0, 0], "4": [15, 0], "5": [15, 0] }
	},
	"/root/lisk-dex-core/test/unit/modules/dex/inMemoryPrefixedState.ts": {
		"path": "/root/lisk-dex-core/test/unit/modules/dex/inMemoryPrefixedState.ts",
		"statementMap": {
			"0": { "start": { "line": 16, "column": 0 }, "end": { "line": 16, "column": 67 } },
			"1": { "start": { "line": 24, "column": 2 }, "end": { "line": 24, "column": 36 } },
			"2": { "start": { "line": 28, "column": 2 }, "end": { "line": 28, "column": 27 } },
			"3": { "start": { "line": 32, "column": 2 }, "end": { "line": 32, "column": 27 } },
			"4": { "start": { "line": 36, "column": 2 }, "end": { "line": 36, "column": 34 } },
			"5": { "start": { "line": 40, "column": 2 }, "end": { "line": 40, "column": 27 } },
			"6": { "start": { "line": 46, "column": 17 }, "end": { "line": 46, "column": 42 } },
			"7": { "start": { "line": 48, "column": 16 }, "end": { "line": 60, "column": 4 } },
			"8": { "start": { "line": 49, "column": 52 }, "end": { "line": 49, "column": 54 } },
			"9": { "start": { "line": 50, "column": 3 }, "end": { "line": 59, "column": 7 } },
			"10": { "start": { "line": 52, "column": 5 }, "end": { "line": 52, "column": 33 } },
			"11": { "start": { "line": 55, "column": 5 }, "end": { "line": 55, "column": 19 } },
			"12": { "start": { "line": 58, "column": 5 }, "end": { "line": 58, "column": 21 } },
			"13": { "start": { "line": 62, "column": 2 }, "end": { "line": 62, "column": 15 } },
			"14": { "start": { "line": 67, "column": 2 }, "end": { "line": 67, "column": 11 } },
			"15": { "start": { "line": 18, "column": 0 }, "end": { "line": 18, "column": 13 } }
		},
		"fnMap": {
			"0": {
				"name": "(anonymous_0)",
				"decl": { "start": { "line": 23, "column": 1 }, "end": { "line": 23, "column": null } },
				"loc": { "start": { "line": 23, "column": 1 }, "end": { "line": 25, "column": 2 } }
			},
			"1": {
				"name": "(anonymous_1)",
				"decl": { "start": { "line": 27, "column": 8 }, "end": { "line": 27, "column": 13 } },
				"loc": { "start": { "line": 27, "column": 29 }, "end": { "line": 29, "column": 2 } }
			},
			"2": {
				"name": "(anonymous_2)",
				"decl": { "start": { "line": 31, "column": 8 }, "end": { "line": 31, "column": 13 } },
				"loc": { "start": { "line": 31, "column": 29 }, "end": { "line": 33, "column": 2 } }
			},
			"3": {
				"name": "(anonymous_3)",
				"decl": { "start": { "line": 35, "column": 8 }, "end": { "line": 35, "column": 13 } },
				"loc": { "start": { "line": 35, "column": 44 }, "end": { "line": 37, "column": 2 } }
			},
			"4": {
				"name": "(anonymous_4)",
				"decl": { "start": { "line": 39, "column": 8 }, "end": { "line": 39, "column": 13 } },
				"loc": { "start": { "line": 39, "column": 29 }, "end": { "line": 41, "column": 2 } }
			},
			"5": {
				"name": "(anonymous_5)",
				"decl": { "start": { "line": 43, "column": 8 }, "end": { "line": 43, "column": 13 } },
				"loc": { "start": { "line": 43, "column": 19 }, "end": { "line": 43, "column": 24 } }
			},
			"6": {
				"name": "(anonymous_6)",
				"decl": { "start": { "line": 45, "column": 8 }, "end": { "line": 45, "column": 13 } },
				"loc": { "start": { "line": 45, "column": 44 }, "end": { "line": 63, "column": 2 } }
			},
			"7": {
				"name": "(anonymous_7)",
				"decl": { "start": { "line": 48, "column": 68 }, "end": { "line": 48, "column": 69 } },
				"loc": { "start": { "line": 48, "column": 88 }, "end": { "line": 60, "column": 3 } }
			},
			"8": {
				"name": "(anonymous_8)",
				"decl": { "start": { "line": 51, "column": 16 }, "end": { "line": 51, "column": 17 } },
				"loc": { "start": { "line": 51, "column": 67 }, "end": { "line": 53, "column": 5 } }
			},
			"9": {
				"name": "(anonymous_9)",
				"decl": { "start": { "line": 54, "column": 17 }, "end": { "line": 54, "column": 22 } },
				"loc": { "start": { "line": 54, "column": 25 }, "end": { "line": 56, "column": 5 } }
			},
			"10": {
				"name": "(anonymous_10)",
				"decl": { "start": { "line": 57, "column": 15 }, "end": { "line": 57, "column": 18 } },
				"loc": { "start": { "line": 57, "column": 20 }, "end": { "line": 59, "column": 5 } }
			},
			"11": {
				"name": "(anonymous_11)",
				"decl": { "start": { "line": 66, "column": 8 }, "end": { "line": 66, "column": 16 } },
				"loc": { "start": { "line": 66, "column": 16 }, "end": { "line": 68, "column": 2 } }
			},
			"12": {
				"name": "(anonymous_12)",
				"decl": { "start": { "line": 71, "column": 8 }, "end": { "line": 71, "column": 23 } },
				"loc": { "start": { "line": 71, "column": 23 }, "end": { "line": 71, "column": 34 } }
			}
		},
		"branchMap": {},
		"s": {
			"0": 4,
			"1": 4,
			"2": 74,
			"3": 7,
			"4": 552,
			"5": 0,
			"6": 17,
			"7": 17,
			"8": 17,
			"9": 17,
			"10": 70,
			"11": 0,
			"12": 17,
			"13": 17,
			"14": 0,
			"15": 4
		},
		"f": {
			"0": 4,
			"1": 74,
			"2": 7,
			"3": 552,
			"4": 0,
			"5": 0,
			"6": 17,
			"7": 17,
			"8": 70,
			"9": 0,
			"10": 17,
			"11": 0,
			"12": 0
		},
		"b": {}
	},
	"/root/lisk-dex-core/test/unit/modules/dex/fixtures/addLiquidityFixture.ts": {
		"path": "/root/lisk-dex-core/test/unit/modules/dex/fixtures/addLiquidityFixture.ts",
		"statementMap": {
			"0": { "start": { "line": 15, "column": 0 }, "end": { "line": 15, "column": 47 } },
			"1": { "start": { "line": 17, "column": 0 }, "end": { "line": 17, "column": 80 } },
			"2": { "start": { "line": 20, "column": 18 }, "end": { "line": 20, "column": 30 } },
			"3": { "start": { "line": 22, "column": 24 }, "end": { "line": 22, "column": 86 } },
			"4": { "start": { "line": 23, "column": 18 }, "end": { "line": 23, "column": 42 } },
			"5": { "start": { "line": 24, "column": 19 }, "end": { "line": 24, "column": 51 } },
			"6": { "start": { "line": 26, "column": 31 }, "end": { "line": 33, "column": 2 } },
			"7": { "start": { "line": 35, "column": 21 }, "end": { "line": 42, "column": 2 } },
			"8": { "start": { "line": 43, "column": 13 }, "end": { "line": 66, "column": 2 } }
		},
		"fnMap": {},
		"branchMap": {},
		"s": { "0": 1, "1": 1, "2": 1, "3": 1, "4": 1, "5": 1, "6": 1, "7": 1, "8": 1 },
		"f": {},
		"b": {}
	},
	"/root/lisk-dex-core/test/unit/modules/dex/fixtures/createPoolFixture.ts": {
		"path": "/root/lisk-dex-core/test/unit/modules/dex/fixtures/createPoolFixture.ts",
		"statementMap": {
			"0": { "start": { "line": 15, "column": 0 }, "end": { "line": 15, "column": 47 } },
			"1": { "start": { "line": 17, "column": 0 }, "end": { "line": 17, "column": 82 } },
			"2": { "start": { "line": 18, "column": 0 }, "end": { "line": 18, "column": 78 } },
			"3": { "start": { "line": 21, "column": 18 }, "end": { "line": 21, "column": 30 } },
			"4": { "start": { "line": 23, "column": 24 }, "end": { "line": 23, "column": 62 } },
			"5": { "start": { "line": 24, "column": 18 }, "end": { "line": 24, "column": 42 } },
			"6": { "start": { "line": 25, "column": 17 }, "end": { "line": 25, "column": 49 } },
			"7": { "start": { "line": 26, "column": 17 }, "end": { "line": 26, "column": 49 } },
			"8": { "start": { "line": 27, "column": 20 }, "end": { "line": 27, "column": 30 } },
			"9": { "start": { "line": 29, "column": 31 }, "end": { "line": 36, "column": 2 } },
			"10": { "start": { "line": 38, "column": 21 }, "end": { "line": 50, "column": 2 } },
			"11": { "start": { "line": 52, "column": 13 }, "end": { "line": 107, "column": 2 } },
			"12": { "start": { "line": 109, "column": 49 }, "end": { "line": 125, "column": 1 } },
			"13": { "start": { "line": 110, "column": 1 }, "end": { "line": 110, "column": 20 } },
			"14": { "start": { "line": 111, "column": 1 }, "end": { "line": 124, "column": 3 } },
			"15": { "start": { "line": 109, "column": 13 }, "end": { "line": 109, "column": 49 } }
		},
		"fnMap": {
			"0": {
				"name": "(anonymous_0)",
				"decl": { "start": { "line": 109, "column": 49 }, "end": { "line": 109, "column": 62 } },
				"loc": { "start": { "line": 109, "column": 64 }, "end": { "line": 125, "column": 1 } }
			}
		},
		"branchMap": {},
		"s": {
			"0": 1,
			"1": 1,
			"2": 1,
			"3": 1,
			"4": 1,
			"5": 1,
			"6": 1,
			"7": 1,
			"8": 1,
			"9": 1,
			"10": 1,
			"11": 1,
			"12": 1,
			"13": 10000,
			"14": 10000,
			"15": 1
		},
		"f": { "0": 10000 },
		"b": {}
	},
	"/root/lisk-dex-core/test/unit/modules/dex/fixtures/createPositionFixture.ts": {
		"path": "/root/lisk-dex-core/test/unit/modules/dex/fixtures/createPositionFixture.ts",
		"statementMap": {
			"0": { "start": { "line": 15, "column": 0 }, "end": { "line": 15, "column": 47 } },
			"1": { "start": { "line": 16, "column": 0 }, "end": { "line": 16, "column": 82 } },
			"2": { "start": { "line": 18, "column": 0 }, "end": { "line": 18, "column": 82 } },
			"3": { "start": { "line": 21, "column": 18 }, "end": { "line": 21, "column": 30 } },
			"4": { "start": { "line": 23, "column": 24 }, "end": { "line": 23, "column": 62 } },
			"5": { "start": { "line": 24, "column": 18 }, "end": { "line": 24, "column": 42 } },
			"6": { "start": { "line": 25, "column": 15 }, "end": { "line": 25, "column": 65 } },
			"7": { "start": { "line": 27, "column": 31 }, "end": { "line": 34, "column": 2 } },
			"8": { "start": { "line": 36, "column": 21 }, "end": { "line": 45, "column": 2 } },
			"9": { "start": { "line": 47, "column": 13 }, "end": { "line": 82, "column": 2 } }
		},
		"fnMap": {},
		"branchMap": {},
		"s": { "0": 1, "1": 1, "2": 1, "3": 1, "4": 1, "5": 1, "6": 1, "7": 1, "8": 1, "9": 1 },
		"f": {},
		"b": {}
	}
}
