{
	"/root/lisk-dex-core/src/app/modules.ts": {
		"path": "/root/lisk-dex-core/src/app/modules.ts",
		"statementMap": {
			"0": { "start": { "line": 1, "column": 0 }, "end": { "line": 1, "column": 9 } },
			"1": { "start": { "line": 1, "column": 9 }, "end": { "line": 1, "column": 49 } },
			"2": { "start": { "line": 2, "column": 0 }, "end": { "line": 2, "column": 9 } },
			"3": { "start": { "line": 2, "column": 9 }, "end": { "line": 2, "column": 63 } },
			"4": { "start": { "line": 3, "column": 0 }, "end": { "line": 3, "column": 9 } },
			"5": { "start": { "line": 3, "column": 9 }, "end": { "line": 3, "column": 69 } }
		},
		"fnMap": {
			"0": {
				"name": "(anonymous_0)",
				"decl": { "start": { "line": 1, "column": 9 }, "end": { "line": 1, "column": 18 } },
				"loc": { "start": { "line": 1, "column": 9 }, "end": { "line": 1, "column": 49 } }
			},
			"1": {
				"name": "(anonymous_1)",
				"decl": { "start": { "line": 2, "column": 9 }, "end": { "line": 2, "column": 25 } },
				"loc": { "start": { "line": 2, "column": 9 }, "end": { "line": 2, "column": 63 } }
			},
			"2": {
				"name": "(anonymous_2)",
				"decl": { "start": { "line": 3, "column": 9 }, "end": { "line": 3, "column": 28 } },
				"loc": { "start": { "line": 3, "column": 9 }, "end": { "line": 3, "column": 69 } }
			}
		},
		"branchMap": {},
		"s": { "0": 11, "1": 10023, "2": 11, "3": 11, "4": 11, "5": 12 },
		"f": { "0": 10012, "1": 0, "2": 1 },
		"b": {}
	},
	"/root/lisk-dex-core/src/app/modules/dex/constants.ts": {
		"path": "/root/lisk-dex-core/src/app/modules/dex/constants.ts",
		"statementMap": {
			"0": { "start": { "line": 15, "column": 0 }, "end": { "line": 15, "column": 49 } },
			"1": { "start": { "line": 18, "column": 13 }, "end": { "line": 18, "column": 36 } },
			"2": { "start": { "line": 19, "column": 13 }, "end": { "line": 19, "column": 36 } },
			"3": { "start": { "line": 20, "column": 13 }, "end": { "line": 20, "column": 38 } },
			"4": { "start": { "line": 21, "column": 13 }, "end": { "line": 21, "column": 58 } },
			"5": { "start": { "line": 24, "column": 13 }, "end": { "line": 24, "column": 56 } },
			"6": { "start": { "line": 25, "column": 13 }, "end": { "line": 25, "column": 37 } },
			"7": { "start": { "line": 26, "column": 13 }, "end": { "line": 26, "column": 61 } },
			"8": { "start": { "line": 27, "column": 13 }, "end": { "line": 27, "column": 36 } },
			"9": { "start": { "line": 28, "column": 13 }, "end": { "line": 28, "column": 36 } },
			"10": { "start": { "line": 29, "column": 13 }, "end": { "line": 29, "column": 40 } },
			"11": { "start": { "line": 30, "column": 13 }, "end": { "line": 30, "column": 44 } },
			"12": { "start": { "line": 31, "column": 13 }, "end": { "line": 31, "column": 31 } },
			"13": { "start": { "line": 32, "column": 13 }, "end": { "line": 32, "column": 52 } },
			"14": { "start": { "line": 33, "column": 13 }, "end": { "line": 33, "column": 59 } },
			"15": { "start": { "line": 34, "column": 13 }, "end": { "line": 34, "column": 52 } },
			"16": { "start": { "line": 35, "column": 13 }, "end": { "line": 35, "column": 53 } },
			"17": { "start": { "line": 38, "column": 13 }, "end": { "line": 38, "column": 64 } },
			"18": { "start": { "line": 39, "column": 13 }, "end": { "line": 39, "column": 36 } },
			"19": { "start": { "line": 42, "column": 13 }, "end": { "line": 42, "column": 60 } },
			"20": { "start": { "line": 43, "column": 13 }, "end": { "line": 43, "column": 66 } },
			"21": { "start": { "line": 44, "column": 13 }, "end": { "line": 44, "column": 64 } },
			"22": { "start": { "line": 45, "column": 13 }, "end": { "line": 45, "column": 64 } },
			"23": { "start": { "line": 48, "column": 13 }, "end": { "line": 48, "column": 70 } },
			"24": { "start": { "line": 49, "column": 13 }, "end": { "line": 49, "column": 71 } },
			"25": { "start": { "line": 50, "column": 13 }, "end": { "line": 50, "column": 75 } },
			"26": { "start": { "line": 51, "column": 13 }, "end": { "line": 51, "column": 65 } },
			"27": { "start": { "line": 52, "column": 13 }, "end": { "line": 52, "column": 53 } },
			"28": { "start": { "line": 53, "column": 13 }, "end": { "line": 53, "column": 69 } },
			"29": { "start": { "line": 54, "column": 13 }, "end": { "line": 54, "column": 67 } },
			"30": { "start": { "line": 55, "column": 13 }, "end": { "line": 55, "column": 70 } },
			"31": { "start": { "line": 56, "column": 13 }, "end": { "line": 56, "column": 66 } },
			"32": { "start": { "line": 59, "column": 13 }, "end": { "line": 59, "column": 32 } },
			"33": { "start": { "line": 60, "column": 13 }, "end": { "line": 60, "column": 31 } },
			"34": { "start": { "line": 61, "column": 13 }, "end": { "line": 61, "column": 31 } },
			"35": { "start": { "line": 62, "column": 13 }, "end": { "line": 62, "column": 49 } },
			"36": { "start": { "line": 63, "column": 13 }, "end": { "line": 63, "column": 90 } },
			"37": { "start": { "line": 64, "column": 13 }, "end": { "line": 85, "column": 2 } },
			"38": { "start": { "line": 87, "column": 13 }, "end": { "line": 87, "column": 39 } },
			"39": { "start": { "line": 88, "column": 13 }, "end": { "line": 88, "column": 55 } },
			"40": { "start": { "line": 89, "column": 13 }, "end": { "line": 89, "column": 53 } },
			"41": { "start": { "line": 90, "column": 13 }, "end": { "line": 90, "column": 43 } },
			"42": { "start": { "line": 91, "column": 13 }, "end": { "line": 91, "column": 50 } },
			"43": { "start": { "line": 92, "column": 13 }, "end": { "line": 92, "column": 63 } },
			"44": { "start": { "line": 93, "column": 13 }, "end": { "line": 93, "column": 56 } },
			"45": { "start": { "line": 94, "column": 13 }, "end": { "line": 94, "column": 51 } },
			"46": { "start": { "line": 95, "column": 13 }, "end": { "line": 95, "column": 50 } },
			"47": { "start": { "line": 96, "column": 13 }, "end": { "line": 96, "column": 63 } },
			"48": { "start": { "line": 97, "column": 13 }, "end": { "line": 97, "column": 67 } },
			"49": { "start": { "line": 98, "column": 13 }, "end": { "line": 98, "column": 71 } },
			"50": { "start": { "line": 100, "column": 13 }, "end": { "line": 100, "column": 72 } },
			"51": { "start": { "line": 102, "column": 13 }, "end": { "line": 109, "column": 2 } },
			"52": { "start": { "line": 113, "column": 0 }, "end": { "line": 113, "column": null } },
			"53": { "start": { "line": 114, "column": 1 }, "end": { "line": 114, "column": null } },
			"54": { "start": { "line": 115, "column": 1 }, "end": { "line": 115, "column": null } },
			"55": { "start": { "line": 116, "column": 1 }, "end": { "line": 116, "column": null } },
			"56": { "start": { "line": 117, "column": 1 }, "end": { "line": 117, "column": null } },
			"57": { "start": { "line": 120, "column": 13 }, "end": { "line": 120, "column": 42 } },
			"58": { "start": { "line": 122, "column": 13 }, "end": { "line": 124, "column": 30 } },
			"59": { "start": { "line": 126, "column": 13 }, "end": { "line": 129, "column": 2 } },
			"60": { "start": { "line": 131, "column": 13 }, "end": { "line": 131, "column": 52 } }
		},
		"fnMap": {
			"0": {
				"name": "(anonymous_0)",
				"decl": { "start": { "line": 113, "column": 0 }, "end": { "line": 113, "column": 12 } },
				"loc": { "start": { "line": 113, "column": 29 }, "end": { "line": 118, "column": 1 } }
			}
		},
		"branchMap": {
			"0": {
				"loc": { "start": { "line": 113, "column": 12 }, "end": { "line": 113, "column": null } },
				"type": "binary-expr",
				"locations": [
					{ "start": { "line": 113, "column": 12 }, "end": { "line": 113, "column": 29 } },
					{ "start": { "line": 113, "column": 12 }, "end": { "line": 113, "column": null } }
				]
			}
		},
		"s": {
			"0": 25,
			"1": 25,
			"2": 25,
			"3": 25,
			"4": 25,
			"5": 25,
			"6": 25,
			"7": 25,
			"8": 25,
			"9": 25,
			"10": 25,
			"11": 25,
			"12": 25,
			"13": 25,
			"14": 25,
			"15": 25,
			"16": 25,
			"17": 25,
			"18": 25,
			"19": 25,
			"20": 25,
			"21": 25,
			"22": 25,
			"23": 25,
			"24": 25,
			"25": 25,
			"26": 25,
			"27": 25,
			"28": 25,
			"29": 25,
			"30": 25,
			"31": 25,
			"32": 25,
			"33": 25,
			"34": 25,
			"35": 25,
			"36": 25,
			"37": 25,
			"38": 25,
			"39": 25,
			"40": 25,
			"41": 25,
			"42": 25,
			"43": 25,
			"44": 25,
			"45": 25,
			"46": 25,
			"47": 25,
			"48": 25,
			"49": 25,
			"50": 25,
			"51": 25,
			"52": 25,
			"53": 25,
			"54": 25,
			"55": 25,
			"56": 25,
			"57": 25,
			"58": 25,
			"59": 25,
			"60": 25
		},
		"f": { "0": 25 },
		"b": { "0": [25, 25] }
	},
	"/root/lisk-dex-core/src/app/modules/dex/endpoint.ts": {
		"path": "/root/lisk-dex-core/src/app/modules/dex/endpoint.ts",
		"statementMap": {
			"0": { "start": { "line": 15, "column": 0 }, "end": { "line": 15, "column": 76 } },
			"1": { "start": { "line": 17, "column": 0 }, "end": { "line": 17, "column": null } },
			"2": { "start": { "line": 25, "column": 0 }, "end": { "line": 25, "column": 38 } },
			"3": { "start": { "line": 28, "column": 0 }, "end": { "line": 28, "column": null } },
			"4": { "start": { "line": 38, "column": 0 }, "end": { "line": 38, "column": 87 } },
			"5": { "start": { "line": 39, "column": 0 }, "end": { "line": 39, "column": 77 } },
			"6": { "start": { "line": 40, "column": 0 }, "end": { "line": 40, "column": 77 } },
			"7": { "start": { "line": 41, "column": 0 }, "end": { "line": 41, "column": 93 } },
			"8": { "start": { "line": 42, "column": 0 }, "end": { "line": 42, "column": 48 } },
			"9": { "start": { "line": 48, "column": 20 }, "end": { "line": 48, "column": 47 } },
			"10": { "start": { "line": 49, "column": 16 }, "end": { "line": 49, "column": 53 } },
			"11": { "start": { "line": 50, "column": 28 }, "end": { "line": 50, "column": 30 } },
			"12": { "start": { "line": 51, "column": 2 }, "end": { "line": 55, "column": null } },
			"13": { "start": { "line": 52, "column": 3 }, "end": { "line": 54, "column": 6 } },
			"14": { "start": { "line": 53, "column": 4 }, "end": { "line": 53, "column": 29 } },
			"15": { "start": { "line": 56, "column": 2 }, "end": { "line": 56, "column": 17 } },
			"16": { "start": { "line": 60, "column": 17 }, "end": { "line": 60, "column": 35 } },
			"17": { "start": { "line": 61, "column": 21 }, "end": { "line": 61, "column": 60 } },
			"18": { "start": { "line": 62, "column": 2 }, "end": { "line": 67, "column": null } },
			"19": { "start": { "line": 63, "column": 3 }, "end": { "line": 66, "column": 6 } },
			"20": { "start": { "line": 64, "column": 4 }, "end": { "line": 64, "column": 36 } },
			"21": { "start": { "line": 65, "column": 4 }, "end": { "line": 65, "column": 36 } },
			"22": { "start": { "line": 68, "column": 2 }, "end": { "line": 68, "column": 16 } },
			"23": { "start": { "line": 72, "column": 27 }, "end": { "line": 72, "column": 29 } },
			"24": { "start": { "line": 73, "column": 2 }, "end": { "line": 77, "column": 5 } },
			"25": { "start": { "line": 74, "column": 3 }, "end": { "line": 76, "column": null } },
			"26": { "start": { "line": 75, "column": 4 }, "end": { "line": 75, "column": 28 } },
			"27": { "start": { "line": 78, "column": 2 }, "end": { "line": 78, "column": 16 } },
			"28": { "start": { "line": 82, "column": 21 }, "end": { "line": 82, "column": 48 } },
			"29": { "start": { "line": 83, "column": 14 }, "end": { "line": 83, "column": 62 } },
			"30": { "start": { "line": 84, "column": 2 }, "end": { "line": 84, "column": 13 } },
			"31": { "start": { "line": 92, "column": 16 }, "end": { "line": 92, "column": 57 } },
			"32": { "start": { "line": 93, "column": 2 }, "end": { "line": 95, "column": null } },
			"33": { "start": { "line": 94, "column": 3 }, "end": { "line": 94, "column": 21 } },
			"34": { "start": { "line": 96, "column": 23 }, "end": { "line": 96, "column": 50 } },
			"35": { "start": { "line": 97, "column": 2 }, "end": { "line": 99, "column": null } },
			"36": { "start": { "line": 98, "column": 3 }, "end": { "line": 98, "column": 23 } },
			"37": { "start": { "line": 100, "column": 2 }, "end": { "line": 100, "column": 30 } },
			"38": { "start": { "line": 104, "column": 25 }, "end": { "line": 104, "column": 56 } },
			"39": { "start": { "line": 105, "column": 2 }, "end": { "line": 105, "column": 60 } },
			"40": { "start": { "line": 113, "column": 2 }, "end": { "line": 115, "column": null } },
			"41": { "start": { "line": 114, "column": 3 }, "end": { "line": 114, "column": 21 } },
			"42": { "start": { "line": 116, "column": 25 }, "end": { "line": 116, "column": 56 } },
			"43": { "start": { "line": 117, "column": 28 }, "end": { "line": 117, "column": 79 } },
			"44": { "start": { "line": 118, "column": 2 }, "end": { "line": 118, "column": 27 } },
			"45": { "start": { "line": 125, "column": 26 }, "end": { "line": 125, "column": 58 } },
			"46": { "start": { "line": 126, "column": 30 }, "end": { "line": 126, "column": 81 } },
			"47": { "start": { "line": 127, "column": 2 }, "end": { "line": 131, "column": null } },
			"48": { "start": { "line": 128, "column": 3 }, "end": { "line": 128, "column": 56 } },
			"49": { "start": { "line": 130, "column": 3 }, "end": { "line": 130, "column": 30 } },
			"50": { "start": { "line": 139, "column": 26 }, "end": { "line": 139, "column": 58 } },
			"51": { "start": { "line": 140, "column": 14 }, "end": { "line": 140, "column": 61 } },
			"52": { "start": { "line": 141, "column": 30 }, "end": { "line": 141, "column": 75 } },
			"53": { "start": { "line": 142, "column": 2 }, "end": { "line": 146, "column": null } },
			"54": { "start": { "line": 143, "column": 3 }, "end": { "line": 143, "column": 70 } },
			"55": { "start": { "line": 145, "column": 3 }, "end": { "line": 145, "column": 30 } },
			"56": { "start": { "line": 154, "column": 18 }, "end": { "line": 154, "column": 41 } },
			"57": { "start": { "line": 155, "column": 18 }, "end": { "line": 155, "column": 37 } },
			"58": { "start": { "line": 156, "column": 2 }, "end": { "line": 156, "column": 96 } },
			"59": { "start": { "line": 164, "column": 18 }, "end": { "line": 164, "column": 41 } },
			"60": { "start": { "line": 165, "column": 18 }, "end": { "line": 165, "column": 37 } },
			"61": { "start": { "line": 166, "column": 2 }, "end": { "line": 166, "column": 96 } },
			"62": { "start": { "line": 170, "column": 26 }, "end": { "line": 170, "column": 42 } },
			"63": { "start": { "line": 171, "column": 29 }, "end": { "line": 171, "column": 52 } },
			"64": { "start": { "line": 173, "column": 2 }, "end": { "line": 173, "column": 33 } },
			"65": { "start": { "line": 177, "column": 2 }, "end": { "line": 177, "column": 44 } },
			"66": { "start": { "line": 181, "column": 26 }, "end": { "line": 181, "column": 94 } },
			"67": { "start": { "line": 182, "column": 29 }, "end": { "line": 182, "column": 52 } },
			"68": { "start": { "line": 183, "column": 2 }, "end": { "line": 183, "column": 33 } },
			"69": { "start": { "line": 191, "column": 15 }, "end": { "line": 191, "column": 56 } },
			"70": { "start": { "line": 192, "column": 23 }, "end": { "line": 192, "column": 85 } },
			"71": { "start": { "line": 193, "column": 23 }, "end": { "line": 193, "column": 85 } },
			"72": { "start": { "line": 194, "column": 19 }, "end": { "line": 194, "column": 38 } },
			"73": { "start": { "line": 195, "column": 19 }, "end": { "line": 195, "column": 38 } },
			"74": { "start": { "line": 197, "column": 2 }, "end": { "line": 206, "column": null } },
			"75": { "start": { "line": 198, "column": 26 }, "end": { "line": 200, "column": null } },
			"76": { "start": { "line": 202, "column": 3 }, "end": { "line": 205, "column": 5 } },
			"77": { "start": { "line": 207, "column": 2 }, "end": { "line": 216, "column": null } },
			"78": { "start": { "line": 208, "column": 26 }, "end": { "line": 210, "column": null } },
			"79": { "start": { "line": 212, "column": 3 }, "end": { "line": 215, "column": 5 } },
			"80": { "start": { "line": 218, "column": 20 }, "end": { "line": 220, "column": null } },
			"81": { "start": { "line": 222, "column": 20 }, "end": { "line": 224, "column": null } },
			"82": { "start": { "line": 226, "column": 2 }, "end": { "line": 226, "column": 52 } },
			"83": { "start": { "line": 234, "column": 19 }, "end": { "line": 234, "column": 95 } },
			"84": { "start": { "line": 235, "column": 14 }, "end": { "line": 235, "column": 23 } },
			"85": { "start": { "line": 237, "column": 2 }, "end": { "line": 239, "column": null } },
			"86": { "start": { "line": 238, "column": 3 }, "end": { "line": 238, "column": 97 } },
			"87": { "start": { "line": 240, "column": 2 }, "end": { "line": 242, "column": null } },
			"88": { "start": { "line": 241, "column": 3 }, "end": { "line": 241, "column": 68 } },
			"89": { "start": { "line": 244, "column": 16 }, "end": { "line": 244, "column": 29 } },
			"90": { "start": { "line": 246, "column": 2 }, "end": { "line": 265, "column": null } },
			"91": { "start": { "line": 247, "column": 31 }, "end": { "line": 252, "column": null } },
			"92": { "start": { "line": 255, "column": 25 }, "end": { "line": 255, "column": 38 } },
			"93": { "start": { "line": 257, "column": 32 }, "end": { "line": 257, "column": 52 } },
			"94": { "start": { "line": 259, "column": 3 }, "end": { "line": 263, "column": null } },
			"95": { "start": { "line": 260, "column": 4 }, "end": { "line": 260, "column": 51 } },
			"96": { "start": { "line": 261, "column": 10 }, "end": { "line": 263, "column": null } },
			"97": { "start": { "line": 262, "column": 4 }, "end": { "line": 262, "column": 51 } },
			"98": { "start": { "line": 264, "column": 3 }, "end": { "line": 264, "column": 16 } },
			"99": { "start": { "line": 266, "column": 2 }, "end": { "line": 266, "column": 15 } },
			"100": { "start": { "line": 270, "column": 28 }, "end": { "line": 270, "column": 30 } },
			"101": { "start": { "line": 271, "column": 26 }, "end": { "line": 271, "column": 58 } },
			"102": { "start": { "line": 272, "column": 21 }, "end": { "line": 272, "column": 64 } },
			"103": { "start": { "line": 273, "column": 2 }, "end": { "line": 275, "column": 5 } },
			"104": { "start": { "line": 274, "column": 3 }, "end": { "line": 274, "column": 28 } },
			"105": { "start": { "line": 276, "column": 2 }, "end": { "line": 276, "column": 17 } },
			"106": { "start": { "line": 283, "column": 27 }, "end": { "line": 283, "column": 29 } },
			"107": { "start": { "line": 284, "column": 19 }, "end": { "line": 284, "column": 56 } },
			"108": { "start": { "line": 285, "column": 2 }, "end": { "line": 289, "column": 5 } },
			"109": { "start": { "line": 286, "column": 3 }, "end": { "line": 288, "column": null } },
			"110": { "start": { "line": 287, "column": 4 }, "end": { "line": 287, "column": 24 } },
			"111": { "start": { "line": 290, "column": 2 }, "end": { "line": 290, "column": 16 } },
			"112": { "start": { "line": 44, "column": 0 }, "end": { "line": 44, "column": 13 } }
		},
		"fnMap": {
			"0": {
				"name": "(anonymous_0)",
				"decl": { "start": { "line": 45, "column": 8 }, "end": { "line": 45, "column": 13 } },
				"loc": { "start": { "line": 46, "column": 54 }, "end": { "line": 57, "column": 2 } }
			},
			"1": {
				"name": "(anonymous_1)",
				"decl": { "start": { "line": 52, "column": 17 }, "end": { "line": 52, "column": 23 } },
				"loc": { "start": { "line": 52, "column": 26 }, "end": { "line": 54, "column": 4 } }
			},
			"2": {
				"name": "(anonymous_2)",
				"decl": { "start": { "line": 59, "column": 8 }, "end": { "line": 59, "column": 13 } },
				"loc": { "start": { "line": 59, "column": 65 }, "end": { "line": 69, "column": 2 } }
			},
			"3": {
				"name": "(anonymous_3)",
				"decl": { "start": { "line": 63, "column": 22 }, "end": { "line": 63, "column": 28 } },
				"loc": { "start": { "line": 63, "column": 31 }, "end": { "line": 66, "column": 4 } }
			},
			"4": {
				"name": "(anonymous_4)",
				"decl": { "start": { "line": 71, "column": 8 }, "end": { "line": 71, "column": 31 } },
				"loc": { "start": { "line": 71, "column": 77 }, "end": { "line": 79, "column": 2 } }
			},
			"5": {
				"name": "(anonymous_5)",
				"decl": { "start": { "line": 73, "column": 26 }, "end": { "line": 73, "column": 36 } },
				"loc": { "start": { "line": 73, "column": 39 }, "end": { "line": 77, "column": 3 } }
			},
			"6": {
				"name": "(anonymous_6)",
				"decl": { "start": { "line": 81, "column": 8 }, "end": { "line": 81, "column": 13 } },
				"loc": { "start": { "line": 81, "column": 51 }, "end": { "line": 85, "column": 2 } }
			},
			"7": {
				"name": "(anonymous_7)",
				"decl": { "start": { "line": 87, "column": 8 }, "end": { "line": 87, "column": 13 } },
				"loc": { "start": { "line": 90, "column": 25 }, "end": { "line": 101, "column": 2 } }
			},
			"8": {
				"name": "(anonymous_8)",
				"decl": { "start": { "line": 103, "column": 8 }, "end": { "line": 103, "column": 13 } },
				"loc": { "start": { "line": 103, "column": 67 }, "end": { "line": 106, "column": 2 } }
			},
			"9": {
				"name": "(anonymous_9)",
				"decl": { "start": { "line": 108, "column": 8 }, "end": { "line": 108, "column": 13 } },
				"loc": { "start": { "line": 111, "column": 31 }, "end": { "line": 119, "column": 2 } }
			},
			"10": {
				"name": "(anonymous_10)",
				"decl": { "start": { "line": 121, "column": 8 }, "end": { "line": 121, "column": 13 } },
				"loc": { "start": { "line": 123, "column": 18 }, "end": { "line": 132, "column": 2 } }
			},
			"11": {
				"name": "(anonymous_11)",
				"decl": { "start": { "line": 134, "column": 8 }, "end": { "line": 134, "column": 13 } },
				"loc": { "start": { "line": 137, "column": 19 }, "end": { "line": 147, "column": 2 } }
			},
			"12": {
				"name": "(anonymous_12)",
				"decl": { "start": { "line": 149, "column": 8 }, "end": { "line": 149, "column": 13 } },
				"loc": { "start": { "line": 152, "column": 16 }, "end": { "line": 157, "column": 2 } }
			},
			"13": {
				"name": "(anonymous_13)",
				"decl": { "start": { "line": 159, "column": 8 }, "end": { "line": 159, "column": 13 } },
				"loc": { "start": { "line": 162, "column": 16 }, "end": { "line": 167, "column": 2 } }
			},
			"14": {
				"name": "(anonymous_14)",
				"decl": { "start": { "line": 169, "column": 8 }, "end": { "line": 169, "column": 18 } },
				"loc": { "start": { "line": 169, "column": 33 }, "end": { "line": 174, "column": 2 } }
			},
			"15": {
				"name": "(anonymous_15)",
				"decl": { "start": { "line": 176, "column": 8 }, "end": { "line": 176, "column": 27 } },
				"loc": { "start": { "line": 176, "column": 42 }, "end": { "line": 178, "column": 2 } }
			},
			"16": {
				"name": "(anonymous_16)",
				"decl": { "start": { "line": 180, "column": 8 }, "end": { "line": 180, "column": 24 } },
				"loc": { "start": { "line": 180, "column": 47 }, "end": { "line": 184, "column": 2 } }
			},
			"17": {
				"name": "(anonymous_17)",
				"decl": { "start": { "line": 186, "column": 8 }, "end": { "line": 186, "column": 13 } },
				"loc": { "start": { "line": 189, "column": 16 }, "end": { "line": 227, "column": 2 } }
			},
			"18": {
				"name": "(anonymous_18)",
				"decl": { "start": { "line": 229, "column": 8 }, "end": { "line": 229, "column": 13 } },
				"loc": { "start": { "line": 232, "column": 18 }, "end": { "line": 267, "column": 2 } }
			},
			"19": {
				"name": "(anonymous_19)",
				"decl": { "start": { "line": 269, "column": 8 }, "end": { "line": 269, "column": 13 } },
				"loc": { "start": { "line": 269, "column": 62 }, "end": { "line": 277, "column": 2 } }
			},
			"20": {
				"name": "(anonymous_20)",
				"decl": { "start": { "line": 273, "column": 21 }, "end": { "line": 273, "column": 27 } },
				"loc": { "start": { "line": 273, "column": 30 }, "end": { "line": 275, "column": 3 } }
			},
			"21": {
				"name": "(anonymous_21)",
				"decl": { "start": { "line": 279, "column": 8 }, "end": { "line": 279, "column": 13 } },
				"loc": { "start": { "line": 281, "column": 16 }, "end": { "line": 291, "column": 2 } }
			},
			"22": {
				"name": "(anonymous_22)",
				"decl": { "start": { "line": 285, "column": 19 }, "end": { "line": 285, "column": 25 } },
				"loc": { "start": { "line": 285, "column": 28 }, "end": { "line": 289, "column": 3 } }
			}
		},
		"branchMap": {
			"0": {
				"loc": { "start": { "line": 51, "column": 2 }, "end": { "line": 55, "column": null } },
				"type": "if",
				"locations": [
					{ "start": { "line": 51, "column": 2 }, "end": { "line": 55, "column": null } }
				]
			},
			"1": {
				"loc": { "start": { "line": 51, "column": 6 }, "end": { "line": 51, "column": 19 } },
				"type": "cond-expr",
				"locations": [
					{ "start": { "line": 51, "column": 11 }, "end": { "line": 51, "column": 13 } },
					{ "start": { "line": 51, "column": 6 }, "end": { "line": 51, "column": 19 } }
				]
			},
			"2": {
				"loc": { "start": { "line": 51, "column": 6 }, "end": { "line": 51, "column": 13 } },
				"type": "binary-expr",
				"locations": [
					{ "start": { "line": 51, "column": 6 }, "end": { "line": 51, "column": 13 } },
					{ "start": { "line": 51, "column": 6 }, "end": { "line": 51, "column": 13 } }
				]
			},
			"3": {
				"loc": { "start": { "line": 62, "column": 2 }, "end": { "line": 67, "column": null } },
				"type": "if",
				"locations": [
					{ "start": { "line": 62, "column": 2 }, "end": { "line": 67, "column": null } }
				]
			},
			"4": {
				"loc": { "start": { "line": 62, "column": 6 }, "end": { "line": 62, "column": 49 } },
				"type": "binary-expr",
				"locations": [
					{ "start": { "line": 62, "column": 6 }, "end": { "line": 62, "column": 24 } },
					{ "start": { "line": 62, "column": 28 }, "end": { "line": 62, "column": 49 } }
				]
			},
			"5": {
				"loc": { "start": { "line": 74, "column": 3 }, "end": { "line": 76, "column": null } },
				"type": "if",
				"locations": [
					{ "start": { "line": 74, "column": 3 }, "end": { "line": 76, "column": null } }
				]
			},
			"6": {
				"loc": { "start": { "line": 93, "column": 2 }, "end": { "line": 95, "column": null } },
				"type": "if",
				"locations": [
					{ "start": { "line": 93, "column": 2 }, "end": { "line": 95, "column": null } }
				]
			},
			"7": {
				"loc": { "start": { "line": 97, "column": 2 }, "end": { "line": 99, "column": null } },
				"type": "if",
				"locations": [
					{ "start": { "line": 97, "column": 2 }, "end": { "line": 99, "column": null } }
				]
			},
			"8": {
				"loc": { "start": { "line": 113, "column": 2 }, "end": { "line": 115, "column": null } },
				"type": "if",
				"locations": [
					{ "start": { "line": 113, "column": 2 }, "end": { "line": 115, "column": null } }
				]
			},
			"9": {
				"loc": { "start": { "line": 127, "column": 2 }, "end": { "line": 131, "column": null } },
				"type": "if",
				"locations": [
					{ "start": { "line": 127, "column": 2 }, "end": { "line": 131, "column": null } },
					{ "start": { "line": 129, "column": 9 }, "end": { "line": 131, "column": null } }
				]
			},
			"10": {
				"loc": { "start": { "line": 142, "column": 2 }, "end": { "line": 146, "column": null } },
				"type": "if",
				"locations": [
					{ "start": { "line": 142, "column": 2 }, "end": { "line": 146, "column": null } },
					{ "start": { "line": 144, "column": 9 }, "end": { "line": 146, "column": null } }
				]
			},
			"11": {
				"loc": { "start": { "line": 197, "column": 2 }, "end": { "line": 206, "column": null } },
				"type": "if",
				"locations": [
					{ "start": { "line": 197, "column": 2 }, "end": { "line": 206, "column": null } }
				]
			},
			"12": {
				"loc": { "start": { "line": 207, "column": 2 }, "end": { "line": 216, "column": null } },
				"type": "if",
				"locations": [
					{ "start": { "line": 207, "column": 2 }, "end": { "line": 216, "column": null } }
				]
			},
			"13": {
				"loc": { "start": { "line": 237, "column": 2 }, "end": { "line": 239, "column": null } },
				"type": "if",
				"locations": [
					{ "start": { "line": 237, "column": 2 }, "end": { "line": 239, "column": null } }
				]
			},
			"14": {
				"loc": { "start": { "line": 240, "column": 2 }, "end": { "line": 242, "column": null } },
				"type": "if",
				"locations": [
					{ "start": { "line": 240, "column": 2 }, "end": { "line": 242, "column": null } }
				]
			},
			"15": {
				"loc": { "start": { "line": 259, "column": 3 }, "end": { "line": 263, "column": null } },
				"type": "if",
				"locations": [
					{ "start": { "line": 259, "column": 3 }, "end": { "line": 263, "column": null } },
					{ "start": { "line": 261, "column": 10 }, "end": { "line": 263, "column": null } }
				]
			},
			"16": {
				"loc": { "start": { "line": 259, "column": 7 }, "end": { "line": 259, "column": 54 } },
				"type": "binary-expr",
				"locations": [
					{ "start": { "line": 259, "column": 7 }, "end": { "line": 259, "column": 31 } },
					{ "start": { "line": 259, "column": 35 }, "end": { "line": 259, "column": 54 } }
				]
			},
			"17": {
				"loc": { "start": { "line": 261, "column": 10 }, "end": { "line": 263, "column": null } },
				"type": "if",
				"locations": [
					{ "start": { "line": 261, "column": 10 }, "end": { "line": 263, "column": null } }
				]
			},
			"18": {
				"loc": { "start": { "line": 261, "column": 14 }, "end": { "line": 261, "column": 61 } },
				"type": "binary-expr",
				"locations": [
					{ "start": { "line": 261, "column": 14 }, "end": { "line": 261, "column": 38 } },
					{ "start": { "line": 261, "column": 42 }, "end": { "line": 261, "column": 61 } }
				]
			},
			"19": {
				"loc": { "start": { "line": 286, "column": 3 }, "end": { "line": 288, "column": null } },
				"type": "if",
				"locations": [
					{ "start": { "line": 286, "column": 3 }, "end": { "line": 288, "column": null } }
				]
			}
		},
		"s": {
			"0": 12,
			"1": 12,
			"2": 12,
			"3": 12,
			"4": 12,
			"5": 12,
			"6": 12,
			"7": 12,
			"8": 12,
			"9": 15,
			"10": 15,
			"11": 15,
			"12": 15,
			"13": 15,
			"14": 62,
			"15": 15,
			"16": 1,
			"17": 1,
			"18": 1,
			"19": 1,
			"20": 4,
			"21": 4,
			"22": 1,
			"23": 1,
			"24": 1,
			"25": 1,
			"26": 1,
			"27": 1,
			"28": 36,
			"29": 36,
			"30": 35,
			"31": 1,
			"32": 1,
			"33": 0,
			"34": 1,
			"35": 1,
			"36": 0,
			"37": 1,
			"38": 5,
			"39": 5,
			"40": 1,
			"41": 0,
			"42": 1,
			"43": 1,
			"44": 1,
			"45": 6,
			"46": 6,
			"47": 6,
			"48": 0,
			"49": 6,
			"50": 6,
			"51": 6,
			"52": 6,
			"53": 6,
			"54": 0,
			"55": 6,
			"56": 6,
			"57": 6,
			"58": 6,
			"59": 7,
			"60": 7,
			"61": 7,
			"62": 6,
			"63": 6,
			"64": 6,
			"65": 7,
			"66": 1,
			"67": 1,
			"68": 1,
			"69": 1,
			"70": 1,
			"71": 1,
			"72": 1,
			"73": 1,
			"74": 1,
			"75": 1,
			"76": 1,
			"77": 0,
			"78": 0,
			"79": 0,
			"80": 0,
			"81": 0,
			"82": 0,
			"83": 1,
			"84": 1,
			"85": 1,
			"86": 0,
			"87": 1,
			"88": 0,
			"89": 1,
			"90": 1,
			"91": 3,
			"92": 3,
			"93": 3,
			"94": 3,
			"95": 2,
			"96": 1,
			"97": 1,
			"98": 3,
			"99": 1,
			"100": 2,
			"101": 2,
			"102": 2,
			"103": 2,
			"104": 10,
			"105": 2,
			"106": 1,
			"107": 1,
			"108": 1,
			"109": 5,
			"110": 2,
			"111": 1,
			"112": 12
		},
		"f": {
			"0": 15,
			"1": 62,
			"2": 1,
			"3": 4,
			"4": 1,
			"5": 1,
			"6": 36,
			"7": 1,
			"8": 5,
			"9": 1,
			"10": 6,
			"11": 6,
			"12": 6,
			"13": 7,
			"14": 6,
			"15": 7,
			"16": 1,
			"17": 1,
			"18": 1,
			"19": 2,
			"20": 10,
			"21": 1,
			"22": 5
		},
		"b": {
			"0": [15],
			"1": [0, 15],
			"2": [15, 15],
			"3": [1],
			"4": [1, 1],
			"5": [1],
			"6": [0],
			"7": [0],
			"8": [0],
			"9": [0, 6],
			"10": [0, 6],
			"11": [1],
			"12": [0],
			"13": [0],
			"14": [0],
			"15": [2, 1],
			"16": [3, 2],
			"17": [1],
			"18": [1, 1],
			"19": [2]
		}
	},
	"/root/lisk-dex-core/src/app/modules/dex/method.ts": {
		"path": "/root/lisk-dex-core/src/app/modules/dex/method.ts",
		"statementMap": {
			"0": { "start": { "line": 15, "column": 0 }, "end": { "line": 15, "column": 38 } },
			"1": { "start": { "line": 17, "column": 0 }, "end": { "line": 17, "column": 13 } }
		},
		"fnMap": {},
		"branchMap": {},
		"s": { "0": 12, "1": 12 },
		"f": {},
		"b": {}
	},
	"/root/lisk-dex-core/src/app/modules/dex/module.ts": {
		"path": "/root/lisk-dex-core/src/app/modules/dex/module.ts",
		"statementMap": {
			"0": { "start": { "line": 15, "column": 0 }, "end": { "line": 15, "column": 92 } },
			"1": { "start": { "line": 17, "column": 0 }, "end": { "line": 17, "column": 59 } },
			"2": { "start": { "line": 19, "column": 0 }, "end": { "line": 19, "column": 41 } },
			"3": { "start": { "line": 22, "column": 0 }, "end": { "line": 22, "column": null } },
			"4": { "start": { "line": 33, "column": 0 }, "end": { "line": 33, "column": 58 } },
			"5": { "start": { "line": 34, "column": 0 }, "end": { "line": 34, "column": 86 } },
			"6": { "start": { "line": 35, "column": 0 }, "end": { "line": 35, "column": 37 } },
			"7": { "start": { "line": 36, "column": 0 }, "end": { "line": 36, "column": 62 } },
			"8": { "start": { "line": 37, "column": 0 }, "end": { "line": 37, "column": 66 } },
			"9": { "start": { "line": 39, "column": 0 }, "end": { "line": 39, "column": 60 } },
			"10": { "start": { "line": 40, "column": 0 }, "end": { "line": 40, "column": 76 } },
			"11": { "start": { "line": 41, "column": 0 }, "end": { "line": 41, "column": 64 } },
			"12": { "start": { "line": 42, "column": 0 }, "end": { "line": 42, "column": 68 } },
			"13": { "start": { "line": 43, "column": 0 }, "end": { "line": 43, "column": null } },
			"14": { "start": { "line": 78, "column": 0 }, "end": { "line": 78, "column": 48 } },
			"15": { "start": { "line": 79, "column": 0 }, "end": { "line": 79, "column": 54 } },
			"16": { "start": { "line": 80, "column": 0 }, "end": { "line": 80, "column": 79 } },
			"17": { "start": { "line": 81, "column": 0 }, "end": { "line": 81, "column": 55 } },
			"18": { "start": { "line": 82, "column": 0 }, "end": { "line": 82, "column": 63 } },
			"19": { "start": { "line": 83, "column": 0 }, "end": { "line": 83, "column": 65 } },
			"20": { "start": { "line": 84, "column": 0 }, "end": { "line": 84, "column": 61 } },
			"21": { "start": { "line": 85, "column": 0 }, "end": { "line": 85, "column": 79 } },
			"22": { "start": { "line": 86, "column": 0 }, "end": { "line": 86, "column": 62 } },
			"23": { "start": { "line": 119, "column": 2 }, "end": { "line": 119, "column": 10 } },
			"24": { "start": { "line": 89, "column": 8 }, "end": { "line": 89, "column": 27 } },
			"25": { "start": { "line": 90, "column": 8 }, "end": { "line": 90, "column": 69 } },
			"26": { "start": { "line": 91, "column": 8 }, "end": { "line": 91, "column": 57 } },
			"27": { "start": { "line": 96, "column": 18 }, "end": { "line": 96, "column": 87 } },
			"28": { "start": { "line": 97, "column": 18 }, "end": { "line": 97, "column": 91 } },
			"29": { "start": { "line": 98, "column": 18 }, "end": { "line": 98, "column": 95 } },
			"30": { "start": { "line": 99, "column": 18 }, "end": { "line": 99, "column": 88 } },
			"31": { "start": { "line": 100, "column": 18 }, "end": { "line": 100, "column": 97 } },
			"32": { "start": { "line": 101, "column": 18 }, "end": { "line": 104, "column": 3 } },
			"33": { "start": { "line": 105, "column": 18 }, "end": { "line": 105, "column": 91 } },
			"34": { "start": { "line": 108, "column": 8 }, "end": { "line": 116, "column": 3 } },
			"35": { "start": { "line": 120, "column": 2 }, "end": { "line": 120, "column": 70 } },
			"36": { "start": { "line": 121, "column": 2 }, "end": { "line": 121, "column": 62 } },
			"37": { "start": { "line": 122, "column": 2 }, "end": { "line": 122, "column": 70 } },
			"38": { "start": { "line": 123, "column": 2 }, "end": { "line": 123, "column": 72 } },
			"39": { "start": { "line": 124, "column": 2 }, "end": { "line": 124, "column": 68 } },
			"40": { "start": { "line": 125, "column": 2 }, "end": { "line": 125, "column": 74 } },
			"41": { "start": { "line": 126, "column": 2 }, "end": { "line": 126, "column": 88 } },
			"42": { "start": { "line": 127, "column": 2 }, "end": { "line": 127, "column": 82 } },
			"43": { "start": { "line": 128, "column": 2 }, "end": { "line": 128, "column": 96 } },
			"44": { "start": { "line": 129, "column": 2 }, "end": { "line": 129, "column": 82 } },
			"45": { "start": { "line": 130, "column": 2 }, "end": { "line": 130, "column": 92 } },
			"46": { "start": { "line": 131, "column": 2 }, "end": { "line": 131, "column": 80 } },
			"47": { "start": { "line": 132, "column": 2 }, "end": { "line": 132, "column": 98 } },
			"48": { "start": { "line": 133, "column": 2 }, "end": { "line": 133, "column": 82 } },
			"49": { "start": { "line": 134, "column": 2 }, "end": { "line": 134, "column": 94 } },
			"50": { "start": { "line": 135, "column": 2 }, "end": { "line": 135, "column": 72 } },
			"51": { "start": { "line": 136, "column": 2 }, "end": { "line": 136, "column": 66 } },
			"52": { "start": { "line": 140, "column": 2 }, "end": { "line": 250, "column": 4 } },
			"53": { "start": { "line": 240, "column": 43 }, "end": { "line": 244, "column": 5 } },
			"54": { "start": { "line": 245, "column": 42 }, "end": { "line": 248, "column": 5 } },
			"55": { "start": { "line": 254, "column": 2 }, "end": { "line": 254, "column": 34 } },
			"56": { "start": { "line": 255, "column": 2 }, "end": { "line": 255, "column": 44 } },
			"57": { "start": { "line": 260, "column": 27 }, "end": { "line": 260, "column": 31 } },
			"58": { "start": { "line": 261, "column": 2 }, "end": { "line": 261, "column": 96 } },
			"59": { "start": { "line": 263, "column": 2 }, "end": { "line": 266, "column": 5 } },
			"60": { "start": { "line": 267, "column": 2 }, "end": { "line": 269, "column": 5 } },
			"61": { "start": { "line": 271, "column": 2 }, "end": { "line": 273, "column": 5 } },
			"62": { "start": { "line": 275, "column": 2 }, "end": { "line": 277, "column": 5 } },
			"63": { "start": { "line": 279, "column": 2 }, "end": { "line": 281, "column": 5 } },
			"64": { "start": { "line": 283, "column": 2 }, "end": { "line": 285, "column": 5 } },
			"65": { "start": { "line": 286, "column": 2 }, "end": { "line": 288, "column": 5 } },
			"66": { "start": { "line": 88, "column": 0 }, "end": { "line": 88, "column": 13 } }
		},
		"fnMap": {
			"0": {
				"name": "(anonymous_0)",
				"decl": { "start": { "line": 118, "column": 1 }, "end": { "line": 118, "column": null } },
				"loc": { "start": { "line": 118, "column": 1 }, "end": { "line": 137, "column": 2 } }
			},
			"1": {
				"name": "(anonymous_1)",
				"decl": { "start": { "line": 139, "column": 8 }, "end": { "line": 139, "column": 16 } },
				"loc": { "start": { "line": 139, "column": 16 }, "end": { "line": 251, "column": 2 } }
			},
			"2": {
				"name": "(anonymous_2)",
				"decl": { "start": { "line": 240, "column": 31 }, "end": { "line": 240, "column": 38 } },
				"loc": { "start": { "line": 240, "column": 43 }, "end": { "line": 244, "column": 5 } }
			},
			"3": {
				"name": "(anonymous_3)",
				"decl": { "start": { "line": 245, "column": 36 }, "end": { "line": 245, "column": 37 } },
				"loc": { "start": { "line": 245, "column": 42 }, "end": { "line": 248, "column": 5 } }
			},
			"4": {
				"name": "(anonymous_4)",
				"decl": { "start": { "line": 253, "column": 8 }, "end": { "line": 253, "column": 23 } },
				"loc": { "start": { "line": 253, "column": 84 }, "end": { "line": 256, "column": 2 } }
			},
			"5": {
				"name": "(anonymous_5)",
				"decl": { "start": { "line": 259, "column": 8 }, "end": { "line": 259, "column": 13 } },
				"loc": { "start": { "line": 259, "column": 39 }, "end": { "line": 289, "column": 2 } }
			}
		},
		"branchMap": {},
		"s": {
			"0": 12,
			"1": 12,
			"2": 12,
			"3": 12,
			"4": 12,
			"5": 12,
			"6": 12,
			"7": 12,
			"8": 12,
			"9": 12,
			"10": 12,
			"11": 12,
			"12": 12,
			"13": 12,
			"14": 12,
			"15": 12,
			"16": 12,
			"17": 12,
			"18": 12,
			"19": 12,
			"20": 12,
			"21": 12,
			"22": 12,
			"23": 10049,
			"24": 10049,
			"25": 10049,
			"26": 10049,
			"27": 10049,
			"28": 10049,
			"29": 10049,
			"30": 10049,
			"31": 10049,
			"32": 10049,
			"33": 10049,
			"34": 10049,
			"35": 10049,
			"36": 10049,
			"37": 10049,
			"38": 10049,
			"39": 10049,
			"40": 10049,
			"41": 10049,
			"42": 10049,
			"43": 10049,
			"44": 10049,
			"45": 10049,
			"46": 10049,
			"47": 10049,
			"48": 10049,
			"49": 10049,
			"50": 10049,
			"51": 10049,
			"52": 0,
			"53": 0,
			"54": 0,
			"55": 10003,
			"56": 10003,
			"57": 2,
			"58": 2,
			"59": 2,
			"60": 2,
			"61": 2,
			"62": 2,
			"63": 2,
			"64": 2,
			"65": 2,
			"66": 12
		},
		"f": { "0": 10049, "1": 0, "2": 0, "3": 0, "4": 10003, "5": 2 },
		"b": {}
	},
	"/root/lisk-dex-core/src/app/modules/dex/schemas.ts": {
		"path": "/root/lisk-dex-core/src/app/modules/dex/schemas.ts",
		"statementMap": {
			"0": { "start": { "line": 15, "column": 0 }, "end": { "line": 15, "column": null } },
			"1": { "start": { "line": 22, "column": 0 }, "end": { "line": 22, "column": 38 } },
			"2": { "start": { "line": 24, "column": 13 }, "end": { "line": 66, "column": 2 } },
			"3": { "start": { "line": 68, "column": 13 }, "end": { "line": 271, "column": 2 } },
			"4": { "start": { "line": 273, "column": 13 }, "end": { "line": 329, "column": 2 } },
			"5": { "start": { "line": 331, "column": 13 }, "end": { "line": 378, "column": 2 } },
			"6": { "start": { "line": 380, "column": 13 }, "end": { "line": 400, "column": 2 } },
			"7": { "start": { "line": 402, "column": 13 }, "end": { "line": 428, "column": 2 } },
			"8": { "start": { "line": 430, "column": 13 }, "end": { "line": 467, "column": 2 } },
			"9": { "start": { "line": 469, "column": 13 }, "end": { "line": 476, "column": 2 } },
			"10": { "start": { "line": 478, "column": 13 }, "end": { "line": 485, "column": 2 } },
			"11": { "start": { "line": 487, "column": 13 }, "end": { "line": 497, "column": 2 } },
			"12": { "start": { "line": 499, "column": 13 }, "end": { "line": 519, "column": 2 } },
			"13": { "start": { "line": 521, "column": 13 }, "end": { "line": 545, "column": 2 } },
			"14": { "start": { "line": 547, "column": 13 }, "end": { "line": 567, "column": 2 } },
			"15": { "start": { "line": 569, "column": 13 }, "end": { "line": 583, "column": 2 } },
			"16": { "start": { "line": 585, "column": 13 }, "end": { "line": 599, "column": 2 } },
			"17": { "start": { "line": 601, "column": 13 }, "end": { "line": 619, "column": 2 } },
			"18": { "start": { "line": 621, "column": 13 }, "end": { "line": 631, "column": 2 } },
			"19": { "start": { "line": 633, "column": 13 }, "end": { "line": 643, "column": 2 } },
			"20": { "start": { "line": 645, "column": 13 }, "end": { "line": 655, "column": 2 } },
			"21": { "start": { "line": 657, "column": 13 }, "end": { "line": 685, "column": 2 } },
			"22": { "start": { "line": 687, "column": 13 }, "end": { "line": 697, "column": 2 } },
			"23": { "start": { "line": 699, "column": 13 }, "end": { "line": 723, "column": 2 } },
			"24": { "start": { "line": 725, "column": 13 }, "end": { "line": 735, "column": 2 } },
			"25": { "start": { "line": 737, "column": 13 }, "end": { "line": 755, "column": 2 } },
			"26": { "start": { "line": 757, "column": 13 }, "end": { "line": 767, "column": 2 } },
			"27": { "start": { "line": 769, "column": 13 }, "end": { "line": 779, "column": 2 } },
			"28": { "start": { "line": 781, "column": 13 }, "end": { "line": 791, "column": 2 } },
			"29": { "start": { "line": 793, "column": 13 }, "end": { "line": 803, "column": 2 } },
			"30": { "start": { "line": 805, "column": 13 }, "end": { "line": 815, "column": 2 } },
			"31": { "start": { "line": 817, "column": 13 }, "end": { "line": 827, "column": 2 } },
			"32": { "start": { "line": 829, "column": 13 }, "end": { "line": 839, "column": 2 } },
			"33": { "start": { "line": 841, "column": 13 }, "end": { "line": 851, "column": 2 } },
			"34": { "start": { "line": 853, "column": 13 }, "end": { "line": 863, "column": 2 } },
			"35": { "start": { "line": 865, "column": 13 }, "end": { "line": 875, "column": 2 } },
			"36": { "start": { "line": 877, "column": 13 }, "end": { "line": 887, "column": 2 } },
			"37": { "start": { "line": 889, "column": 13 }, "end": { "line": 911, "column": 2 } },
			"38": { "start": { "line": 913, "column": 13 }, "end": { "line": 923, "column": 2 } },
			"39": { "start": { "line": 925, "column": 13 }, "end": { "line": 947, "column": 2 } },
			"40": { "start": { "line": 949, "column": 13 }, "end": { "line": 959, "column": 2 } },
			"41": { "start": { "line": 961, "column": 13 }, "end": { "line": 975, "column": 2 } },
			"42": { "start": { "line": 977, "column": 13 }, "end": { "line": 997, "column": 2 } },
			"43": { "start": { "line": 999, "column": 13 }, "end": { "line": 1017, "column": 2 } },
			"44": { "start": { "line": 1019, "column": 13 }, "end": { "line": 1039, "column": 2 } },
			"45": { "start": { "line": 1041, "column": 13 }, "end": { "line": 1081, "column": 2 } },
			"46": { "start": { "line": 1083, "column": 13 }, "end": { "line": 1123, "column": 2 } },
			"47": { "start": { "line": 1125, "column": 13 }, "end": { "line": 1167, "column": 2 } }
		},
		"fnMap": {},
		"branchMap": {},
		"s": {
			"0": 13,
			"1": 13,
			"2": 13,
			"3": 13,
			"4": 13,
			"5": 13,
			"6": 13,
			"7": 13,
			"8": 13,
			"9": 13,
			"10": 13,
			"11": 13,
			"12": 13,
			"13": 13,
			"14": 13,
			"15": 13,
			"16": 13,
			"17": 13,
			"18": 13,
			"19": 13,
			"20": 13,
			"21": 13,
			"22": 13,
			"23": 13,
			"24": 13,
			"25": 13,
			"26": 13,
			"27": 13,
			"28": 13,
			"29": 13,
			"30": 13,
			"31": 13,
			"32": 13,
			"33": 13,
			"34": 13,
			"35": 13,
			"36": 13,
			"37": 13,
			"38": 13,
			"39": 13,
			"40": 13,
			"41": 13,
			"42": 13,
			"43": 13,
			"44": 13,
			"45": 13,
			"46": 13,
			"47": 13
		},
		"f": {},
		"b": {}
	},
	"/root/lisk-dex-core/src/app/modules/dex/commands/addLiquidity.ts": {
		"path": "/root/lisk-dex-core/src/app/modules/dex/commands/addLiquidity.ts",
		"statementMap": {
			"0": { "start": { "line": 17, "column": 0 }, "end": { "line": 17, "column": null } },
			"1": { "start": { "line": 25, "column": 0 }, "end": { "line": 25, "column": 51 } },
			"2": { "start": { "line": 27, "column": 0 }, "end": { "line": 27, "column": 56 } },
			"3": { "start": { "line": 28, "column": 0 }, "end": { "line": 28, "column": 70 } },
			"4": { "start": { "line": 30, "column": 0 }, "end": { "line": 30, "column": 48 } },
			"5": { "start": { "line": 31, "column": 0 }, "end": { "line": 31, "column": 55 } },
			"6": { "start": { "line": 33, "column": 0 }, "end": { "line": 33, "column": null } },
			"7": { "start": { "line": 41, "column": 0 }, "end": { "line": 41, "column": 44 } },
			"8": { "start": { "line": 42, "column": 0 }, "end": { "line": 42, "column": 52 } },
			"9": { "start": { "line": 45, "column": 8 }, "end": { "line": 45, "column": 38 } },
			"10": { "start": { "line": 46, "column": 8 }, "end": { "line": 46, "column": 36 } },
			"11": { "start": { "line": 50, "column": 2 }, "end": { "line": 50, "column": 34 } },
			"12": { "start": { "line": 57, "column": 2 }, "end": { "line": 64, "column": null } },
			"13": { "start": { "line": 58, "column": 3 }, "end": { "line": 58, "column": 54 } },
			"14": { "start": { "line": 60, "column": 3 }, "end": { "line": 63, "column": 5 } },
			"15": { "start": { "line": 66, "column": 69 }, "end": { "line": 66, "column": 79 } },
			"16": { "start": { "line": 74, "column": 2 }, "end": { "line": 79, "column": null } },
			"17": { "start": { "line": 75, "column": 3 }, "end": { "line": 78, "column": 5 } },
			"18": { "start": { "line": 81, "column": 2 }, "end": { "line": 83, "column": 4 } },
			"19": { "start": { "line": 87, "column": 28 }, "end": { "line": 87, "column": 43 } },
			"20": { "start": { "line": 88, "column": 81 }, "end": { "line": 88, "column": 91 } },
			"21": { "start": { "line": 89, "column": 24 }, "end": { "line": 89, "column": 46 } },
			"22": { "start": { "line": 91, "column": 2 }, "end": { "line": 97, "column": 4 } },
			"23": { "start": { "line": 99, "column": 17 }, "end": { "line": 99, "column": 52 } },
			"24": { "start": { "line": 100, "column": 21 }, "end": { "line": 100, "column": 48 } },
			"25": { "start": { "line": 101, "column": 25 }, "end": { "line": 101, "column": 56 } },
			"26": { "start": { "line": 102, "column": 15 }, "end": { "line": 102, "column": 58 } },
			"27": { "start": { "line": 103, "column": 27 }, "end": { "line": 103, "column": 41 } },
			"28": { "start": { "line": 104, "column": 23 }, "end": { "line": 104, "column": 74 } },
			"29": { "start": { "line": 106, "column": 29 }, "end": { "line": 106, "column": 64 } },
			"30": { "start": { "line": 107, "column": 29 }, "end": { "line": 107, "column": 64 } },
			"31": { "start": { "line": 109, "column": 19 }, "end": { "line": 109, "column": 38 } },
			"32": { "start": { "line": 110, "column": 19 }, "end": { "line": 110, "column": 38 } },
			"33": { "start": { "line": 112, "column": 20 }, "end": { "line": 117, "column": null } },
			"34": { "start": { "line": 119, "column": 29 }, "end": { "line": 125, "column": null } },
			"35": { "start": { "line": 128, "column": 2 }, "end": { "line": 144, "column": null } },
			"36": { "start": { "line": 129, "column": 3 }, "end": { "line": 142, "column": 5 } },
			"37": { "start": { "line": 143, "column": 3 }, "end": { "line": 143, "column": 21 } },
			"38": { "start": { "line": 146, "column": 2 }, "end": { "line": 148, "column": null } },
			"39": { "start": { "line": 147, "column": 3 }, "end": { "line": 147, "column": 21 } },
			"40": { "start": { "line": 150, "column": 2 }, "end": { "line": 161, "column": 4 } },
			"41": { "start": { "line": 44, "column": 0 }, "end": { "line": 44, "column": 13 } }
		},
		"fnMap": {
			"0": {
				"name": "(anonymous_0)",
				"decl": { "start": { "line": 44, "column": 0 }, "end": { "line": 44, "column": 13 } },
				"loc": { "start": { "line": 44, "column": 0 }, "end": { "line": 163, "column": 1 } }
			},
			"1": {
				"name": "(anonymous_1)",
				"decl": { "start": { "line": 49, "column": 8 }, "end": { "line": 49, "column": 12 } },
				"loc": { "start": { "line": 49, "column": 28 }, "end": { "line": 51, "column": 2 } }
			},
			"2": {
				"name": "(anonymous_2)",
				"decl": { "start": { "line": 54, "column": 8 }, "end": { "line": 54, "column": 13 } },
				"loc": { "start": { "line": 55, "column": 51 }, "end": { "line": 84, "column": 2 } }
			},
			"3": {
				"name": "(anonymous_3)",
				"decl": { "start": { "line": 86, "column": 8 }, "end": { "line": 86, "column": 13 } },
				"loc": { "start": { "line": 86, "column": 72 }, "end": { "line": 162, "column": 2 } }
			}
		},
		"branchMap": {
			"0": {
				"loc": { "start": { "line": 74, "column": 2 }, "end": { "line": 79, "column": null } },
				"type": "if",
				"locations": [
					{ "start": { "line": 74, "column": 2 }, "end": { "line": 79, "column": null } }
				]
			},
			"1": {
				"loc": { "start": { "line": 74, "column": 6 }, "end": { "line": 74, "column": 64 } },
				"type": "binary-expr",
				"locations": [
					{ "start": { "line": 74, "column": 6 }, "end": { "line": 74, "column": 33 } },
					{ "start": { "line": 74, "column": 37 }, "end": { "line": 74, "column": 64 } }
				]
			},
			"2": {
				"loc": { "start": { "line": 128, "column": 2 }, "end": { "line": 144, "column": null } },
				"type": "if",
				"locations": [
					{ "start": { "line": 128, "column": 2 }, "end": { "line": 144, "column": null } }
				]
			},
			"3": {
				"loc": { "start": { "line": 128, "column": 6 }, "end": { "line": 128, "column": 50 } },
				"type": "binary-expr",
				"locations": [
					{ "start": { "line": 128, "column": 6 }, "end": { "line": 128, "column": 26 } },
					{ "start": { "line": 128, "column": 30 }, "end": { "line": 128, "column": 50 } }
				]
			},
			"4": {
				"loc": { "start": { "line": 146, "column": 2 }, "end": { "line": 148, "column": null } },
				"type": "if",
				"locations": [
					{ "start": { "line": 146, "column": 2 }, "end": { "line": 148, "column": null } }
				]
			},
			"5": {
				"loc": { "start": { "line": 146, "column": 6 }, "end": { "line": 146, "column": 58 } },
				"type": "binary-expr",
				"locations": [
					{ "start": { "line": 146, "column": 6 }, "end": { "line": 146, "column": 30 } },
					{ "start": { "line": 146, "column": 34 }, "end": { "line": 146, "column": 58 } }
				]
			}
		},
		"s": {
			"0": 12,
			"1": 12,
			"2": 12,
			"3": 12,
			"4": 12,
			"5": 12,
			"6": 12,
			"7": 12,
			"8": 12,
			"9": 10049,
			"10": 10049,
			"11": 10005,
			"12": 2,
			"13": 2,
			"14": 0,
			"15": 2,
			"16": 2,
			"17": 1,
			"18": 1,
			"19": 10001,
			"20": 10001,
			"21": 10001,
			"22": 10001,
			"23": 10001,
			"24": 10001,
			"25": 10001,
			"26": 10001,
			"27": 10001,
			"28": 10001,
			"29": 10001,
			"30": 10001,
			"31": 10001,
			"32": 10001,
			"33": 10001,
			"34": 10001,
			"35": 10001,
			"36": 0,
			"37": 0,
			"38": 10001,
			"39": 0,
			"40": 10001,
			"41": 12
		},
		"f": { "0": 10049, "1": 10005, "2": 2, "3": 10001 },
		"b": { "0": [1], "1": [2, 1], "2": [0], "3": [10001, 10001], "4": [0], "5": [10001, 10001] }
	},
	"/root/lisk-dex-core/src/app/modules/dex/commands/collectFees.ts": {
		"path": "/root/lisk-dex-core/src/app/modules/dex/commands/collectFees.ts",
		"statementMap": {
			"0": { "start": { "line": 15, "column": 0 }, "end": { "line": 15, "column": null } },
			"1": { "start": { "line": 23, "column": 0 }, "end": { "line": 23, "column": 51 } },
			"2": { "start": { "line": 24, "column": 0 }, "end": { "line": 24, "column": 47 } },
			"3": { "start": { "line": 25, "column": 0 }, "end": { "line": 25, "column": null } },
			"4": { "start": { "line": 29, "column": 0 }, "end": { "line": 29, "column": 89 } },
			"5": { "start": { "line": 33, "column": 8 }, "end": { "line": 33, "column": 37 } },
			"6": { "start": { "line": 34, "column": 8 }, "end": { "line": 34, "column": 35 } },
			"7": { "start": { "line": 40, "column": 2 }, "end": { "line": 40, "column": 34 } },
			"8": { "start": { "line": 47, "column": 2 }, "end": { "line": 54, "column": null } },
			"9": { "start": { "line": 48, "column": 3 }, "end": { "line": 48, "column": 53 } },
			"10": { "start": { "line": 50, "column": 3 }, "end": { "line": 53, "column": 5 } },
			"11": { "start": { "line": 55, "column": 24 }, "end": { "line": 55, "column": 34 } },
			"12": { "start": { "line": 57, "column": 2 }, "end": { "line": 62, "column": null } },
			"13": { "start": { "line": 58, "column": 3 }, "end": { "line": 61, "column": 5 } },
			"14": { "start": { "line": 64, "column": 2 }, "end": { "line": 66, "column": 4 } },
			"15": { "start": { "line": 70, "column": 24 }, "end": { "line": 70, "column": 55 } },
			"16": { "start": { "line": 72, "column": 24 }, "end": { "line": 72, "column": 34 } },
			"17": { "start": { "line": 74, "column": 24 }, "end": { "line": 74, "column": 46 } },
			"18": { "start": { "line": 76, "column": 2 }, "end": { "line": 91, "column": null } },
			"19": { "start": { "line": 77, "column": 3 }, "end": { "line": 83, "column": 5 } },
			"20": { "start": { "line": 84, "column": 3 }, "end": { "line": 90, "column": 5 } },
			"21": { "start": { "line": 32, "column": 0 }, "end": { "line": 32, "column": 13 } }
		},
		"fnMap": {
			"0": {
				"name": "(anonymous_0)",
				"decl": { "start": { "line": 32, "column": 0 }, "end": { "line": 32, "column": 13 } },
				"loc": { "start": { "line": 32, "column": 0 }, "end": { "line": 93, "column": 1 } }
			},
			"1": {
				"name": "(anonymous_1)",
				"decl": { "start": { "line": 38, "column": 8 }, "end": { "line": 38, "column": 12 } },
				"loc": { "start": { "line": 38, "column": 28 }, "end": { "line": 41, "column": 2 } }
			},
			"2": {
				"name": "(anonymous_2)",
				"decl": { "start": { "line": 44, "column": 8 }, "end": { "line": 44, "column": 13 } },
				"loc": { "start": { "line": 45, "column": 49 }, "end": { "line": 67, "column": 2 } }
			},
			"3": {
				"name": "(anonymous_3)",
				"decl": { "start": { "line": 69, "column": 8 }, "end": { "line": 69, "column": 13 } },
				"loc": { "start": { "line": 69, "column": 70 }, "end": { "line": 92, "column": 2 } }
			}
		},
		"branchMap": {
			"0": {
				"loc": { "start": { "line": 57, "column": 2 }, "end": { "line": 62, "column": null } },
				"type": "if",
				"locations": [
					{ "start": { "line": 57, "column": 2 }, "end": { "line": 62, "column": null } }
				]
			}
		},
		"s": {
			"0": 12,
			"1": 12,
			"2": 12,
			"3": 12,
			"4": 12,
			"5": 20052,
			"6": 20052,
			"7": 10005,
			"8": 2,
			"9": 2,
			"10": 0,
			"11": 2,
			"12": 2,
			"13": 1,
			"14": 1,
			"15": 10001,
			"16": 10001,
			"17": 10001,
			"18": 10001,
			"19": 10001,
			"20": 10001,
			"21": 12
		},
		"f": { "0": 20052, "1": 10005, "2": 2, "3": 10001 },
		"b": { "0": [1] }
	},
	"/root/lisk-dex-core/src/app/modules/dex/commands/createPool.ts": {
		"path": "/root/lisk-dex-core/src/app/modules/dex/commands/createPool.ts",
		"statementMap": {
			"0": { "start": { "line": 17, "column": 0 }, "end": { "line": 17, "column": null } },
			"1": { "start": { "line": 25, "column": 0 }, "end": { "line": 25, "column": 51 } },
			"2": { "start": { "line": 27, "column": 0 }, "end": { "line": 27, "column": null } },
			"3": { "start": { "line": 35, "column": 0 }, "end": { "line": 35, "column": 91 } },
			"4": { "start": { "line": 36, "column": 0 }, "end": { "line": 36, "column": 65 } },
			"5": { "start": { "line": 37, "column": 0 }, "end": { "line": 37, "column": 79 } },
			"6": { "start": { "line": 39, "column": 0 }, "end": { "line": 39, "column": 46 } },
			"7": { "start": { "line": 40, "column": 0 }, "end": { "line": 40, "column": 54 } },
			"8": { "start": { "line": 42, "column": 0 }, "end": { "line": 42, "column": null } },
			"9": { "start": { "line": 49, "column": 0 }, "end": { "line": 49, "column": 44 } },
			"10": { "start": { "line": 51, "column": 29 }, "end": { "line": 55, "column": 1 } },
			"11": { "start": { "line": 52, "column": 23 }, "end": { "line": 52, "column": 38 } },
			"12": { "start": { "line": 53, "column": 1 }, "end": { "line": 53, "column": 37 } },
			"13": { "start": { "line": 54, "column": 1 }, "end": { "line": 54, "column": 59 } },
			"14": { "start": { "line": 51, "column": 13 }, "end": { "line": 51, "column": 29 } },
			"15": { "start": { "line": 57, "column": 8 }, "end": { "line": 57, "column": 34 } },
			"16": { "start": { "line": 62, "column": 2 }, "end": { "line": 62, "column": 36 } },
			"17": { "start": { "line": 63, "column": 2 }, "end": { "line": 63, "column": 34 } },
			"18": { "start": { "line": 69, "column": 2 }, "end": { "line": 76, "column": null } },
			"19": { "start": { "line": 70, "column": 3 }, "end": { "line": 70, "column": 52 } },
			"20": { "start": { "line": 72, "column": 3 }, "end": { "line": 75, "column": 5 } },
			"21": { "start": { "line": 78, "column": 77 }, "end": { "line": 78, "column": 87 } },
			"22": { "start": { "line": 80, "column": 2 }, "end": { "line": 85, "column": null } },
			"23": { "start": { "line": 81, "column": 3 }, "end": { "line": 84, "column": 5 } },
			"24": { "start": { "line": 87, "column": 2 }, "end": { "line": 95, "column": null } },
			"25": { "start": { "line": 91, "column": 3 }, "end": { "line": 94, "column": 5 } },
			"26": { "start": { "line": 97, "column": 2 }, "end": { "line": 108, "column": null } },
			"27": { "start": { "line": 104, "column": 3 }, "end": { "line": 107, "column": 5 } },
			"28": { "start": { "line": 116, "column": 17 }, "end": { "line": 116, "column": 59 } },
			"29": { "start": { "line": 117, "column": 20 }, "end": { "line": 117, "column": 47 } },
			"30": { "start": { "line": 118, "column": 31 }, "end": { "line": 118, "column": 82 } },
			"31": { "start": { "line": 120, "column": 2 }, "end": { "line": 125, "column": null } },
			"32": { "start": { "line": 121, "column": 3 }, "end": { "line": 124, "column": 5 } },
			"33": { "start": { "line": 127, "column": 2 }, "end": { "line": 129, "column": 4 } },
			"34": { "start": { "line": 133, "column": 28 }, "end": { "line": 133, "column": 43 } },
			"35": { "start": { "line": 134, "column": 59 }, "end": { "line": 134, "column": 69 } },
			"36": { "start": { "line": 135, "column": 24 }, "end": { "line": 135, "column": 27 } },
			"37": { "start": { "line": 136, "column": 27 }, "end": { "line": 136, "column": 67 } },
			"38": { "start": { "line": 137, "column": 17 }, "end": { "line": 144, "column": null } },
			"39": { "start": { "line": 147, "column": 2 }, "end": { "line": 161, "column": null } },
			"40": { "start": { "line": 148, "column": 3 }, "end": { "line": 159, "column": 5 } },
			"41": { "start": { "line": 160, "column": 3 }, "end": { "line": 160, "column": 64 } },
			"42": { "start": { "line": 163, "column": 17 }, "end": { "line": 163, "column": 59 } },
			"43": { "start": { "line": 164, "column": 2 }, "end": { "line": 174, "column": 4 } },
			"44": { "start": { "line": 176, "column": 47 }, "end": { "line": 182, "column": null } },
			"45": { "start": { "line": 184, "column": 2 }, "end": { "line": 199, "column": null } },
			"46": { "start": { "line": 185, "column": 3 }, "end": { "line": 196, "column": 5 } },
			"47": { "start": { "line": 198, "column": 3 }, "end": { "line": 198, "column": 84 } },
			"48": { "start": { "line": 201, "column": 29 }, "end": { "line": 201, "column": 67 } },
			"49": { "start": { "line": 202, "column": 29 }, "end": { "line": 202, "column": 67 } },
			"50": { "start": { "line": 203, "column": 20 }, "end": { "line": 208, "column": null } },
			"51": { "start": { "line": 210, "column": 29 }, "end": { "line": 216, "column": null } },
			"52": { "start": { "line": 219, "column": 2 }, "end": { "line": 235, "column": null } },
			"53": { "start": { "line": 220, "column": 3 }, "end": { "line": 233, "column": 5 } },
			"54": { "start": { "line": 234, "column": 3 }, "end": { "line": 234, "column": 76 } },
			"55": { "start": { "line": 237, "column": 2 }, "end": { "line": 239, "column": null } },
			"56": { "start": { "line": 238, "column": 3 }, "end": { "line": 238, "column": 78 } },
			"57": { "start": { "line": 241, "column": 2 }, "end": { "line": 248, "column": 4 } },
			"58": { "start": { "line": 250, "column": 2 }, "end": { "line": 263, "column": 4 } },
			"59": { "start": { "line": 56, "column": 0 }, "end": { "line": 56, "column": 13 } }
		},
		"fnMap": {
			"0": {
				"name": "(anonymous_0)",
				"decl": { "start": { "line": 51, "column": 29 }, "end": { "line": 51, "column": 30 } },
				"loc": { "start": { "line": 51, "column": 95 }, "end": { "line": 55, "column": 1 } }
			},
			"1": {
				"name": "(anonymous_1)",
				"decl": { "start": { "line": 56, "column": 0 }, "end": { "line": 56, "column": 13 } },
				"loc": { "start": { "line": 56, "column": 0 }, "end": { "line": 265, "column": 1 } }
			},
			"2": {
				"name": "(anonymous_2)",
				"decl": { "start": { "line": 61, "column": 8 }, "end": { "line": 61, "column": 12 } },
				"loc": { "start": { "line": 61, "column": 42 }, "end": { "line": 64, "column": 2 } }
			},
			"3": {
				"name": "(anonymous_3)",
				"decl": { "start": { "line": 66, "column": 8 }, "end": { "line": 66, "column": 13 } },
				"loc": { "start": { "line": 67, "column": 49 }, "end": { "line": 130, "column": 2 } }
			},
			"4": {
				"name": "(anonymous_4)",
				"decl": { "start": { "line": 132, "column": 8 }, "end": { "line": 132, "column": 13 } },
				"loc": { "start": { "line": 132, "column": 70 }, "end": { "line": 264, "column": 2 } }
			}
		},
		"branchMap": {
			"0": {
				"loc": { "start": { "line": 80, "column": 2 }, "end": { "line": 85, "column": null } },
				"type": "if",
				"locations": [
					{ "start": { "line": 80, "column": 2 }, "end": { "line": 85, "column": null } }
				]
			},
			"1": {
				"loc": { "start": { "line": 87, "column": 2 }, "end": { "line": 95, "column": null } },
				"type": "if",
				"locations": [
					{ "start": { "line": 87, "column": 2 }, "end": { "line": 95, "column": null } }
				]
			},
			"2": {
				"loc": { "start": { "line": 88, "column": 3 }, "end": { "line": 89, "column": 47 } },
				"type": "binary-expr",
				"locations": [
					{ "start": { "line": 88, "column": 3 }, "end": { "line": 88, "column": 47 } },
					{ "start": { "line": 89, "column": 3 }, "end": { "line": 89, "column": 47 } }
				]
			},
			"3": {
				"loc": { "start": { "line": 97, "column": 2 }, "end": { "line": 108, "column": null } },
				"type": "if",
				"locations": [
					{ "start": { "line": 97, "column": 2 }, "end": { "line": 108, "column": null } }
				]
			},
			"4": {
				"loc": { "start": { "line": 98, "column": 3 }, "end": { "line": 102, "column": 39 } },
				"type": "binary-expr",
				"locations": [
					{ "start": { "line": 98, "column": 3 }, "end": { "line": 98, "column": 39 } },
					{ "start": { "line": 99, "column": 3 }, "end": { "line": 99, "column": 47 } },
					{ "start": { "line": 100, "column": 3 }, "end": { "line": 100, "column": 47 } },
					{ "start": { "line": 101, "column": 3 }, "end": { "line": 101, "column": 57 } },
					{ "start": { "line": 102, "column": 3 }, "end": { "line": 102, "column": 39 } }
				]
			},
			"5": {
				"loc": { "start": { "line": 120, "column": 2 }, "end": { "line": 125, "column": null } },
				"type": "if",
				"locations": [
					{ "start": { "line": 120, "column": 2 }, "end": { "line": 125, "column": null } }
				]
			},
			"6": {
				"loc": { "start": { "line": 147, "column": 2 }, "end": { "line": 161, "column": null } },
				"type": "if",
				"locations": [
					{ "start": { "line": 147, "column": 2 }, "end": { "line": 161, "column": null } }
				]
			},
			"7": {
				"loc": { "start": { "line": 184, "column": 2 }, "end": { "line": 199, "column": null } },
				"type": "if",
				"locations": [
					{ "start": { "line": 184, "column": 2 }, "end": { "line": 199, "column": null } }
				]
			},
			"8": {
				"loc": { "start": { "line": 219, "column": 2 }, "end": { "line": 235, "column": null } },
				"type": "if",
				"locations": [
					{ "start": { "line": 219, "column": 2 }, "end": { "line": 235, "column": null } }
				]
			},
			"9": {
				"loc": { "start": { "line": 219, "column": 6 }, "end": { "line": 219, "column": 52 } },
				"type": "binary-expr",
				"locations": [
					{ "start": { "line": 219, "column": 6 }, "end": { "line": 219, "column": 27 } },
					{ "start": { "line": 219, "column": 31 }, "end": { "line": 219, "column": 52 } }
				]
			},
			"10": {
				"loc": { "start": { "line": 237, "column": 2 }, "end": { "line": 239, "column": null } },
				"type": "if",
				"locations": [
					{ "start": { "line": 237, "column": 2 }, "end": { "line": 239, "column": null } }
				]
			},
			"11": {
				"loc": { "start": { "line": 237, "column": 6 }, "end": { "line": 237, "column": 90 } },
				"type": "binary-expr",
				"locations": [
					{ "start": { "line": 237, "column": 6 }, "end": { "line": 237, "column": 46 } },
					{ "start": { "line": 237, "column": 50 }, "end": { "line": 237, "column": 90 } }
				]
			}
		},
		"s": {
			"0": 12,
			"1": 12,
			"2": 12,
			"3": 12,
			"4": 12,
			"5": 12,
			"6": 12,
			"7": 12,
			"8": 12,
			"9": 12,
			"10": 12,
			"11": 0,
			"12": 0,
			"13": 0,
			"14": 12,
			"15": 10049,
			"16": 2,
			"17": 2,
			"18": 0,
			"19": 0,
			"20": 0,
			"21": 0,
			"22": 0,
			"23": 0,
			"24": 0,
			"25": 0,
			"26": 0,
			"27": 0,
			"28": 0,
			"29": 0,
			"30": 0,
			"31": 0,
			"32": 0,
			"33": 0,
			"34": 0,
			"35": 0,
			"36": 0,
			"37": 0,
			"38": 0,
			"39": 0,
			"40": 0,
			"41": 0,
			"42": 0,
			"43": 0,
			"44": 0,
			"45": 0,
			"46": 0,
			"47": 0,
			"48": 0,
			"49": 0,
			"50": 0,
			"51": 0,
			"52": 0,
			"53": 0,
			"54": 0,
			"55": 0,
			"56": 0,
			"57": 0,
			"58": 0,
			"59": 12
		},
		"f": { "0": 0, "1": 10049, "2": 2, "3": 0, "4": 0 },
		"b": {
			"0": [0],
			"1": [0],
			"2": [0, 0],
			"3": [0],
			"4": [0, 0, 0, 0, 0],
			"5": [0],
			"6": [0],
			"7": [0],
			"8": [0],
			"9": [0, 0],
			"10": [0],
			"11": [0, 0]
		}
	},
	"/root/lisk-dex-core/src/app/modules/dex/commands/createPosition.ts": {
		"path": "/root/lisk-dex-core/src/app/modules/dex/commands/createPosition.ts",
		"statementMap": {
			"0": { "start": { "line": 17, "column": 0 }, "end": { "line": 17, "column": null } },
			"1": { "start": { "line": 25, "column": 0 }, "end": { "line": 25, "column": 51 } },
			"2": { "start": { "line": 27, "column": 0 }, "end": { "line": 27, "column": null } },
			"3": { "start": { "line": 34, "column": 0 }, "end": { "line": 34, "column": 48 } },
			"4": { "start": { "line": 35, "column": 0 }, "end": { "line": 35, "column": 65 } },
			"5": { "start": { "line": 36, "column": 0 }, "end": { "line": 36, "column": 79 } },
			"6": { "start": { "line": 38, "column": 0 }, "end": { "line": 38, "column": 50 } },
			"7": { "start": { "line": 39, "column": 0 }, "end": { "line": 39, "column": 39 } },
			"8": { "start": { "line": 41, "column": 0 }, "end": { "line": 41, "column": null } },
			"9": { "start": { "line": 49, "column": 0 }, "end": { "line": 49, "column": 44 } },
			"10": { "start": { "line": 50, "column": 0 }, "end": { "line": 50, "column": 52 } },
			"11": { "start": { "line": 53, "column": 8 }, "end": { "line": 53, "column": 40 } },
			"12": { "start": { "line": 54, "column": 8 }, "end": { "line": 54, "column": 38 } },
			"13": { "start": { "line": 58, "column": 2 }, "end": { "line": 58, "column": 34 } },
			"14": { "start": { "line": 65, "column": 2 }, "end": { "line": 72, "column": null } },
			"15": { "start": { "line": 66, "column": 3 }, "end": { "line": 66, "column": 56 } },
			"16": { "start": { "line": 68, "column": 3 }, "end": { "line": 71, "column": 5 } },
			"17": { "start": { "line": 81, "column": 6 }, "end": { "line": 81, "column": 16 } },
			"18": { "start": { "line": 83, "column": 2 }, "end": { "line": 88, "column": null } },
			"19": { "start": { "line": 84, "column": 3 }, "end": { "line": 87, "column": 5 } },
			"20": { "start": { "line": 90, "column": 2 }, "end": { "line": 95, "column": null } },
			"21": { "start": { "line": 91, "column": 3 }, "end": { "line": 94, "column": 5 } },
			"22": { "start": { "line": 103, "column": 2 }, "end": { "line": 105, "column": 4 } },
			"23": { "start": { "line": 109, "column": 28 }, "end": { "line": 109, "column": 43 } },
			"24": { "start": { "line": 118, "column": 6 }, "end": { "line": 118, "column": 16 } },
			"25": { "start": { "line": 119, "column": 24 }, "end": { "line": 119, "column": 46 } },
			"26": { "start": { "line": 121, "column": 47 }, "end": { "line": 127, "column": null } },
			"27": { "start": { "line": 130, "column": 2 }, "end": { "line": 144, "column": null } },
			"28": { "start": { "line": 131, "column": 3 }, "end": { "line": 142, "column": 5 } },
			"29": { "start": { "line": 143, "column": 3 }, "end": { "line": 143, "column": 21 } },
			"30": { "start": { "line": 146, "column": 21 }, "end": { "line": 146, "column": 48 } },
			"31": { "start": { "line": 147, "column": 15 }, "end": { "line": 147, "column": 58 } },
			"32": { "start": { "line": 148, "column": 27 }, "end": { "line": 148, "column": 41 } },
			"33": { "start": { "line": 150, "column": 29 }, "end": { "line": 150, "column": 51 } },
			"34": { "start": { "line": 151, "column": 29 }, "end": { "line": 151, "column": 51 } },
			"35": { "start": { "line": 152, "column": 20 }, "end": { "line": 157, "column": null } },
			"36": { "start": { "line": 160, "column": 29 }, "end": { "line": 166, "column": null } },
			"37": { "start": { "line": 169, "column": 19 }, "end": { "line": 169, "column": 38 } },
			"38": { "start": { "line": 170, "column": 19 }, "end": { "line": 170, "column": 38 } },
			"39": { "start": { "line": 172, "column": 2 }, "end": { "line": 188, "column": null } },
			"40": { "start": { "line": 173, "column": 3 }, "end": { "line": 186, "column": 5 } },
			"41": { "start": { "line": 187, "column": 3 }, "end": { "line": 187, "column": 21 } },
			"42": { "start": { "line": 190, "column": 2 }, "end": { "line": 192, "column": null } },
			"43": { "start": { "line": 191, "column": 3 }, "end": { "line": 191, "column": 21 } },
			"44": { "start": { "line": 194, "column": 2 }, "end": { "line": 199, "column": 4 } },
			"45": { "start": { "line": 201, "column": 2 }, "end": { "line": 214, "column": 4 } },
			"46": { "start": { "line": 52, "column": 0 }, "end": { "line": 52, "column": 13 } }
		},
		"fnMap": {
			"0": {
				"name": "(anonymous_0)",
				"decl": { "start": { "line": 52, "column": 0 }, "end": { "line": 52, "column": 13 } },
				"loc": { "start": { "line": 52, "column": 0 }, "end": { "line": 216, "column": 1 } }
			},
			"1": {
				"name": "(anonymous_1)",
				"decl": { "start": { "line": 57, "column": 8 }, "end": { "line": 57, "column": 12 } },
				"loc": { "start": { "line": 57, "column": 28 }, "end": { "line": 59, "column": 2 } }
			},
			"2": {
				"name": "(anonymous_2)",
				"decl": { "start": { "line": 62, "column": 8 }, "end": { "line": 62, "column": 13 } },
				"loc": { "start": { "line": 63, "column": 53 }, "end": { "line": 106, "column": 2 } }
			},
			"3": {
				"name": "(anonymous_3)",
				"decl": { "start": { "line": 108, "column": 8 }, "end": { "line": 108, "column": 13 } },
				"loc": { "start": { "line": 108, "column": 74 }, "end": { "line": 215, "column": 2 } }
			}
		},
		"branchMap": {
			"0": {
				"loc": { "start": { "line": 83, "column": 2 }, "end": { "line": 88, "column": null } },
				"type": "if",
				"locations": [
					{ "start": { "line": 83, "column": 2 }, "end": { "line": 88, "column": null } }
				]
			},
			"1": {
				"loc": { "start": { "line": 83, "column": 6 }, "end": { "line": 83, "column": 76 } },
				"type": "binary-expr",
				"locations": [
					{ "start": { "line": 83, "column": 6 }, "end": { "line": 83, "column": 26 } },
					{ "start": { "line": 83, "column": 30 }, "end": { "line": 83, "column": 52 } },
					{ "start": { "line": 83, "column": 56 }, "end": { "line": 83, "column": 76 } }
				]
			},
			"2": {
				"loc": { "start": { "line": 90, "column": 2 }, "end": { "line": 95, "column": null } },
				"type": "if",
				"locations": [
					{ "start": { "line": 90, "column": 2 }, "end": { "line": 95, "column": null } }
				]
			},
			"3": {
				"loc": { "start": { "line": 90, "column": 6 }, "end": { "line": 90, "column": 64 } },
				"type": "binary-expr",
				"locations": [
					{ "start": { "line": 90, "column": 6 }, "end": { "line": 90, "column": 33 } },
					{ "start": { "line": 90, "column": 37 }, "end": { "line": 90, "column": 64 } }
				]
			},
			"4": {
				"loc": { "start": { "line": 130, "column": 2 }, "end": { "line": 144, "column": null } },
				"type": "if",
				"locations": [
					{ "start": { "line": 130, "column": 2 }, "end": { "line": 144, "column": null } }
				]
			},
			"5": {
				"loc": { "start": { "line": 172, "column": 2 }, "end": { "line": 188, "column": null } },
				"type": "if",
				"locations": [
					{ "start": { "line": 172, "column": 2 }, "end": { "line": 188, "column": null } }
				]
			},
			"6": {
				"loc": { "start": { "line": 172, "column": 6 }, "end": { "line": 172, "column": 50 } },
				"type": "binary-expr",
				"locations": [
					{ "start": { "line": 172, "column": 6 }, "end": { "line": 172, "column": 26 } },
					{ "start": { "line": 172, "column": 30 }, "end": { "line": 172, "column": 50 } }
				]
			},
			"7": {
				"loc": { "start": { "line": 190, "column": 2 }, "end": { "line": 192, "column": null } },
				"type": "if",
				"locations": [
					{ "start": { "line": 190, "column": 2 }, "end": { "line": 192, "column": null } }
				]
			},
			"8": {
				"loc": { "start": { "line": 190, "column": 6 }, "end": { "line": 190, "column": 58 } },
				"type": "binary-expr",
				"locations": [
					{ "start": { "line": 190, "column": 6 }, "end": { "line": 190, "column": 30 } },
					{ "start": { "line": 190, "column": 34 }, "end": { "line": 190, "column": 58 } }
				]
			}
		},
		"s": {
			"0": 12,
			"1": 12,
			"2": 12,
			"3": 12,
			"4": 12,
			"5": 12,
			"6": 12,
			"7": 12,
			"8": 12,
			"9": 12,
			"10": 12,
			"11": 10049,
			"12": 10049,
			"13": 2,
			"14": 0,
			"15": 0,
			"16": 0,
			"17": 0,
			"18": 0,
			"19": 0,
			"20": 0,
			"21": 0,
			"22": 0,
			"23": 0,
			"24": 0,
			"25": 0,
			"26": 0,
			"27": 0,
			"28": 0,
			"29": 0,
			"30": 0,
			"31": 0,
			"32": 0,
			"33": 0,
			"34": 0,
			"35": 0,
			"36": 0,
			"37": 0,
			"38": 0,
			"39": 0,
			"40": 0,
			"41": 0,
			"42": 0,
			"43": 0,
			"44": 0,
			"45": 0,
			"46": 12
		},
		"f": { "0": 10049, "1": 2, "2": 0, "3": 0 },
		"b": {
			"0": [0],
			"1": [0, 0, 0],
			"2": [0],
			"3": [0, 0],
			"4": [0],
			"5": [0],
			"6": [0, 0],
			"7": [0],
			"8": [0, 0]
		}
	},
	"/root/lisk-dex-core/src/app/modules/dex/commands/removeLiquidity.ts": {
		"path": "/root/lisk-dex-core/src/app/modules/dex/commands/removeLiquidity.ts",
		"statementMap": {
			"0": { "start": { "line": 15, "column": 0 }, "end": { "line": 15, "column": null } },
			"1": { "start": { "line": 23, "column": 0 }, "end": { "line": 23, "column": 51 } },
			"2": { "start": { "line": 24, "column": 0 }, "end": { "line": 24, "column": 51 } },
			"3": { "start": { "line": 25, "column": 0 }, "end": { "line": 25, "column": null } },
			"4": { "start": { "line": 32, "column": 0 }, "end": { "line": 32, "column": 59 } },
			"5": { "start": { "line": 34, "column": 0 }, "end": { "line": 34, "column": 77 } },
			"6": { "start": { "line": 35, "column": 0 }, "end": { "line": 35, "column": 65 } },
			"7": { "start": { "line": 38, "column": 8 }, "end": { "line": 38, "column": 41 } },
			"8": { "start": { "line": 39, "column": 8 }, "end": { "line": 39, "column": 39 } },
			"9": { "start": { "line": 44, "column": 2 }, "end": { "line": 44, "column": 34 } },
			"10": { "start": { "line": 51, "column": 2 }, "end": { "line": 58, "column": null } },
			"11": { "start": { "line": 52, "column": 3 }, "end": { "line": 52, "column": 57 } },
			"12": { "start": { "line": 54, "column": 3 }, "end": { "line": 57, "column": 5 } },
			"13": { "start": { "line": 63, "column": 2 }, "end": { "line": 65, "column": 4 } },
			"14": { "start": { "line": 69, "column": 24 }, "end": { "line": 69, "column": 55 } },
			"15": { "start": { "line": 71, "column": 68 }, "end": { "line": 71, "column": 78 } },
			"16": { "start": { "line": 73, "column": 24 }, "end": { "line": 73, "column": 46 } },
			"17": { "start": { "line": 74, "column": 2 }, "end": { "line": 80, "column": 4 } },
			"18": { "start": { "line": 81, "column": 29 }, "end": { "line": 87, "column": null } },
			"19": { "start": { "line": 89, "column": 17 }, "end": { "line": 89, "column": 52 } },
			"20": { "start": { "line": 90, "column": 19 }, "end": { "line": 90, "column": 38 } },
			"21": { "start": { "line": 91, "column": 19 }, "end": { "line": 91, "column": 38 } },
			"22": { "start": { "line": 93, "column": 2 }, "end": { "line": 109, "column": null } },
			"23": { "start": { "line": 94, "column": 3 }, "end": { "line": 107, "column": 5 } },
			"24": { "start": { "line": 108, "column": 3 }, "end": { "line": 108, "column": 76 } },
			"25": { "start": { "line": 110, "column": 2 }, "end": { "line": 122, "column": 4 } },
			"26": { "start": { "line": 37, "column": 0 }, "end": { "line": 37, "column": 13 } }
		},
		"fnMap": {
			"0": {
				"name": "(anonymous_0)",
				"decl": { "start": { "line": 37, "column": 0 }, "end": { "line": 37, "column": 13 } },
				"loc": { "start": { "line": 37, "column": 0 }, "end": { "line": 124, "column": 1 } }
			},
			"1": {
				"name": "(anonymous_1)",
				"decl": { "start": { "line": 42, "column": 8 }, "end": { "line": 42, "column": 12 } },
				"loc": { "start": { "line": 42, "column": 28 }, "end": { "line": 45, "column": 2 } }
			},
			"2": {
				"name": "(anonymous_2)",
				"decl": { "start": { "line": 48, "column": 8 }, "end": { "line": 48, "column": 13 } },
				"loc": { "start": { "line": 49, "column": 54 }, "end": { "line": 66, "column": 2 } }
			},
			"3": {
				"name": "(anonymous_3)",
				"decl": { "start": { "line": 68, "column": 8 }, "end": { "line": 68, "column": 13 } },
[...]
				]
			},
			"9": {
				"loc": { "start": { "line": 64, "column": 17 }, "end": { "line": 64, "column": 35 } },
				"type": "binary-expr",
				"locations": [
					{ "start": { "line": 64, "column": 17 }, "end": { "line": 64, "column": 35 } },
					{ "start": { "line": 64, "column": 31 }, "end": { "line": 64, "column": 35 } }
				]
			},
			"10": {
				"loc": { "start": { "line": 71, "column": 10 }, "end": { "line": 71, "column": 54 } },
				"type": "cond-expr",
				"locations": [
					{ "start": { "line": 71, "column": 32 }, "end": { "line": 71, "column": 36 } },
					{ "start": { "line": 71, "column": 36 }, "end": { "line": 71, "column": 54 } }
				]
			},
			"11": {
				"loc": { "start": { "line": 71, "column": 10 }, "end": { "line": 71, "column": 36 } },
				"type": "binary-expr",
				"locations": [
					{ "start": { "line": 71, "column": 10 }, "end": { "line": 71, "column": 36 } },
					{ "start": { "line": 71, "column": 32 }, "end": { "line": 71, "column": 36 } }
				]
			},
			"12": {
				"loc": { "start": { "line": 71, "column": 10 }, "end": { "line": 71, "column": 32 } },
				"type": "cond-expr",
				"locations": [
					{ "start": { "line": 71, "column": 24 }, "end": { "line": 71, "column": 26 } },
					{ "start": { "line": 71, "column": 24 }, "end": { "line": 71, "column": 32 } }
				]
			},
			"13": {
				"loc": { "start": { "line": 71, "column": 10 }, "end": { "line": 71, "column": 26 } },
				"type": "binary-expr",
				"locations": [
					{ "start": { "line": 71, "column": 10 }, "end": { "line": 71, "column": 26 } },
					{ "start": { "line": 71, "column": 24 }, "end": { "line": 71, "column": 26 } }
				]
			}
		},
		"s": {
			"0": 3,
			"1": 3,
			"2": 3,
			"3": 3,
			"4": 3,
			"5": 3,
			"6": 3,
			"7": 3,
			"8": 3,
			"9": 3,
			"10": 3,
			"11": 3,
			"12": 3,
			"13": 3,
			"14": 3,
			"15": 3,
			"16": 38,
			"17": 0,
			"18": 0,
			"19": 3,
			"20": 3
		},
		"f": { "0": 3, "1": 3, "2": 38, "3": 0, "4": 0 },
		"b": {
			"0": [3, 0],
			"1": [3, 3],
			"2": [0, 3],
			"3": [3, 3],
			"4": [3, 0],
			"5": [3, 3],
			"6": [0, 3],
			"7": [3, 3],
			"8": [0, 3],
			"9": [3, 3],
			"10": [0, 3],
			"11": [3, 3],
			"12": [3, 0],
			"13": [3, 3]
		}
	},
	"/root/lisk-dex-core/test/context/methodContext.ts": {
		"path": "/root/lisk-dex-core/test/context/methodContext.ts",
		"statementMap": {
			"0": { "start": { "line": 26, "column": 44 }, "end": { "line": 31, "column": 2 } },
			"1": { "start": { "line": 28, "column": 30 }, "end": { "line": 31, "column": 2 } },
			"2": { "start": { "line": 30, "column": 2 }, "end": { "line": 30, "column": 57 } },
			"3": { "start": { "line": 26, "column": 13 }, "end": { "line": 26, "column": 44 } }
		},
		"fnMap": {
			"0": {
				"name": "(anonymous_0)",
				"decl": { "start": { "line": 26, "column": 44 }, "end": { "line": 26, "column": null } },
				"loc": { "start": { "line": 28, "column": 30 }, "end": { "line": 31, "column": 2 } }
			},
			"1": {
				"name": "(anonymous_1)",
				"decl": { "start": { "line": 29, "column": 11 }, "end": { "line": 29, "column": 12 } },
				"loc": { "start": { "line": 30, "column": 2 }, "end": { "line": 30, "column": 57 } }
			}
		},
		"branchMap": {},
		"s": { "0": 3, "1": 0, "2": 0, "3": 3 },
		"f": { "0": 0, "1": 0 },
		"b": {}
	},
	"/root/lisk-dex-core/test/mocks/loggerMock.ts": {
		"path": "/root/lisk-dex-core/test/mocks/loggerMock.ts",
		"statementMap": {
			"0": { "start": { "line": 19, "column": 13 }, "end": { "line": 27, "column": 2 } },
			"1": { "start": { "line": 26, "column": 22 }, "end": { "line": 26, "column": 23 } }
		},
		"fnMap": {
			"0": {
				"name": "(anonymous_0)",
				"decl": { "start": { "line": 20, "column": 8 }, "end": { "line": 20, "column": 9 } },
				"loc": { "start": { "line": 20, "column": 79 }, "end": { "line": 20, "column": 82 } }
			},
			"1": {
				"name": "(anonymous_1)",
				"decl": { "start": { "line": 21, "column": 8 }, "end": { "line": 21, "column": 9 } },
				"loc": { "start": { "line": 21, "column": 79 }, "end": { "line": 21, "column": 82 } }
			},
			"2": {
				"name": "(anonymous_2)",
				"decl": { "start": { "line": 22, "column": 7 }, "end": { "line": 22, "column": 8 } },
				"loc": { "start": { "line": 22, "column": 78 }, "end": { "line": 22, "column": 81 } }
			},
			"3": {
				"name": "(anonymous_3)",
				"decl": { "start": { "line": 23, "column": 7 }, "end": { "line": 23, "column": 8 } },
				"loc": { "start": { "line": 23, "column": 78 }, "end": { "line": 23, "column": 81 } }
			},
			"4": {
				"name": "(anonymous_4)",
				"decl": { "start": { "line": 24, "column": 8 }, "end": { "line": 24, "column": 9 } },
				"loc": { "start": { "line": 24, "column": 79 }, "end": { "line": 24, "column": 82 } }
			},
			"5": {
				"name": "(anonymous_5)",
				"decl": { "start": { "line": 25, "column": 8 }, "end": { "line": 25, "column": 9 } },
				"loc": { "start": { "line": 25, "column": 79 }, "end": { "line": 25, "column": 82 } }
			},
			"6": {
				"name": "(anonymous_6)",
				"decl": { "start": { "line": 26, "column": 8 }, "end": { "line": 26, "column": 19 } },
				"loc": { "start": { "line": 26, "column": 22 }, "end": { "line": 26, "column": 23 } }
			}
		},
		"branchMap": {},
		"s": { "0": 3, "1": 0 },
		"f": { "0": 0, "1": 0, "2": 0, "3": 0, "4": 0, "5": 0, "6": 0 },
		"b": {}
	},
	"/root/lisk-dex-core/test/stateMachine/prefixedStateReadWriter.ts": {
		"path": "/root/lisk-dex-core/test/stateMachine/prefixedStateReadWriter.ts",
		"statementMap": {
			"0": { "start": { "line": 19, "column": 0 }, "end": { "line": 19, "column": 51 } },
			"1": { "start": { "line": 47, "column": 2 }, "end": { "line": 47, "column": 29 } },
			"2": { "start": { "line": 48, "column": 2 }, "end": { "line": 48, "column": 43 } },
			"3": { "start": { "line": 52, "column": 2 }, "end": { "line": 52, "column": 26 } },
			"4": { "start": { "line": 56, "column": 21 }, "end": { "line": 56, "column": 73 } },
			"5": { "start": { "line": 58, "column": 2 }, "end": { "line": 58, "column": 67 } },
			"6": { "start": { "line": 62, "column": 22 }, "end": { "line": 62, "column": 39 } },
			"7": { "start": { "line": 63, "column": 2 }, "end": { "line": 63, "column": 43 } },
			"8": { "start": { "line": 67, "column": 16 }, "end": { "line": 67, "column": 35 } },
			"9": { "start": { "line": 68, "column": 2 }, "end": { "line": 68, "column": 40 } },
			"10": { "start": { "line": 72, "column": 2 }, "end": { "line": 72, "column": 49 } },
			"11": { "start": { "line": 76, "column": 2 }, "end": { "line": 76, "column": 56 } },
			"12": { "start": { "line": 85, "column": 23 }, "end": { "line": 85, "column": 50 } },
			"13": { "start": { "line": 86, "column": 2 }, "end": { "line": 86, "column": 36 } },
			"14": { "start": { "line": 90, "column": 2 }, "end": { "line": 90, "column": 48 } },
			"15": { "start": { "line": 94, "column": 25 }, "end": { "line": 98, "column": 4 } },
			"16": { "start": { "line": 99, "column": 17 }, "end": { "line": 99, "column": 61 } },
			"17": { "start": { "line": 100, "column": 2 }, "end": { "line": 103, "column": 6 } },
			"18": { "start": { "line": 100, "column": 27 }, "end": { "line": 103, "column": 4 } },
			"19": { "start": { "line": 110, "column": 25 }, "end": { "line": 114, "column": 4 } },
			"20": { "start": { "line": 115, "column": 17 }, "end": { "line": 115, "column": 61 } },
			"21": { "start": { "line": 116, "column": 2 }, "end": { "line": 119, "column": 6 } },
			"22": { "start": { "line": 116, "column": 27 }, "end": { "line": 119, "column": 4 } },
			"23": { "start": { "line": 123, "column": 2 }, "end": { "line": 123, "column": 37 } },
			"24": { "start": { "line": 127, "column": 2 }, "end": { "line": 127, "column": 47 } },
			"25": { "start": { "line": 131, "column": 2 }, "end": { "line": 131, "column": 44 } },
			"26": { "start": { "line": 42, "column": 0 }, "end": { "line": 42, "column": 13 } }
		},
		"fnMap": {
			"0": {
				"name": "(anonymous_0)",
				"decl": { "start": { "line": 46, "column": 1 }, "end": { "line": 46, "column": 20 } },
				"loc": { "start": { "line": 46, "column": 63 }, "end": { "line": 49, "column": 2 } }
			},
			"1": {
				"name": "(anonymous_1)",
				"decl": { "start": { "line": 51, "column": 1 }, "end": { "line": 51, "column": 12 } },
				"loc": { "start": { "line": 51, "column": 17 }, "end": { "line": 53, "column": 2 } }
			},
			"2": {
				"name": "(anonymous_2)",
				"decl": { "start": { "line": 55, "column": 8 }, "end": { "line": 55, "column": 16 } },
				"loc": { "start": { "line": 55, "column": 54 }, "end": { "line": 59, "column": 2 } }
			},
			"3": {
				"name": "(anonymous_3)",
				"decl": { "start": { "line": 61, "column": 8 }, "end": { "line": 61, "column": 13 } },
				"loc": { "start": { "line": 61, "column": 29 }, "end": { "line": 64, "column": 2 } }
			},
			"4": {
				"name": "(anonymous_4)",
				"decl": { "start": { "line": 66, "column": 8 }, "end": { "line": 66, "column": 13 } },
				"loc": { "start": { "line": 66, "column": 58 }, "end": { "line": 69, "column": 2 } }
			},
			"5": {
				"name": "(anonymous_5)",
				"decl": { "start": { "line": 71, "column": 8 }, "end": { "line": 71, "column": 13 } },
				"loc": { "start": { "line": 71, "column": 29 }, "end": { "line": 73, "column": 2 } }
			},
			"6": {
				"name": "(anonymous_6)",
				"decl": { "start": { "line": 75, "column": 8 }, "end": { "line": 75, "column": 13 } },
				"loc": { "start": { "line": 75, "column": 44 }, "end": { "line": 77, "column": 2 } }
			},
			"7": {
				"name": "(anonymous_7)",
				"decl": { "start": { "line": 79, "column": 8 }, "end": { "line": 79, "column": 13 } },
				"loc": { "start": { "line": 83, "column": 16 }, "end": { "line": 87, "column": 2 } }
			},
			"8": {
				"name": "(anonymous_8)",
				"decl": { "start": { "line": 89, "column": 8 }, "end": { "line": 89, "column": 13 } },
				"loc": { "start": { "line": 89, "column": 29 }, "end": { "line": 91, "column": 2 } }
			},
			"9": {
				"name": "(anonymous_9)",
				"decl": { "start": { "line": 93, "column": 8 }, "end": { "line": 93, "column": 13 } },
				"loc": { "start": { "line": 93, "column": 45 }, "end": { "line": 104, "column": 2 } }
			},
			"10": {
				"name": "(anonymous_10)",
				"decl": { "start": { "line": 100, "column": 20 }, "end": { "line": 100, "column": 22 } },
				"loc": { "start": { "line": 100, "column": 27 }, "end": { "line": 103, "column": 4 } }
			},
			"11": {
				"name": "(anonymous_11)",
				"decl": { "start": { "line": 106, "column": 8 }, "end": { "line": 106, "column": 13 } },
				"loc": { "start": { "line": 108, "column": 16 }, "end": { "line": 120, "column": 2 } }
			},
			"12": {
				"name": "(anonymous_12)",
				"decl": { "start": { "line": 116, "column": 20 }, "end": { "line": 116, "column": 22 } },
				"loc": { "start": { "line": 116, "column": 27 }, "end": { "line": 119, "column": 4 } }
			},
			"13": {
				"name": "(anonymous_13)",
				"decl": { "start": { "line": 122, "column": 8 }, "end": { "line": 122, "column": 22 } },
				"loc": { "start": { "line": 122, "column": 22 }, "end": { "line": 124, "column": 2 } }
			},
			"14": {
				"name": "(anonymous_14)",
				"decl": { "start": { "line": 126, "column": 8 }, "end": { "line": 126, "column": 23 } },
				"loc": { "start": { "line": 126, "column": 42 }, "end": { "line": 128, "column": 2 } }
			},
			"15": {
				"name": "(anonymous_15)",
				"decl": { "start": { "line": 130, "column": 9 }, "end": { "line": 130, "column": 16 } },
				"loc": { "start": { "line": 130, "column": 28 }, "end": { "line": 132, "column": 2 } }
			}
		},
		"branchMap": {
			"0": {
				"loc": { "start": { "line": 48, "column": 17 }, "end": { "line": 48, "column": 42 } },
				"type": "cond-expr",
				"locations": [
					{ "start": { "line": 48, "column": 17 }, "end": { "line": 48, "column": 23 } },
					{ "start": { "line": 48, "column": 27 }, "end": { "line": 48, "column": 42 } }
				]
			},
			"1": {
				"loc": { "start": { "line": 48, "column": 17 }, "end": { "line": 48, "column": 27 } },
				"type": "binary-expr",
				"locations": [
					{ "start": { "line": 48, "column": 17 }, "end": { "line": 48, "column": 27 } },
					{ "start": { "line": 48, "column": 17 }, "end": { "line": 48, "column": 27 } }
				]
			},
			"2": {
				"loc": { "start": { "line": 96, "column": 8 }, "end": { "line": 96, "column": 59 } },
				"type": "cond-expr",
				"locations": [
					{ "start": { "line": 96, "column": 22 }, "end": { "line": 96, "column": 47 } },
					{ "start": { "line": 96, "column": 50 }, "end": { "line": 96, "column": 59 } }
				]
			},
			"3": {
				"loc": { "start": { "line": 97, "column": 8 }, "end": { "line": 97, "column": 59 } },
				"type": "cond-expr",
				"locations": [
					{ "start": { "line": 97, "column": 22 }, "end": { "line": 97, "column": 47 } },
					{ "start": { "line": 97, "column": 50 }, "end": { "line": 97, "column": 59 } }
				]
			},
			"4": {
				"loc": { "start": { "line": 112, "column": 8 }, "end": { "line": 112, "column": 59 } },
				"type": "cond-expr",
				"locations": [
					{ "start": { "line": 112, "column": 22 }, "end": { "line": 112, "column": 47 } },
					{ "start": { "line": 112, "column": 50 }, "end": { "line": 112, "column": 59 } }
				]
			},
			"5": {
				"loc": { "start": { "line": 113, "column": 8 }, "end": { "line": 113, "column": 59 } },
				"type": "cond-expr",
				"locations": [
					{ "start": { "line": 113, "column": 22 }, "end": { "line": 113, "column": 47 } },
					{ "start": { "line": 113, "column": 50 }, "end": { "line": 113, "column": 59 } }
				]
			}
		},
		"s": {
			"0": 6,
			"1": 732,
			"2": 732,
			"3": 0,
			"4": 726,
			"5": 726,
			"6": 101,
			"7": 101,
			"8": 101,
			"9": 101,
			"10": 5,
			"11": 598,
			"12": 598,
			"13": 598,
			"14": 0,
			"15": 0,
			"16": 0,
			"17": 0,
			"18": 0,
			"19": 22,
			"20": 22,
			"21": 22,
			"22": 87,
			"23": 0,
			"24": 0,
			"25": 748,
			"26": 6
		},
		"f": {
			"0": 732,
			"1": 0,
			"2": 726,
			"3": 101,
			"4": 101,
			"5": 5,
			"6": 598,
			"7": 598,
			"8": 0,
			"9": 0,
			"10": 0,
			"11": 22,
			"12": 87,
			"13": 0,
			"14": 0,
			"15": 748
		},
		"b": { "0": [726, 6], "1": [732, 732], "2": [0, 0], "3": [0, 0], "4": [22, 0], "5": [22, 0] }
	},
	"/root/lisk-dex-core/test/unit/modules/dex/inMemoryPrefixedState.ts": {
		"path": "/root/lisk-dex-core/test/unit/modules/dex/inMemoryPrefixedState.ts",
		"statementMap": {
			"0": { "start": { "line": 16, "column": 0 }, "end": { "line": 16, "column": 67 } },
			"1": { "start": { "line": 24, "column": 2 }, "end": { "line": 24, "column": 36 } },
			"2": { "start": { "line": 28, "column": 2 }, "end": { "line": 28, "column": 27 } },
			"3": { "start": { "line": 32, "column": 2 }, "end": { "line": 32, "column": 27 } },
			"4": { "start": { "line": 36, "column": 2 }, "end": { "line": 36, "column": 34 } },
			"5": { "start": { "line": 40, "column": 2 }, "end": { "line": 40, "column": 27 } },
			"6": { "start": { "line": 44, "column": 17 }, "end": { "line": 44, "column": 42 } },
			"7": { "start": { "line": 46, "column": 16 }, "end": { "line": 58, "column": 4 } },
			"8": { "start": { "line": 47, "column": 52 }, "end": { "line": 47, "column": 54 } },
			"9": { "start": { "line": 48, "column": 3 }, "end": { "line": 57, "column": 7 } },
			"10": { "start": { "line": 50, "column": 5 }, "end": { "line": 50, "column": 33 } },
			"11": { "start": { "line": 53, "column": 5 }, "end": { "line": 53, "column": 19 } },
			"12": { "start": { "line": 56, "column": 5 }, "end": { "line": 56, "column": 21 } },
			"13": { "start": { "line": 60, "column": 2 }, "end": { "line": 60, "column": 15 } },
			"14": { "start": { "line": 65, "column": 2 }, "end": { "line": 65, "column": 11 } },
			"15": { "start": { "line": 18, "column": 0 }, "end": { "line": 18, "column": 13 } }
		},
		"fnMap": {
			"0": {
				"name": "(anonymous_0)",
				"decl": { "start": { "line": 23, "column": 1 }, "end": { "line": 23, "column": null } },
				"loc": { "start": { "line": 23, "column": 1 }, "end": { "line": 25, "column": 2 } }
			},
			"1": {
				"name": "(anonymous_1)",
				"decl": { "start": { "line": 27, "column": 8 }, "end": { "line": 27, "column": 13 } },
				"loc": { "start": { "line": 27, "column": 29 }, "end": { "line": 29, "column": 2 } }
			},
			"2": {
				"name": "(anonymous_2)",
				"decl": { "start": { "line": 31, "column": 8 }, "end": { "line": 31, "column": 13 } },
				"loc": { "start": { "line": 31, "column": 29 }, "end": { "line": 33, "column": 2 } }
			},
			"3": {
				"name": "(anonymous_3)",
				"decl": { "start": { "line": 35, "column": 8 }, "end": { "line": 35, "column": 13 } },
				"loc": { "start": { "line": 35, "column": 44 }, "end": { "line": 37, "column": 2 } }
			},
			"4": {
				"name": "(anonymous_4)",
				"decl": { "start": { "line": 39, "column": 8 }, "end": { "line": 39, "column": 13 } },
				"loc": { "start": { "line": 39, "column": 29 }, "end": { "line": 41, "column": 2 } }
			},
			"5": {
				"name": "(anonymous_5)",
				"decl": { "start": { "line": 43, "column": 8 }, "end": { "line": 43, "column": 13 } },
				"loc": { "start": { "line": 43, "column": 44 }, "end": { "line": 61, "column": 2 } }
			},
			"6": {
				"name": "(anonymous_6)",
				"decl": { "start": { "line": 46, "column": 68 }, "end": { "line": 46, "column": 69 } },
				"loc": { "start": { "line": 46, "column": 88 }, "end": { "line": 58, "column": 3 } }
			},
			"7": {
				"name": "(anonymous_7)",
				"decl": { "start": { "line": 49, "column": 16 }, "end": { "line": 49, "column": 17 } },
				"loc": { "start": { "line": 49, "column": 67 }, "end": { "line": 51, "column": 5 } }
			},
			"8": {
				"name": "(anonymous_8)",
				"decl": { "start": { "line": 52, "column": 17 }, "end": { "line": 52, "column": 22 } },
				"loc": { "start": { "line": 52, "column": 25 }, "end": { "line": 54, "column": 5 } }
			},
			"9": {
				"name": "(anonymous_9)",
				"decl": { "start": { "line": 55, "column": 15 }, "end": { "line": 55, "column": 18 } },
				"loc": { "start": { "line": 55, "column": 20 }, "end": { "line": 57, "column": 5 } }
			},
			"10": {
				"name": "(anonymous_10)",
				"decl": { "start": { "line": 64, "column": 8 }, "end": { "line": 64, "column": 16 } },
				"loc": { "start": { "line": 64, "column": 16 }, "end": { "line": 66, "column": 2 } }
			},
			"11": {
				"name": "(anonymous_11)",
				"decl": { "start": { "line": 69, "column": 8 }, "end": { "line": 69, "column": 23 } },
				"loc": { "start": { "line": 69, "column": 23 }, "end": { "line": 69, "column": 34 } }
			}
		},
		"branchMap": {},
		"s": {
			"0": 6,
			"1": 6,
			"2": 101,
			"3": 5,
			"4": 598,
			"5": 0,
			"6": 22,
			"7": 22,
			"8": 22,
			"9": 22,
			"10": 87,
			"11": 0,
			"12": 22,
			"13": 22,
			"14": 0,
			"15": 6
		},
		"f": {
			"0": 6,
			"1": 101,
			"2": 5,
			"3": 598,
			"4": 0,
			"5": 22,
			"6": 22,
			"7": 87,
			"8": 0,
			"9": 22,
			"10": 0,
			"11": 0
		},
		"b": {}
	},
	"/root/lisk-dex-core/test/unit/modules/dex/fixtures/addLiquidityFixture.ts": {
		"path": "/root/lisk-dex-core/test/unit/modules/dex/fixtures/addLiquidityFixture.ts",
		"statementMap": {
			"0": { "start": { "line": 15, "column": 0 }, "end": { "line": 15, "column": 47 } },
			"1": { "start": { "line": 17, "column": 0 }, "end": { "line": 17, "column": 80 } },
			"2": { "start": { "line": 20, "column": 18 }, "end": { "line": 20, "column": 30 } },
			"3": { "start": { "line": 22, "column": 24 }, "end": { "line": 22, "column": 86 } },
			"4": { "start": { "line": 23, "column": 18 }, "end": { "line": 23, "column": 42 } },
			"5": { "start": { "line": 24, "column": 19 }, "end": { "line": 24, "column": 51 } },
			"6": { "start": { "line": 26, "column": 31 }, "end": { "line": 33, "column": 2 } },
			"7": { "start": { "line": 35, "column": 21 }, "end": { "line": 42, "column": 2 } },
			"8": { "start": { "line": 43, "column": 13 }, "end": { "line": 66, "column": 2 } }
		},
		"fnMap": {},
		"branchMap": {},
		"s": { "0": 1, "1": 1, "2": 1, "3": 1, "4": 1, "5": 1, "6": 1, "7": 1, "8": 1 },
		"f": {},
		"b": {}
	}
}
